[ 2015-12-31T09:18:13+08:00 ] 127.0.0.1 /
INFO: [ app_init ] --START--
INFO: Run Behavior\BuildLiteBehavior [ RunTime:0.000000s ]
INFO: [ app_init ] --END-- [ RunTime:0.000000s ]
INFO: [ app_begin ] --START--
INFO: Run Behavior\ReadHtmlCacheBehavior [ RunTime:0.004001s ]
INFO: Run Common\Behavior\InitConfigBehavior [ RunTime:0.013000s ]
INFO: [ app_begin ] --END-- [ RunTime:0.017001s ]
INFO: [ action_begin ] --START--
INFO: Run Common\Behavior\InitHookBehavior [ RunTime:0.048003s ]
INFO: [ action_begin ] --END-- [ RunTime:0.048003s ]
INFO: [ view_parse ] --START--
INFO: [ template_filter ] --START--
INFO: Run Behavior\ContentReplaceBehavior [ RunTime:0.000000s ]
INFO: [ template_filter ] --END-- [ RunTime:0.000000s ]
INFO: [ PageFooter ] --START--
SQL: SHOW COLUMNS FROM `fz_addon` [ RunTime:0.0300s ]
SQL: SELECT `config` FROM `fz_addon` WHERE `name` = 'ReturnTop' AND `status` = 1 LIMIT 1   [ RunTime:0.0110s ]
INFO: [ view_parse ] --START--
INFO: [ template_filter ] --START--
INFO: Run Behavior\ContentReplaceBehavior [ RunTime:0.000000s ]
INFO: [ template_filter ] --END-- [ RunTime:-0.109006s ]
INFO: Run Behavior\ParseTemplateBehavior [ RunTime:0.013000s ]
INFO: [ view_parse ] --END-- [ RunTime:0.013000s ]
INFO: [ view_filter ] --START--
INFO: Run Behavior\WriteHtmlCacheBehavior [ RunTime:0.013001s ]
INFO: [ view_filter ] --END-- [ RunTime:0.013001s ]
INFO: Run Addons\ReturnTop\ReturnTopAddon [ RunTime:0.128007s ]
SQL: SELECT `config` FROM `fz_addon` WHERE `name` = 'AdFloat' AND `status` = 1 LIMIT 1   [ RunTime:0.0000s ]
INFO: Run Addons\AdFloat\AdFloatAddon [ RunTime:0.008001s ]
INFO: [ PageFooter ] --END-- [ RunTime:0.136008s ]
INFO: [ PayMent ] --START--
SQL: SELECT `config` FROM `fz_addon` WHERE `name` = 'PayMent' AND `status` = 1 LIMIT 1   [ RunTime:0.0000s ]
INFO: [ view_parse ] --START--
INFO: [ template_filter ] --START--
INFO: Run Behavior\ContentReplaceBehavior [ RunTime:0.000000s ]
INFO: [ template_filter ] --END-- [ RunTime:-0.279016s ]
SQL: SHOW COLUMNS FROM `fz_addon` [ RunTime:0.0030s ]
INFO: Run Behavior\ParseTemplateBehavior [ RunTime:0.190011s ]
INFO: [ view_parse ] --END-- [ RunTime:-0.058004s ]
INFO: [ view_filter ] --START--
INFO: Run Behavior\WriteHtmlCacheBehavior [ RunTime:0.000000s ]
INFO: [ view_filter ] --END-- [ RunTime:-0.235014s ]
INFO: Run Addons\PayMent\PayMentAddon [ RunTime:0.227013s ]
INFO: [ PayMent ] --END-- [ RunTime:0.228013s ]
INFO: [ SyncLogin ] --START--
SQL: SELECT `config` FROM `fz_addon` WHERE `name` = 'SyncLogin' AND `status` = 1 LIMIT 1   [ RunTime:0.0000s ]
INFO: [ view_parse ] --START--
INFO: [ template_filter ] --START--
INFO: Run Behavior\ContentReplaceBehavior [ RunTime:0.000000s ]
INFO: [ template_filter ] --END-- [ RunTime:-0.500028s ]
INFO: Run Behavior\ParseTemplateBehavior [ RunTime:0.090005s ]
INFO: [ view_parse ] --END-- [ RunTime:-0.373022s ]
INFO: [ view_filter ] --START--
INFO: Run Behavior\WriteHtmlCacheBehavior [ RunTime:0.000000s ]
INFO: [ view_filter ] --END-- [ RunTime:-0.450026s ]
INFO: Run Addons\SyncLogin\SyncLoginAddon [ RunTime:0.214012s ]
INFO: [ SyncLogin ] --END-- [ RunTime:0.214012s ]
INFO: Run Behavior\ParseTemplateBehavior [ RunTime:0.090005s ]
INFO: [ view_parse ] --END-- [ RunTime:-0.373022s ]
INFO: [ view_filter ] --START--
INFO: Run Behavior\WriteHtmlCacheBehavior [ RunTime:0.000000s ]
INFO: [ view_filter ] --END-- [ RunTime:-0.450026s ]
INFO: [ app_end ] --START--
INFO: Run Behavior\ShowPageTraceBehavior [ RunTime:0.088005s ]
INFO: [ app_end ] --END-- [ RunTime:0.088005s ]

[ 2015-12-31T09:18:13+08:00 ] 127.0.0.1 /favicon.ico
INFO: [ app_init ] --START--
INFO: Run Behavior\BuildLiteBehavior [ RunTime:0.000000s ]
INFO: [ app_init ] --END-- [ RunTime:0.000000s ]

[ 2015-12-31T09:18:13+08:00 ] 127.0.0.1 /favicon.ico
INFO: [ app_init ] --START--
INFO: Run Behavior\BuildLiteBehavior [ RunTime:0.000000s ]
INFO: [ app_init ] --END-- [ RunTime:0.000000s ]

[ 2015-12-31T09:18:23+08:00 ] 127.0.0.1 /home/addon/execute/_addons/pay_ment/_controller/pay/_action/index.html
INFO: [ app_init ] --START--
INFO: Run Behavior\BuildLiteBehavior [ RunTime:0.000000s ]
INFO: [ app_init ] --END-- [ RunTime:0.000000s ]
INFO: [ app_begin ] --START--
INFO: Run Behavior\ReadHtmlCacheBehavior [ RunTime:0.001000s ]
INFO: Run Common\Behavior\InitConfigBehavior [ RunTime:0.001000s ]
INFO: [ app_begin ] --END-- [ RunTime:0.002000s ]
INFO: [ action_begin ] --START--
INFO: Run Common\Behavior\InitHookBehavior [ RunTime:0.001000s ]
INFO: [ action_begin ] --END-- [ RunTime:0.001000s ]
INFO: [ action_begin ] --START--
INFO: Run Common\Behavior\InitHookBehavior [ RunTime:0.000000s ]
INFO: [ action_begin ] --END-- [ RunTime:-0.024001s ]
NOTIC: [2048] Non-static method Common\Controller\Addon::getConfig() should not be called statically, assuming $this from incompatible context C:\wamp\Apache2.2\www\lycms\Addons\PayMent\Controller\PayController.class.php 第 25 行.
SQL: SHOW COLUMNS FROM `fz_addon` [ RunTime:0.0030s ]
SQL: SELECT `config` FROM `fz_addon` WHERE `name` = 'PayMent' AND `status` = 1 LIMIT 1   [ RunTime:0.0000s ]
NOTIC: [4096] Argument 1 passed to Addons\PayMent\Think\Pay::buildRequestForm() must be an instance of Addons\PayMent\Think\Pay\PayVo, instance of Think\Pay\PayVo given, called in C:\wamp\Apache2.2\www\lycms\Addons\PayMent\Controller\PayController.class.php on line 44 and defined C:\wamp\Apache2.2\www\lycms\Addons\PayMent\Think\Pay.class.php 第 41 行.
SQL: SHOW COLUMNS FROM `fz_pay` [ RunTime:0.0240s ]
SQL: INSERT INTO `fz_pay` (`out_trade_no`,`money`,`status`,`callback`,`url`,`param`,`create_time`,`update_time`) VALUES ('FC312470387247d','0.01','0','Pay/pay','/user/order.html','a:1:{s:8:\"order_id\";s:15:\"的业务订单\";}','1451524703','1451524703') [ RunTime:0.0040s ]
INFO: [ app_end ] --START--
INFO: Run Behavior\ShowPageTraceBehavior [ RunTime:0.001000s ]
INFO: [ app_end ] --END-- [ RunTime:0.001000s ]

[ 2015-12-31T09:18:42+08:00 ] 127.0.0.1 /
INFO: [ app_init ] --START--
INFO: Run Behavior\BuildLiteBehavior [ RunTime:0.000000s ]
INFO: [ app_init ] --END-- [ RunTime:0.000000s ]
INFO: [ app_begin ] --START--
INFO: Run Behavior\ReadHtmlCacheBehavior [ RunTime:0.000000s ]
INFO: Run Common\Behavior\InitConfigBehavior [ RunTime:0.001000s ]
INFO: [ app_begin ] --END-- [ RunTime:0.001000s ]
INFO: [ action_begin ] --START--
INFO: Run Common\Behavior\InitHookBehavior [ RunTime:0.002000s ]
INFO: [ action_begin ] --END-- [ RunTime:0.002000s ]
INFO: [ view_parse ] --START--
INFO: [ template_filter ] --START--
INFO: Run Behavior\ContentReplaceBehavior [ RunTime:0.000000s ]
INFO: [ template_filter ] --END-- [ RunTime:0.000000s ]
INFO: [ PageFooter ] --START--
SQL: SHOW COLUMNS FROM `fz_addon` [ RunTime:0.0030s ]
SQL: SELECT `config` FROM `fz_addon` WHERE `name` = 'ReturnTop' AND `status` = 1 LIMIT 1   [ RunTime:0.0000s ]
INFO: [ view_parse ] --START--
INFO: [ template_filter ] --START--
INFO: Run Behavior\ContentReplaceBehavior [ RunTime:0.000000s ]
INFO: [ template_filter ] --END-- [ RunTime:-0.015000s ]
INFO: Run Behavior\ParseTemplateBehavior [ RunTime:0.002001s ]
INFO: [ view_parse ] --END-- [ RunTime:0.002001s ]
INFO: [ view_filter ] --START--
INFO: Run Behavior\WriteHtmlCacheBehavior [ RunTime:0.000000s ]
INFO: [ view_filter ] --END-- [ RunTime:0.000000s ]
INFO: Run Addons\ReturnTop\ReturnTopAddon [ RunTime:0.016001s ]
SQL: SELECT `config` FROM `fz_addon` WHERE `name` = 'AdFloat' AND `status` = 1 LIMIT 1   [ RunTime:0.0000s ]
INFO: Run Addons\AdFloat\AdFloatAddon [ RunTime:0.001000s ]
INFO: [ PageFooter ] --END-- [ RunTime:0.017001s ]
INFO: [ PayMent ] --START--
SQL: SELECT `config` FROM `fz_addon` WHERE `name` = 'PayMent' AND `status` = 1 LIMIT 1   [ RunTime:0.0000s ]
INFO: [ view_parse ] --START--
INFO: [ template_filter ] --START--
INFO: Run Behavior\ContentReplaceBehavior [ RunTime:0.000000s ]
INFO: [ template_filter ] --END-- [ RunTime:-0.020001s ]
SQL: SHOW COLUMNS FROM `fz_addon` [ RunTime:0.0020s ]
INFO: Run Behavior\ParseTemplateBehavior [ RunTime:0.007000s ]
INFO: [ view_parse ] --END-- [ RunTime:-0.003000s ]
INFO: [ view_filter ] --START--
INFO: Run Behavior\WriteHtmlCacheBehavior [ RunTime:0.000000s ]
INFO: [ view_filter ] --END-- [ RunTime:-0.010000s ]
INFO: Run Addons\PayMent\PayMentAddon [ RunTime:0.008000s ]
INFO: [ PayMent ] --END-- [ RunTime:0.008000s ]
INFO: [ SyncLogin ] --START--
SQL: SELECT `config` FROM `fz_addon` WHERE `name` = 'SyncLogin' AND `status` = 1 LIMIT 1   [ RunTime:0.0000s ]
INFO: [ view_parse ] --START--
INFO: [ template_filter ] --START--
INFO: Run Behavior\ContentReplaceBehavior [ RunTime:0.000000s ]
INFO: [ template_filter ] --END-- [ RunTime:-0.029001s ]
INFO: Run Behavior\ParseTemplateBehavior [ RunTime:0.003000s ]
INFO: [ view_parse ] --END-- [ RunTime:-0.011000s ]
INFO: [ view_filter ] --START--
INFO: Run Behavior\WriteHtmlCacheBehavior [ RunTime:0.000000s ]
INFO: [ view_filter ] --END-- [ RunTime:-0.014000s ]
INFO: Run Addons\SyncLogin\SyncLoginAddon [ RunTime:0.004000s ]
INFO: [ SyncLogin ] --END-- [ RunTime:0.004000s ]
INFO: Run Behavior\ParseTemplateBehavior [ RunTime:0.003000s ]
INFO: [ view_parse ] --END-- [ RunTime:-0.011000s ]
INFO: [ view_filter ] --START--
INFO: Run Behavior\WriteHtmlCacheBehavior [ RunTime:0.000000s ]
INFO: [ view_filter ] --END-- [ RunTime:-0.014000s ]
INFO: [ app_end ] --START--
INFO: Run Behavior\ShowPageTraceBehavior [ RunTime:0.001000s ]
INFO: [ app_end ] --END-- [ RunTime:0.001000s ]

[ 2015-12-31T09:18:42+08:00 ] 127.0.0.1 /
INFO: [ app_init ] --START--
INFO: Run Behavior\BuildLiteBehavior [ RunTime:0.000000s ]
INFO: [ app_init ] --END-- [ RunTime:0.000000s ]
INFO: [ app_begin ] --START--
INFO: Run Behavior\ReadHtmlCacheBehavior [ RunTime:0.000000s ]
INFO: Run Common\Behavior\InitConfigBehavior [ RunTime:0.000000s ]
INFO: [ app_begin ] --END-- [ RunTime:0.001001s ]
INFO: [ action_begin ] --START--
INFO: Run Common\Behavior\InitHookBehavior [ RunTime:0.001000s ]
INFO: [ action_begin ] --END-- [ RunTime:0.001000s ]
INFO: [ view_parse ] --START--
INFO: [ template_filter ] --START--
INFO: Run Behavior\ContentReplaceBehavior [ RunTime:0.000000s ]
INFO: [ template_filter ] --END-- [ RunTime:0.000000s ]
INFO: [ PageFooter ] --START--
SQL: SHOW COLUMNS FROM `fz_addon` [ RunTime:0.0030s ]
SQL: SELECT `config` FROM `fz_addon` WHERE `name` = 'ReturnTop' AND `status` = 1 LIMIT 1   [ RunTime:0.0000s ]
INFO: [ view_parse ] --START--
INFO: [ template_filter ] --START--
INFO: Run Behavior\ContentReplaceBehavior [ RunTime:0.000000s ]
INFO: [ template_filter ] --END-- [ RunTime:-0.024001s ]
INFO: Run Behavior\ParseTemplateBehavior [ RunTime:0.002000s ]
INFO: [ view_parse ] --END-- [ RunTime:0.002000s ]
INFO: [ view_filter ] --START--
INFO: Run Behavior\WriteHtmlCacheBehavior [ RunTime:0.000000s ]
INFO: [ view_filter ] --END-- [ RunTime:0.000000s ]
INFO: Run Addons\ReturnTop\ReturnTopAddon [ RunTime:0.025001s ]
SQL: SELECT `config` FROM `fz_addon` WHERE `name` = 'AdFloat' AND `status` = 1 LIMIT 1   [ RunTime:0.0000s ]
INFO: Run Addons\AdFloat\AdFloatAddon [ RunTime:0.002000s ]
INFO: [ PageFooter ] --END-- [ RunTime:0.027001s ]
INFO: [ PayMent ] --START--
SQL: SELECT `config` FROM `fz_addon` WHERE `name` = 'PayMent' AND `status` = 1 LIMIT 1   [ RunTime:0.0000s ]
INFO: [ view_parse ] --START--
INFO: [ template_filter ] --START--
INFO: Run Behavior\ContentReplaceBehavior [ RunTime:0.000000s ]
INFO: [ template_filter ] --END-- [ RunTime:-0.029002s ]
SQL: SHOW COLUMNS FROM `fz_addon` [ RunTime:0.0030s ]
INFO: Run Behavior\ParseTemplateBehavior [ RunTime:0.007000s ]
INFO: [ view_parse ] --END-- [ RunTime:-0.003001s ]
INFO: [ view_filter ] --START--
INFO: Run Behavior\WriteHtmlCacheBehavior [ RunTime:0.000000s ]
INFO: [ view_filter ] --END-- [ RunTime:-0.010001s ]
INFO: Run Addons\PayMent\PayMentAddon [ RunTime:0.008001s ]
INFO: [ PayMent ] --END-- [ RunTime:0.008001s ]
INFO: [ SyncLogin ] --START--
SQL: SELECT `config` FROM `fz_addon` WHERE `name` = 'SyncLogin' AND `status` = 1 LIMIT 1   [ RunTime:0.0000s ]
INFO: [ view_parse ] --START--
INFO: [ template_filter ] --START--
INFO: Run Behavior\ContentReplaceBehavior [ RunTime:0.000000s ]
INFO: [ template_filter ] --END-- [ RunTime:-0.038002s ]
INFO: Run Behavior\ParseTemplateBehavior [ RunTime:0.002000s ]
INFO: [ view_parse ] --END-- [ RunTime:-0.012001s ]
INFO: [ view_filter ] --START--
INFO: Run Behavior\WriteHtmlCacheBehavior [ RunTime:0.000000s ]
INFO: [ view_filter ] --END-- [ RunTime:-0.014001s ]
INFO: Run Addons\SyncLogin\SyncLoginAddon [ RunTime:0.004000s ]
INFO: [ SyncLogin ] --END-- [ RunTime:0.004000s ]
INFO: Run Behavior\ParseTemplateBehavior [ RunTime:0.002000s ]
INFO: [ view_parse ] --END-- [ RunTime:-0.012001s ]
INFO: [ view_filter ] --START--
INFO: Run Behavior\WriteHtmlCacheBehavior [ RunTime:0.000000s ]
INFO: [ view_filter ] --END-- [ RunTime:-0.014001s ]
INFO: [ app_end ] --START--
INFO: Run Behavior\ShowPageTraceBehavior [ RunTime:0.001000s ]
INFO: [ app_end ] --END-- [ RunTime:0.001000s ]

[ 2015-12-31T09:18:43+08:00 ] 127.0.0.1 /
INFO: [ app_init ] --START--
INFO: Run Behavior\BuildLiteBehavior [ RunTime:0.000000s ]
INFO: [ app_init ] --END-- [ RunTime:0.000000s ]
INFO: [ app_begin ] --START--
INFO: Run Behavior\ReadHtmlCacheBehavior [ RunTime:0.001000s ]
INFO: Run Common\Behavior\InitConfigBehavior [ RunTime:0.000000s ]
INFO: [ app_begin ] --END-- [ RunTime:0.001000s ]
INFO: [ action_begin ] --START--
INFO: Run Common\Behavior\InitHookBehavior [ RunTime:0.002000s ]
INFO: [ action_begin ] --END-- [ RunTime:0.002000s ]
INFO: [ view_parse ] --START--
INFO: [ template_filter ] --START--
INFO: Run Behavior\ContentReplaceBehavior [ RunTime:0.000000s ]
INFO: [ template_filter ] --END-- [ RunTime:0.000000s ]
INFO: [ PageFooter ] --START--
SQL: SHOW COLUMNS FROM `fz_addon` [ RunTime:0.0030s ]
SQL: SELECT `config` FROM `fz_addon` WHERE `name` = 'ReturnTop' AND `status` = 1 LIMIT 1   [ RunTime:0.0000s ]
INFO: [ view_parse ] --START--
INFO: [ template_filter ] --START--
INFO: Run Behavior\ContentReplaceBehavior [ RunTime:0.000000s ]
INFO: [ template_filter ] --END-- [ RunTime:-0.015001s ]
INFO: Run Behavior\ParseTemplateBehavior [ RunTime:0.002000s ]
INFO: [ view_parse ] --END-- [ RunTime:0.002000s ]
INFO: [ view_filter ] --START--
INFO: Run Behavior\WriteHtmlCacheBehavior [ RunTime:0.000000s ]
INFO: [ view_filter ] --END-- [ RunTime:0.000000s ]
INFO: Run Addons\ReturnTop\ReturnTopAddon [ RunTime:0.015000s ]
SQL: SELECT `config` FROM `fz_addon` WHERE `name` = 'AdFloat' AND `status` = 1 LIMIT 1   [ RunTime:0.0010s ]
INFO: Run Addons\AdFloat\AdFloatAddon [ RunTime:0.002001s ]
INFO: [ PageFooter ] --END-- [ RunTime:0.017001s ]
INFO: [ PayMent ] --START--
SQL: SELECT `config` FROM `fz_addon` WHERE `name` = 'PayMent' AND `status` = 1 LIMIT 1   [ RunTime:0.0000s ]
INFO: [ view_parse ] --START--
INFO: [ template_filter ] --START--
INFO: Run Behavior\ContentReplaceBehavior [ RunTime:0.000000s ]
INFO: [ template_filter ] --END-- [ RunTime:-0.020002s ]
SQL: SHOW COLUMNS FROM `fz_addon` [ RunTime:0.0030s ]
INFO: Run Behavior\ParseTemplateBehavior [ RunTime:0.006000s ]
INFO: [ view_parse ] --END-- [ RunTime:-0.003001s ]
INFO: [ view_filter ] --START--
INFO: Run Behavior\WriteHtmlCacheBehavior [ RunTime:0.000000s ]
INFO: [ view_filter ] --END-- [ RunTime:-0.009001s ]
INFO: Run Addons\PayMent\PayMentAddon [ RunTime:0.007000s ]
INFO: [ PayMent ] --END-- [ RunTime:0.007000s ]
INFO: [ SyncLogin ] --START--
SQL: SELECT `config` FROM `fz_addon` WHERE `name` = 'SyncLogin' AND `status` = 1 LIMIT 1   [ RunTime:0.0000s ]
INFO: [ view_parse ] --START--
INFO: [ template_filter ] --START--
INFO: Run Behavior\ContentReplaceBehavior [ RunTime:0.000000s ]
INFO: [ template_filter ] --END-- [ RunTime:-0.028002s ]
INFO: Run Behavior\ParseTemplateBehavior [ RunTime:0.002000s ]
INFO: [ view_parse ] --END-- [ RunTime:-0.011001s ]
INFO: [ view_filter ] --START--
INFO: Run Behavior\WriteHtmlCacheBehavior [ RunTime:0.000000s ]
INFO: [ view_filter ] --END-- [ RunTime:-0.014001s ]
INFO: Run Addons\SyncLogin\SyncLoginAddon [ RunTime:0.004000s ]
INFO: [ SyncLogin ] --END-- [ RunTime:0.005000s ]
INFO: Run Behavior\ParseTemplateBehavior [ RunTime:0.003000s ]
INFO: [ view_parse ] --END-- [ RunTime:-0.011001s ]
INFO: [ view_filter ] --START--
INFO: Run Behavior\WriteHtmlCacheBehavior [ RunTime:0.000000s ]
INFO: [ view_filter ] --END-- [ RunTime:-0.014001s ]
INFO: [ app_end ] --START--
INFO: Run Behavior\ShowPageTraceBehavior [ RunTime:0.001000s ]
INFO: [ app_end ] --END-- [ RunTime:0.001000s ]

[ 2015-12-31T09:18:50+08:00 ] 127.0.0.1 /index.php
INFO: [ app_init ] --START--
INFO: Run Behavior\BuildLiteBehavior [ RunTime:0.000000s ]
INFO: [ app_init ] --END-- [ RunTime:0.000000s ]
INFO: [ app_begin ] --START--
INFO: Run Behavior\ReadHtmlCacheBehavior [ RunTime:0.001000s ]
INFO: Run Common\Behavior\InitConfigBehavior [ RunTime:0.000000s ]
INFO: [ app_begin ] --END-- [ RunTime:0.001000s ]
INFO: [ action_begin ] --START--
INFO: Run Common\Behavior\InitHookBehavior [ RunTime:0.002000s ]
INFO: [ action_begin ] --END-- [ RunTime:0.002000s ]
INFO: [ view_parse ] --START--
INFO: [ template_filter ] --START--
INFO: Run Behavior\ContentReplaceBehavior [ RunTime:0.000000s ]
INFO: [ template_filter ] --END-- [ RunTime:0.000000s ]
INFO: [ PageFooter ] --START--
SQL: SHOW COLUMNS FROM `fz_addon` [ RunTime:0.0030s ]
SQL: SELECT `config` FROM `fz_addon` WHERE `name` = 'ReturnTop' AND `status` = 1 LIMIT 1   [ RunTime:0.0000s ]
INFO: [ view_parse ] --START--
INFO: [ template_filter ] --START--
INFO: Run Behavior\ContentReplaceBehavior [ RunTime:0.000000s ]
INFO: [ template_filter ] --END-- [ RunTime:-0.025001s ]
INFO: Run Behavior\ParseTemplateBehavior [ RunTime:0.001000s ]
INFO: [ view_parse ] --END-- [ RunTime:0.001000s ]
INFO: [ view_filter ] --START--
INFO: Run Behavior\WriteHtmlCacheBehavior [ RunTime:0.000000s ]
INFO: [ view_filter ] --END-- [ RunTime:0.001000s ]
INFO: Run Addons\ReturnTop\ReturnTopAddon [ RunTime:0.025001s ]
SQL: SELECT `config` FROM `fz_addon` WHERE `name` = 'AdFloat' AND `status` = 1 LIMIT 1   [ RunTime:0.0000s ]
INFO: Run Addons\AdFloat\AdFloatAddon [ RunTime:0.001000s ]
INFO: [ PageFooter ] --END-- [ RunTime:0.026001s ]
INFO: [ PayMent ] --START--
SQL: SELECT `config` FROM `fz_addon` WHERE `name` = 'PayMent' AND `status` = 1 LIMIT 1   [ RunTime:0.0000s ]
INFO: [ view_parse ] --START--
INFO: [ template_filter ] --START--
INFO: Run Behavior\ContentReplaceBehavior [ RunTime:0.000000s ]
INFO: [ template_filter ] --END-- [ RunTime:-0.030001s ]
SQL: SHOW COLUMNS FROM `fz_addon` [ RunTime:0.0020s ]
INFO: Run Behavior\ParseTemplateBehavior [ RunTime:0.007001s ]
INFO: [ view_parse ] --END-- [ RunTime:-0.004000s ]
INFO: [ view_filter ] --START--
INFO: Run Behavior\WriteHtmlCacheBehavior [ RunTime:0.000000s ]
INFO: [ view_filter ] --END-- [ RunTime:-0.010001s ]
INFO: Run Addons\PayMent\PayMentAddon [ RunTime:0.009001s ]
INFO: [ PayMent ] --END-- [ RunTime:0.009001s ]
INFO: [ SyncLogin ] --START--
SQL: SELECT `config` FROM `fz_addon` WHERE `name` = 'SyncLogin' AND `status` = 1 LIMIT 1   [ RunTime:0.0000s ]
INFO: [ view_parse ] --START--
INFO: [ template_filter ] --START--
INFO: Run Behavior\ContentReplaceBehavior [ RunTime:0.000000s ]
INFO: [ template_filter ] --END-- [ RunTime:-0.038002s ]
INFO: Run Behavior\ParseTemplateBehavior [ RunTime:0.003000s ]
INFO: [ view_parse ] --END-- [ RunTime:-0.012001s ]
INFO: [ view_filter ] --START--
INFO: Run Behavior\WriteHtmlCacheBehavior [ RunTime:0.000000s ]
INFO: [ view_filter ] --END-- [ RunTime:-0.014001s ]
INFO: Run Addons\SyncLogin\SyncLoginAddon [ RunTime:0.004000s ]
INFO: [ SyncLogin ] --END-- [ RunTime:0.004000s ]
INFO: Run Behavior\ParseTemplateBehavior [ RunTime:0.003000s ]
INFO: [ view_parse ] --END-- [ RunTime:-0.012001s ]
INFO: [ view_filter ] --START--
INFO: Run Behavior\WriteHtmlCacheBehavior [ RunTime:0.000000s ]
INFO: [ view_filter ] --END-- [ RunTime:-0.014001s ]
INFO: [ app_end ] --START--
INFO: Run Behavior\ShowPageTraceBehavior [ RunTime:0.001000s ]
INFO: [ app_end ] --END-- [ RunTime:0.001000s ]

[ 2015-12-31T10:36:25+08:00 ] 127.0.0.1 /favicon.ico
INFO: [ app_init ] --START--
INFO: Run Behavior\BuildLiteBehavior [ RunTime:0.000000s ]
INFO: [ app_init ] --END-- [ RunTime:0.000000s ]

