[ 2015-12-09T09:36:32+08:00 ] 127.0.0.1 /admin/addon/index.html
INFO: [ app_init ] --START--
INFO: Run Behavior\BuildLiteBehavior [ RunTime:0.000000s ]
INFO: [ app_init ] --END-- [ RunTime:0.000000s ]
INFO: [ app_begin ] --START--
INFO: Run Behavior\ReadHtmlCacheBehavior [ RunTime:0.001000s ]
INFO: Run Common\Behavior\InitConfigBehavior [ RunTime:0.012001s ]
INFO: [ app_begin ] --END-- [ RunTime:0.013001s ]
INFO: [ action_begin ] --START--
INFO: Run Common\Behavior\InitHookBehavior [ RunTime:0.027001s ]
INFO: [ action_begin ] --END-- [ RunTime:0.027001s ]
SQL: SHOW COLUMNS FROM `fz_admin` [ RunTime:0.0330s ]

[ 2015-12-09T09:36:33+08:00 ] 127.0.0.1 /admin/public/login.html
INFO: [ app_init ] --START--
INFO: Run Behavior\BuildLiteBehavior [ RunTime:0.000000s ]
INFO: [ app_init ] --END-- [ RunTime:0.000000s ]
INFO: [ app_begin ] --START--
INFO: Run Behavior\ReadHtmlCacheBehavior [ RunTime:0.001000s ]
INFO: Run Common\Behavior\InitConfigBehavior [ RunTime:0.002000s ]
INFO: [ app_begin ] --END-- [ RunTime:0.003000s ]
INFO: [ action_begin ] --START--
INFO: Run Common\Behavior\InitHookBehavior [ RunTime:0.007000s ]
INFO: [ action_begin ] --END-- [ RunTime:0.007000s ]
INFO: [ view_parse ] --START--
INFO: [ template_filter ] --START--
INFO: Run Behavior\ContentReplaceBehavior [ RunTime:0.000000s ]
INFO: [ template_filter ] --END-- [ RunTime:0.000000s ]
INFO: Run Behavior\ParseTemplateBehavior [ RunTime:0.051003s ]
INFO: [ view_parse ] --END-- [ RunTime:0.051003s ]
INFO: [ view_filter ] --START--
INFO: Run Behavior\WriteHtmlCacheBehavior [ RunTime:0.001000s ]
INFO: [ view_filter ] --END-- [ RunTime:0.001000s ]
INFO: [ app_end ] --START--
INFO: Run Behavior\ShowPageTraceBehavior [ RunTime:0.001001s ]
INFO: [ app_end ] --END-- [ RunTime:0.001001s ]

[ 2015-12-09T09:36:46+08:00 ] 127.0.0.1 /admin/public/login.html
INFO: [ app_init ] --START--
INFO: Run Behavior\BuildLiteBehavior [ RunTime:0.000000s ]
INFO: [ app_init ] --END-- [ RunTime:0.000000s ]
INFO: [ app_begin ] --START--
INFO: Run Behavior\ReadHtmlCacheBehavior [ RunTime:0.000000s ]
INFO: Run Common\Behavior\InitConfigBehavior [ RunTime:0.001000s ]
INFO: [ app_begin ] --END-- [ RunTime:0.001000s ]
INFO: [ action_begin ] --START--
INFO: Run Common\Behavior\InitHookBehavior [ RunTime:0.002000s ]
INFO: [ action_begin ] --END-- [ RunTime:0.002000s ]
SQL: SHOW COLUMNS FROM `fz_admin` [ RunTime:0.0040s ]
SQL: SELECT * FROM `fz_admin` WHERE `group` >= 1 AND `admin_user` = 'adminss' AND `status` = 1 LIMIT 1   [ RunTime:0.0000s ]
SQL: UPDATE `fz_admin` SET `login`=`login`+1,`last_login_time`='1449625006',`last_login_ip`='2130706433' WHERE `admin_id` = 1 [ RunTime:0.0010s ]
INFO: [ view_parse ] --START--
INFO: [ template_filter ] --START--
INFO: Run Behavior\ContentReplaceBehavior [ RunTime:0.000000s ]
INFO: [ template_filter ] --END-- [ RunTime:0.000000s ]
INFO: Run Behavior\ParseTemplateBehavior [ RunTime:0.034001s ]
INFO: [ view_parse ] --END-- [ RunTime:0.034001s ]
INFO: [ view_filter ] --START--
INFO: Run Behavior\WriteHtmlCacheBehavior [ RunTime:0.000000s ]
INFO: [ view_filter ] --END-- [ RunTime:0.000000s ]
INFO: [ app_end ] --START--
INFO: Run Behavior\ShowPageTraceBehavior [ RunTime:0.000000s ]
INFO: [ app_end ] --END-- [ RunTime:0.000000s ]

[ 2015-12-09T09:36:48+08:00 ] 127.0.0.1 /admin/index/index.html
INFO: [ app_init ] --START--
INFO: Run Behavior\BuildLiteBehavior [ RunTime:0.000000s ]
INFO: [ app_init ] --END-- [ RunTime:0.000000s ]
INFO: [ app_begin ] --START--
INFO: Run Behavior\ReadHtmlCacheBehavior [ RunTime:0.001000s ]
INFO: Run Common\Behavior\InitConfigBehavior [ RunTime:0.001000s ]
INFO: [ app_begin ] --END-- [ RunTime:0.002000s ]
INFO: [ action_begin ] --START--
INFO: Run Common\Behavior\InitHookBehavior [ RunTime:0.001000s ]
INFO: [ action_begin ] --END-- [ RunTime:0.001000s ]
SQL: SHOW COLUMNS FROM `fz_admin` [ RunTime:0.0140s ]
SQL: SHOW COLUMNS FROM `fz_spider` [ RunTime:0.0410s ]
SQL: SELECT * FROM `fz_spider` ORDER BY id desc LIMIT 8   [ RunTime:0.0010s ]
SQL: SHOW COLUMNS FROM `fz_visitor` [ RunTime:0.0150s ]
NOTIC: [2] Missing argument 1 for Common\Model\VisitorModel::getChart(), called in C:\wamp\Apache2.2\www\lycms\Application\Common\Model\VisitorModel.class.php on line 64 and defined C:\wamp\Apache2.2\www\lycms\Application\Common\Model\VisitorModel.class.php 第 91 行.
NOTIC: [8] Undefined variable: type C:\wamp\Apache2.2\www\lycms\Application\Common\Model\VisitorModel.class.php 第 96 行.
NOTIC: [8] Undefined variable: type C:\wamp\Apache2.2\www\lycms\Application\Common\Model\VisitorModel.class.php 第 104 行.
NOTIC: [8] Undefined variable: type C:\wamp\Apache2.2\www\lycms\Application\Common\Model\VisitorModel.class.php 第 112 行.
NOTIC: [8] Undefined variable: type C:\wamp\Apache2.2\www\lycms\Application\Common\Model\VisitorModel.class.php 第 120 行.
SQL: SELECT SUM(count) AS tp_sum FROM `fz_visitor` WHERE ( `time` >= 1449590400 AND `time` < 1449676800  ) LIMIT 1   [ RunTime:0.0140s ]
SQL: SELECT SUM(count) AS tp_sum FROM `fz_visitor` WHERE ( `time` >= 1449504000 AND `time` < 1449590400  ) LIMIT 1   [ RunTime:0.0000s ]
SQL: SELECT SUM(count) AS tp_sum FROM `fz_visitor` WHERE ( `time` >= 1449417600 AND `time` < 1449504000  ) LIMIT 1   [ RunTime:0.0000s ]
SQL: SELECT SUM(count) AS tp_sum FROM `fz_visitor` WHERE ( `time` >= 1449331200 AND `time` < 1449417600  ) LIMIT 1   [ RunTime:0.0010s ]
SQL: SELECT SUM(count) AS tp_sum FROM `fz_visitor` WHERE ( `time` >= 1449244800 AND `time` < 1449331200  ) LIMIT 1   [ RunTime:0.0000s ]
SQL: SELECT SUM(count) AS tp_sum FROM `fz_visitor` WHERE ( `time` >= 1449158400 AND `time` < 1449244800  ) LIMIT 1   [ RunTime:0.0000s ]
SQL: SELECT SUM(count) AS tp_sum FROM `fz_visitor` WHERE ( `time` >= 1449072000 AND `time` < 1449158400  ) LIMIT 1   [ RunTime:0.0000s ]
INFO: [ view_parse ] --START--
INFO: [ template_filter ] --START--
INFO: Run Behavior\ContentReplaceBehavior [ RunTime:0.001000s ]
INFO: [ template_filter ] --END-- [ RunTime:0.001000s ]
NOTIC: [8] Undefined variable: action C:\wamp\Apache2.2\www\lycms\Runtime\Cache\Admin\b595b808c2ebeeeb0478ffc30bb4e87a.php 第 16 行.
NOTIC: [8] Undefined variable: info C:\wamp\Apache2.2\www\lycms\Runtime\Cache\Admin\b595b808c2ebeeeb0478ffc30bb4e87a.php 第 60 行.
NOTIC: [8] Undefined variable: desc C:\wamp\Apache2.2\www\lycms\Runtime\Cache\Admin\b595b808c2ebeeeb0478ffc30bb4e87a.php 第 61 行.
INFO: Run Behavior\ParseTemplateBehavior [ RunTime:0.040002s ]
INFO: [ view_parse ] --END-- [ RunTime:0.040002s ]
INFO: [ view_filter ] --START--
INFO: Run Behavior\WriteHtmlCacheBehavior [ RunTime:0.000000s ]
INFO: [ view_filter ] --END-- [ RunTime:0.000000s ]
INFO: [ app_end ] --START--
INFO: Run Behavior\ShowPageTraceBehavior [ RunTime:0.001000s ]
INFO: [ app_end ] --END-- [ RunTime:0.001000s ]

[ 2015-12-09T09:37:06+08:00 ] 127.0.0.1 /admin/tag/index.html
INFO: [ app_init ] --START--
INFO: Run Behavior\BuildLiteBehavior [ RunTime:0.000000s ]
INFO: [ app_init ] --END-- [ RunTime:0.000000s ]
INFO: [ app_begin ] --START--
INFO: Run Behavior\ReadHtmlCacheBehavior [ RunTime:0.000000s ]
INFO: Run Common\Behavior\InitConfigBehavior [ RunTime:0.001000s ]
INFO: [ app_begin ] --END-- [ RunTime:0.001000s ]
INFO: [ action_begin ] --START--
INFO: Run Common\Behavior\InitHookBehavior [ RunTime:0.002000s ]
INFO: [ action_begin ] --END-- [ RunTime:0.002000s ]
SQL: SHOW COLUMNS FROM `fz_admin` [ RunTime:0.0020s ]
SQL: SHOW COLUMNS FROM `fz_tags` [ RunTime:0.0280s ]
SQL: SELECT COUNT(*) AS tp_count FROM `fz_tags` WHERE `name` LIKE '%%' LIMIT 1   [ RunTime:0.0220s ]
SQL: SELECT * FROM `fz_tags` WHERE `name` LIKE '%%' ORDER BY tag_id desc LIMIT 0,15   [ RunTime:0.0010s ]
INFO: [ view_parse ] --START--
INFO: [ template_filter ] --START--
INFO: Run Behavior\ContentReplaceBehavior [ RunTime:0.000000s ]
INFO: [ template_filter ] --END-- [ RunTime:0.000000s ]
NOTIC: [8] Undefined variable: action C:\wamp\Apache2.2\www\lycms\Runtime\Cache\Admin\7c795ebe2e70f62ae37162cd91f6905c.php 第 16 行.
NOTIC: [8] Undefined variable: desc C:\wamp\Apache2.2\www\lycms\Runtime\Cache\Admin\7c795ebe2e70f62ae37162cd91f6905c.php 第 61 行.
NOTIC: [8] Undefined variable: keyword C:\wamp\Apache2.2\www\lycms\Runtime\Cache\Admin\7c795ebe2e70f62ae37162cd91f6905c.php 第 85 行.
NOTIC: [8] Undefined variable: page C:\wamp\Apache2.2\www\lycms\Runtime\Cache\Admin\7c795ebe2e70f62ae37162cd91f6905c.php 第 140 行.
INFO: Run Behavior\ParseTemplateBehavior [ RunTime:0.031002s ]
INFO: [ view_parse ] --END-- [ RunTime:0.031002s ]
INFO: [ view_filter ] --START--
INFO: Run Behavior\WriteHtmlCacheBehavior [ RunTime:0.000000s ]
INFO: [ view_filter ] --END-- [ RunTime:0.000000s ]
INFO: [ app_end ] --START--
INFO: Run Behavior\ShowPageTraceBehavior [ RunTime:0.002000s ]
INFO: [ app_end ] --END-- [ RunTime:0.002000s ]

[ 2015-12-09T09:37:07+08:00 ] 127.0.0.1 /admin/addon/index.html
INFO: [ app_init ] --START--
INFO: Run Behavior\BuildLiteBehavior [ RunTime:0.000000s ]
INFO: [ app_init ] --END-- [ RunTime:0.000000s ]
INFO: [ app_begin ] --START--
INFO: Run Behavior\ReadHtmlCacheBehavior [ RunTime:0.001000s ]
INFO: Run Common\Behavior\InitConfigBehavior [ RunTime:0.001000s ]
INFO: [ app_begin ] --END-- [ RunTime:0.002000s ]
INFO: [ action_begin ] --START--
INFO: Run Common\Behavior\InitHookBehavior [ RunTime:0.002000s ]
INFO: [ action_begin ] --END-- [ RunTime:0.002000s ]
SQL: SHOW COLUMNS FROM `fz_admin` [ RunTime:0.0490s ]
SQL: SHOW COLUMNS FROM `fz_addon` [ RunTime:0.0510s ]
SQL: SELECT * FROM `fz_addon`  [ RunTime:0.0190s ]
INFO: [ view_parse ] --START--
INFO: [ template_filter ] --START--
INFO: Run Behavior\ContentReplaceBehavior [ RunTime:0.000000s ]
INFO: [ template_filter ] --END-- [ RunTime:0.000000s ]
NOTIC: [8] Undefined variable: action C:\wamp\Apache2.2\www\lycms\Runtime\Cache\Admin\fedec8e4a8018035083b68b3d3e264ca.php 第 16 行.
NOTIC: [8] Undefined index: menu C:\wamp\Apache2.2\www\lycms\Runtime\Cache\Admin\fedec8e4a8018035083b68b3d3e264ca.php 第 64 行.
INFO: Run Behavior\ParseTemplateBehavior [ RunTime:0.063004s ]
INFO: [ view_parse ] --END-- [ RunTime:0.063004s ]
INFO: [ view_filter ] --START--
INFO: Run Behavior\WriteHtmlCacheBehavior [ RunTime:0.001000s ]
INFO: [ view_filter ] --END-- [ RunTime:0.002000s ]
INFO: [ app_end ] --START--
INFO: Run Behavior\ShowPageTraceBehavior [ RunTime:0.002000s ]
INFO: [ app_end ] --END-- [ RunTime:0.002000s ]

[ 2015-12-09T09:37:10+08:00 ] 127.0.0.1 /admin/addon/config/id/6.html
INFO: [ app_init ] --START--
INFO: Run Behavior\BuildLiteBehavior [ RunTime:0.000000s ]
INFO: [ app_init ] --END-- [ RunTime:0.000000s ]
INFO: [ app_begin ] --START--
INFO: Run Behavior\ReadHtmlCacheBehavior [ RunTime:0.001000s ]
INFO: Run Common\Behavior\InitConfigBehavior [ RunTime:0.001000s ]
INFO: [ app_begin ] --END-- [ RunTime:0.002000s ]
INFO: [ action_begin ] --START--
INFO: Run Common\Behavior\InitHookBehavior [ RunTime:0.002001s ]
INFO: [ action_begin ] --END-- [ RunTime:0.002001s ]
SQL: SHOW COLUMNS FROM `fz_admin` [ RunTime:0.0030s ]
SQL: SHOW COLUMNS FROM `fz_addon` [ RunTime:0.0030s ]
SQL: SELECT * FROM `fz_addon` WHERE `id` = 6 LIMIT 1   [ RunTime:0.0000s ]
INFO: [ view_parse ] --START--
INFO: [ template_filter ] --START--
INFO: Run Behavior\ContentReplaceBehavior [ RunTime:0.000000s ]
INFO: [ template_filter ] --END-- [ RunTime:0.000000s ]
NOTIC: [8] Undefined variable: action C:\wamp\Apache2.2\www\lycms\Runtime\Cache\Admin\57e8ca2d1dc64bd7731808b29fe3cce3.php 第 16 行.
NOTIC: [8] Undefined index: menu C:\wamp\Apache2.2\www\lycms\Runtime\Cache\Admin\57e8ca2d1dc64bd7731808b29fe3cce3.php 第 64 行.
NOTIC: [8] Use of undefined constant Weixin - assumed 'Weixin' C:\wamp\Apache2.2\www\lycms\Runtime\Cache\Admin\57e8ca2d1dc64bd7731808b29fe3cce3.php 第 87 行.
NOTIC: [8] Use of undefined constant Qq - assumed 'Qq' C:\wamp\Apache2.2\www\lycms\Runtime\Cache\Admin\57e8ca2d1dc64bd7731808b29fe3cce3.php 第 92 行.
NOTIC: [8] Use of undefined constant Sina - assumed 'Sina' C:\wamp\Apache2.2\www\lycms\Runtime\Cache\Admin\57e8ca2d1dc64bd7731808b29fe3cce3.php 第 97 行.
NOTIC: [8] Use of undefined constant Renren - assumed 'Renren' C:\wamp\Apache2.2\www\lycms\Runtime\Cache\Admin\57e8ca2d1dc64bd7731808b29fe3cce3.php 第 102 行.
INFO: Run Behavior\ParseTemplateBehavior [ RunTime:0.030001s ]
INFO: [ view_parse ] --END-- [ RunTime:0.031001s ]
INFO: [ view_filter ] --START--
INFO: Run Behavior\WriteHtmlCacheBehavior [ RunTime:0.000000s ]
INFO: [ view_filter ] --END-- [ RunTime:0.000000s ]
INFO: [ app_end ] --START--
INFO: Run Behavior\ShowPageTraceBehavior [ RunTime:0.001001s ]
INFO: [ app_end ] --END-- [ RunTime:0.001001s ]

[ 2015-12-09T09:40:27+08:00 ] 127.0.0.1 /admin/addon/config/id/6.html
INFO: [ app_init ] --START--
INFO: Run Behavior\BuildLiteBehavior [ RunTime:0.000000s ]
INFO: [ app_init ] --END-- [ RunTime:0.000000s ]
INFO: [ app_begin ] --START--
INFO: Run Behavior\ReadHtmlCacheBehavior [ RunTime:0.001000s ]
INFO: Run Common\Behavior\InitConfigBehavior [ RunTime:0.001001s ]
INFO: [ app_begin ] --END-- [ RunTime:0.002001s ]
INFO: [ action_begin ] --START--
INFO: Run Common\Behavior\InitHookBehavior [ RunTime:0.002000s ]
INFO: [ action_begin ] --END-- [ RunTime:0.002000s ]
SQL: SHOW COLUMNS FROM `fz_admin` [ RunTime:0.0030s ]
SQL: SHOW COLUMNS FROM `fz_addon` [ RunTime:0.0020s ]
SQL: SELECT * FROM `fz_addon` WHERE `id` = 6 LIMIT 1   [ RunTime:0.0000s ]
INFO: [ view_parse ] --START--
INFO: [ template_filter ] --START--
INFO: Run Behavior\ContentReplaceBehavior [ RunTime:0.000000s ]
INFO: [ template_filter ] --END-- [ RunTime:0.000000s ]
NOTIC: [8] Undefined variable: action C:\wamp\Apache2.2\www\lycms\Runtime\Cache\Admin\57e8ca2d1dc64bd7731808b29fe3cce3.php 第 16 行.
NOTIC: [8] Undefined index: menu C:\wamp\Apache2.2\www\lycms\Runtime\Cache\Admin\57e8ca2d1dc64bd7731808b29fe3cce3.php 第 64 行.
NOTIC: [8] Use of undefined constant Weixin - assumed 'Weixin' C:\wamp\Apache2.2\www\lycms\Runtime\Cache\Admin\57e8ca2d1dc64bd7731808b29fe3cce3.php 第 87 行.
NOTIC: [8] Use of undefined constant Qq - assumed 'Qq' C:\wamp\Apache2.2\www\lycms\Runtime\Cache\Admin\57e8ca2d1dc64bd7731808b29fe3cce3.php 第 92 行.
NOTIC: [8] Use of undefined constant Sina - assumed 'Sina' C:\wamp\Apache2.2\www\lycms\Runtime\Cache\Admin\57e8ca2d1dc64bd7731808b29fe3cce3.php 第 97 行.
NOTIC: [8] Use of undefined constant Renren - assumed 'Renren' C:\wamp\Apache2.2\www\lycms\Runtime\Cache\Admin\57e8ca2d1dc64bd7731808b29fe3cce3.php 第 102 行.
INFO: Run Behavior\ParseTemplateBehavior [ RunTime:0.013001s ]
INFO: [ view_parse ] --END-- [ RunTime:0.013001s ]
INFO: [ view_filter ] --START--
INFO: Run Behavior\WriteHtmlCacheBehavior [ RunTime:0.001000s ]
INFO: [ view_filter ] --END-- [ RunTime:0.001000s ]
INFO: [ app_end ] --START--
INFO: Run Behavior\ShowPageTraceBehavior [ RunTime:0.001000s ]
INFO: [ app_end ] --END-- [ RunTime:0.001000s ]

[ 2015-12-09T09:40:27+08:00 ] 127.0.0.1 /admin/addon/config/id/6.html
INFO: [ app_init ] --START--
INFO: Run Behavior\BuildLiteBehavior [ RunTime:0.000000s ]
INFO: [ app_init ] --END-- [ RunTime:0.000000s ]
INFO: [ app_begin ] --START--
INFO: Run Behavior\ReadHtmlCacheBehavior [ RunTime:0.000000s ]
INFO: Run Common\Behavior\InitConfigBehavior [ RunTime:0.001000s ]
INFO: [ app_begin ] --END-- [ RunTime:0.001000s ]
INFO: [ action_begin ] --START--
INFO: Run Common\Behavior\InitHookBehavior [ RunTime:0.002001s ]
INFO: [ action_begin ] --END-- [ RunTime:0.002001s ]
SQL: SHOW COLUMNS FROM `fz_admin` [ RunTime:0.0030s ]
SQL: SHOW COLUMNS FROM `fz_addon` [ RunTime:0.0040s ]
SQL: SELECT * FROM `fz_addon` WHERE `id` = 6 LIMIT 1   [ RunTime:0.0000s ]
INFO: [ view_parse ] --START--
INFO: [ template_filter ] --START--
INFO: Run Behavior\ContentReplaceBehavior [ RunTime:0.000000s ]
INFO: [ template_filter ] --END-- [ RunTime:0.000000s ]
NOTIC: [8] Undefined variable: action C:\wamp\Apache2.2\www\lycms\Runtime\Cache\Admin\57e8ca2d1dc64bd7731808b29fe3cce3.php 第 16 行.
NOTIC: [8] Undefined index: menu C:\wamp\Apache2.2\www\lycms\Runtime\Cache\Admin\57e8ca2d1dc64bd7731808b29fe3cce3.php 第 64 行.
NOTIC: [8] Use of undefined constant Weixin - assumed 'Weixin' C:\wamp\Apache2.2\www\lycms\Runtime\Cache\Admin\57e8ca2d1dc64bd7731808b29fe3cce3.php 第 87 行.
NOTIC: [8] Use of undefined constant Qq - assumed 'Qq' C:\wamp\Apache2.2\www\lycms\Runtime\Cache\Admin\57e8ca2d1dc64bd7731808b29fe3cce3.php 第 92 行.
NOTIC: [8] Use of undefined constant Sina - assumed 'Sina' C:\wamp\Apache2.2\www\lycms\Runtime\Cache\Admin\57e8ca2d1dc64bd7731808b29fe3cce3.php 第 97 行.
NOTIC: [8] Use of undefined constant Renren - assumed 'Renren' C:\wamp\Apache2.2\www\lycms\Runtime\Cache\Admin\57e8ca2d1dc64bd7731808b29fe3cce3.php 第 102 行.
INFO: Run Behavior\ParseTemplateBehavior [ RunTime:0.012000s ]
INFO: [ view_parse ] --END-- [ RunTime:0.012000s ]
INFO: [ view_filter ] --START--
INFO: Run Behavior\WriteHtmlCacheBehavior [ RunTime:0.000000s ]
INFO: [ view_filter ] --END-- [ RunTime:0.000000s ]
INFO: [ app_end ] --START--
INFO: Run Behavior\ShowPageTraceBehavior [ RunTime:0.000000s ]
INFO: [ app_end ] --END-- [ RunTime:0.000000s ]

[ 2015-12-09T09:40:27+08:00 ] 127.0.0.1 /admin/addon/config/id/6.html
INFO: [ app_init ] --START--
INFO: Run Behavior\BuildLiteBehavior [ RunTime:0.000000s ]
INFO: [ app_init ] --END-- [ RunTime:0.000000s ]
INFO: [ app_begin ] --START--
INFO: Run Behavior\ReadHtmlCacheBehavior [ RunTime:0.001000s ]
INFO: Run Common\Behavior\InitConfigBehavior [ RunTime:0.001000s ]
INFO: [ app_begin ] --END-- [ RunTime:0.002000s ]
INFO: [ action_begin ] --START--
INFO: Run Common\Behavior\InitHookBehavior [ RunTime:0.002000s ]
INFO: [ action_begin ] --END-- [ RunTime:0.002000s ]
SQL: SHOW COLUMNS FROM `fz_admin` [ RunTime:0.0030s ]
SQL: SHOW COLUMNS FROM `fz_addon` [ RunTime:0.0020s ]
SQL: SELECT * FROM `fz_addon` WHERE `id` = 6 LIMIT 1   [ RunTime:0.0000s ]
INFO: [ view_parse ] --START--
INFO: [ template_filter ] --START--
INFO: Run Behavior\ContentReplaceBehavior [ RunTime:0.000000s ]
INFO: [ template_filter ] --END-- [ RunTime:0.000000s ]
NOTIC: [8] Undefined variable: action C:\wamp\Apache2.2\www\lycms\Runtime\Cache\Admin\57e8ca2d1dc64bd7731808b29fe3cce3.php 第 16 行.
NOTIC: [8] Undefined index: menu C:\wamp\Apache2.2\www\lycms\Runtime\Cache\Admin\57e8ca2d1dc64bd7731808b29fe3cce3.php 第 64 行.
NOTIC: [8] Use of undefined constant Weixin - assumed 'Weixin' C:\wamp\Apache2.2\www\lycms\Runtime\Cache\Admin\57e8ca2d1dc64bd7731808b29fe3cce3.php 第 87 行.
NOTIC: [8] Use of undefined constant Qq - assumed 'Qq' C:\wamp\Apache2.2\www\lycms\Runtime\Cache\Admin\57e8ca2d1dc64bd7731808b29fe3cce3.php 第 92 行.
NOTIC: [8] Use of undefined constant Sina - assumed 'Sina' C:\wamp\Apache2.2\www\lycms\Runtime\Cache\Admin\57e8ca2d1dc64bd7731808b29fe3cce3.php 第 97 行.
NOTIC: [8] Use of undefined constant Renren - assumed 'Renren' C:\wamp\Apache2.2\www\lycms\Runtime\Cache\Admin\57e8ca2d1dc64bd7731808b29fe3cce3.php 第 102 行.
INFO: Run Behavior\ParseTemplateBehavior [ RunTime:0.012001s ]
INFO: [ view_parse ] --END-- [ RunTime:0.012001s ]
INFO: [ view_filter ] --START--
INFO: Run Behavior\WriteHtmlCacheBehavior [ RunTime:0.001000s ]
INFO: [ view_filter ] --END-- [ RunTime:0.001000s ]
INFO: [ app_end ] --START--
INFO: Run Behavior\ShowPageTraceBehavior [ RunTime:0.001000s ]
INFO: [ app_end ] --END-- [ RunTime:0.001000s ]

[ 2015-12-09T09:40:28+08:00 ] 127.0.0.1 /admin/addon/config/id/6.html
INFO: [ app_init ] --START--
INFO: Run Behavior\BuildLiteBehavior [ RunTime:0.000000s ]
INFO: [ app_init ] --END-- [ RunTime:0.000000s ]
INFO: [ app_begin ] --START--
INFO: Run Behavior\ReadHtmlCacheBehavior [ RunTime:0.001000s ]
INFO: Run Common\Behavior\InitConfigBehavior [ RunTime:0.001001s ]
INFO: [ app_begin ] --END-- [ RunTime:0.002001s ]
INFO: [ action_begin ] --START--
INFO: Run Common\Behavior\InitHookBehavior [ RunTime:0.001000s ]
INFO: [ action_begin ] --END-- [ RunTime:0.001000s ]
SQL: SHOW COLUMNS FROM `fz_admin` [ RunTime:0.0040s ]
SQL: SHOW COLUMNS FROM `fz_addon` [ RunTime:0.0110s ]
SQL: SELECT * FROM `fz_addon` WHERE `id` = 6 LIMIT 1   [ RunTime:0.0010s ]
INFO: [ view_parse ] --START--
INFO: [ template_filter ] --START--
INFO: Run Behavior\ContentReplaceBehavior [ RunTime:0.000000s ]
INFO: [ template_filter ] --END-- [ RunTime:0.000000s ]
NOTIC: [8] Undefined variable: action C:\wamp\Apache2.2\www\lycms\Runtime\Cache\Admin\57e8ca2d1dc64bd7731808b29fe3cce3.php 第 16 行.
NOTIC: [8] Undefined index: menu C:\wamp\Apache2.2\www\lycms\Runtime\Cache\Admin\57e8ca2d1dc64bd7731808b29fe3cce3.php 第 64 行.
NOTIC: [8] Use of undefined constant Weixin - assumed 'Weixin' C:\wamp\Apache2.2\www\lycms\Runtime\Cache\Admin\57e8ca2d1dc64bd7731808b29fe3cce3.php 第 87 行.
NOTIC: [8] Use of undefined constant Qq - assumed 'Qq' C:\wamp\Apache2.2\www\lycms\Runtime\Cache\Admin\57e8ca2d1dc64bd7731808b29fe3cce3.php 第 92 行.
NOTIC: [8] Use of undefined constant Sina - assumed 'Sina' C:\wamp\Apache2.2\www\lycms\Runtime\Cache\Admin\57e8ca2d1dc64bd7731808b29fe3cce3.php 第 97 行.
NOTIC: [8] Use of undefined constant Renren - assumed 'Renren' C:\wamp\Apache2.2\www\lycms\Runtime\Cache\Admin\57e8ca2d1dc64bd7731808b29fe3cce3.php 第 102 行.
INFO: Run Behavior\ParseTemplateBehavior [ RunTime:0.013001s ]
INFO: [ view_parse ] --END-- [ RunTime:0.013001s ]
INFO: [ view_filter ] --START--
INFO: Run Behavior\WriteHtmlCacheBehavior [ RunTime:0.001000s ]
INFO: [ view_filter ] --END-- [ RunTime:0.001000s ]
INFO: [ app_end ] --START--
INFO: Run Behavior\ShowPageTraceBehavior [ RunTime:0.001000s ]
INFO: [ app_end ] --END-- [ RunTime:0.001000s ]

[ 2015-12-09T09:40:28+08:00 ] 127.0.0.1 /admin/addon/config/id/6.html
INFO: [ app_init ] --START--
INFO: Run Behavior\BuildLiteBehavior [ RunTime:0.000000s ]
INFO: [ app_init ] --END-- [ RunTime:0.000000s ]
INFO: [ app_begin ] --START--
INFO: Run Behavior\ReadHtmlCacheBehavior [ RunTime:0.000000s ]
INFO: Run Common\Behavior\InitConfigBehavior [ RunTime:0.001000s ]
INFO: [ app_begin ] --END-- [ RunTime:0.001000s ]
INFO: [ action_begin ] --START--
INFO: Run Common\Behavior\InitHookBehavior [ RunTime:0.002000s ]
INFO: [ action_begin ] --END-- [ RunTime:0.002000s ]
SQL: SHOW COLUMNS FROM `fz_admin` [ RunTime:0.0030s ]
SQL: SHOW COLUMNS FROM `fz_addon` [ RunTime:0.0020s ]
SQL: SELECT * FROM `fz_addon` WHERE `id` = 6 LIMIT 1   [ RunTime:0.0000s ]
INFO: [ view_parse ] --START--
INFO: [ template_filter ] --START--
INFO: Run Behavior\ContentReplaceBehavior [ RunTime:0.000000s ]
INFO: [ template_filter ] --END-- [ RunTime:0.000000s ]
NOTIC: [8] Undefined variable: action C:\wamp\Apache2.2\www\lycms\Runtime\Cache\Admin\57e8ca2d1dc64bd7731808b29fe3cce3.php 第 16 行.
NOTIC: [8] Undefined index: menu C:\wamp\Apache2.2\www\lycms\Runtime\Cache\Admin\57e8ca2d1dc64bd7731808b29fe3cce3.php 第 64 行.
NOTIC: [8] Use of undefined constant Weixin - assumed 'Weixin' C:\wamp\Apache2.2\www\lycms\Runtime\Cache\Admin\57e8ca2d1dc64bd7731808b29fe3cce3.php 第 87 行.
NOTIC: [8] Use of undefined constant Qq - assumed 'Qq' C:\wamp\Apache2.2\www\lycms\Runtime\Cache\Admin\57e8ca2d1dc64bd7731808b29fe3cce3.php 第 92 行.
NOTIC: [8] Use of undefined constant Sina - assumed 'Sina' C:\wamp\Apache2.2\www\lycms\Runtime\Cache\Admin\57e8ca2d1dc64bd7731808b29fe3cce3.php 第 97 行.
NOTIC: [8] Use of undefined constant Renren - assumed 'Renren' C:\wamp\Apache2.2\www\lycms\Runtime\Cache\Admin\57e8ca2d1dc64bd7731808b29fe3cce3.php 第 102 行.
INFO: Run Behavior\ParseTemplateBehavior [ RunTime:0.012001s ]
INFO: [ view_parse ] --END-- [ RunTime:0.012001s ]
INFO: [ view_filter ] --START--
INFO: Run Behavior\WriteHtmlCacheBehavior [ RunTime:0.001000s ]
INFO: [ view_filter ] --END-- [ RunTime:0.001000s ]
INFO: [ app_end ] --START--
INFO: Run Behavior\ShowPageTraceBehavior [ RunTime:0.001000s ]
INFO: [ app_end ] --END-- [ RunTime:0.001000s ]

[ 2015-12-09T09:40:28+08:00 ] 127.0.0.1 /admin/addon/config/id/6.html
INFO: [ app_init ] --START--
INFO: Run Behavior\BuildLiteBehavior [ RunTime:0.000000s ]
INFO: [ app_init ] --END-- [ RunTime:0.000000s ]
INFO: [ app_begin ] --START--
INFO: Run Behavior\ReadHtmlCacheBehavior [ RunTime:0.001000s ]
INFO: Run Common\Behavior\InitConfigBehavior [ RunTime:0.000000s ]
INFO: [ app_begin ] --END-- [ RunTime:0.001000s ]
INFO: [ action_begin ] --START--
INFO: Run Common\Behavior\InitHookBehavior [ RunTime:0.001000s ]
INFO: [ action_begin ] --END-- [ RunTime:0.001000s ]
SQL: SHOW COLUMNS FROM `fz_admin` [ RunTime:0.0030s ]
SQL: SHOW COLUMNS FROM `fz_addon` [ RunTime:0.0020s ]
SQL: SELECT * FROM `fz_addon` WHERE `id` = 6 LIMIT 1   [ RunTime:0.0010s ]
INFO: [ view_parse ] --START--
INFO: [ template_filter ] --START--
INFO: Run Behavior\ContentReplaceBehavior [ RunTime:0.000000s ]
INFO: [ template_filter ] --END-- [ RunTime:0.001000s ]
NOTIC: [8] Undefined variable: action C:\wamp\Apache2.2\www\lycms\Runtime\Cache\Admin\57e8ca2d1dc64bd7731808b29fe3cce3.php 第 16 行.
NOTIC: [8] Undefined index: menu C:\wamp\Apache2.2\www\lycms\Runtime\Cache\Admin\57e8ca2d1dc64bd7731808b29fe3cce3.php 第 64 行.
NOTIC: [8] Use of undefined constant Weixin - assumed 'Weixin' C:\wamp\Apache2.2\www\lycms\Runtime\Cache\Admin\57e8ca2d1dc64bd7731808b29fe3cce3.php 第 87 行.
NOTIC: [8] Use of undefined constant Qq - assumed 'Qq' C:\wamp\Apache2.2\www\lycms\Runtime\Cache\Admin\57e8ca2d1dc64bd7731808b29fe3cce3.php 第 92 行.
NOTIC: [8] Use of undefined constant Sina - assumed 'Sina' C:\wamp\Apache2.2\www\lycms\Runtime\Cache\Admin\57e8ca2d1dc64bd7731808b29fe3cce3.php 第 97 行.
NOTIC: [8] Use of undefined constant Renren - assumed 'Renren' C:\wamp\Apache2.2\www\lycms\Runtime\Cache\Admin\57e8ca2d1dc64bd7731808b29fe3cce3.php 第 102 行.
INFO: Run Behavior\ParseTemplateBehavior [ RunTime:0.012000s ]
INFO: [ view_parse ] --END-- [ RunTime:0.012000s ]
INFO: [ view_filter ] --START--
INFO: Run Behavior\WriteHtmlCacheBehavior [ RunTime:0.001001s ]
INFO: [ view_filter ] --END-- [ RunTime:0.001001s ]
INFO: [ app_end ] --START--
INFO: Run Behavior\ShowPageTraceBehavior [ RunTime:0.001000s ]
INFO: [ app_end ] --END-- [ RunTime:0.001000s ]

[ 2015-12-09T09:40:28+08:00 ] 127.0.0.1 /admin/addon/config/id/6.html
INFO: [ app_init ] --START--
INFO: Run Behavior\BuildLiteBehavior [ RunTime:0.000000s ]
INFO: [ app_init ] --END-- [ RunTime:0.000000s ]
INFO: [ app_begin ] --START--
INFO: Run Behavior\ReadHtmlCacheBehavior [ RunTime:0.000000s ]
INFO: Run Common\Behavior\InitConfigBehavior [ RunTime:0.001000s ]
INFO: [ app_begin ] --END-- [ RunTime:0.001000s ]
INFO: [ action_begin ] --START--
INFO: Run Common\Behavior\InitHookBehavior [ RunTime:0.001000s ]
INFO: [ action_begin ] --END-- [ RunTime:0.002000s ]
SQL: SHOW COLUMNS FROM `fz_admin` [ RunTime:0.0170s ]
SQL: SHOW COLUMNS FROM `fz_addon` [ RunTime:0.0030s ]
SQL: SELECT * FROM `fz_addon` WHERE `id` = 6 LIMIT 1   [ RunTime:0.0000s ]
INFO: [ view_parse ] --START--
INFO: [ template_filter ] --START--
INFO: Run Behavior\ContentReplaceBehavior [ RunTime:0.000000s ]
INFO: [ template_filter ] --END-- [ RunTime:0.000000s ]
NOTIC: [8] Undefined variable: action C:\wamp\Apache2.2\www\lycms\Runtime\Cache\Admin\57e8ca2d1dc64bd7731808b29fe3cce3.php 第 16 行.
NOTIC: [8] Undefined index: menu C:\wamp\Apache2.2\www\lycms\Runtime\Cache\Admin\57e8ca2d1dc64bd7731808b29fe3cce3.php 第 64 行.
NOTIC: [8] Use of undefined constant Weixin - assumed 'Weixin' C:\wamp\Apache2.2\www\lycms\Runtime\Cache\Admin\57e8ca2d1dc64bd7731808b29fe3cce3.php 第 87 行.
NOTIC: [8] Use of undefined constant Qq - assumed 'Qq' C:\wamp\Apache2.2\www\lycms\Runtime\Cache\Admin\57e8ca2d1dc64bd7731808b29fe3cce3.php 第 92 行.
NOTIC: [8] Use of undefined constant Sina - assumed 'Sina' C:\wamp\Apache2.2\www\lycms\Runtime\Cache\Admin\57e8ca2d1dc64bd7731808b29fe3cce3.php 第 97 行.
NOTIC: [8] Use of undefined constant Renren - assumed 'Renren' C:\wamp\Apache2.2\www\lycms\Runtime\Cache\Admin\57e8ca2d1dc64bd7731808b29fe3cce3.php 第 102 行.
INFO: Run Behavior\ParseTemplateBehavior [ RunTime:0.013000s ]
INFO: [ view_parse ] --END-- [ RunTime:0.013000s ]
INFO: [ view_filter ] --START--
INFO: Run Behavior\WriteHtmlCacheBehavior [ RunTime:0.001000s ]
INFO: [ view_filter ] --END-- [ RunTime:0.001000s ]
INFO: [ app_end ] --START--
INFO: Run Behavior\ShowPageTraceBehavior [ RunTime:0.001000s ]
INFO: [ app_end ] --END-- [ RunTime:0.001000s ]

[ 2015-12-09T09:42:04+08:00 ] 127.0.0.1 /admin/addon/config/id/6.html
INFO: [ app_init ] --START--
INFO: Run Behavior\BuildLiteBehavior [ RunTime:0.000000s ]
INFO: [ app_init ] --END-- [ RunTime:0.000000s ]
INFO: [ app_begin ] --START--
INFO: Run Behavior\ReadHtmlCacheBehavior [ RunTime:0.000000s ]
INFO: Run Common\Behavior\InitConfigBehavior [ RunTime:0.001000s ]
INFO: [ app_begin ] --END-- [ RunTime:0.001000s ]
INFO: [ action_begin ] --START--
INFO: Run Common\Behavior\InitHookBehavior [ RunTime:0.001000s ]
INFO: [ action_begin ] --END-- [ RunTime:0.001000s ]
SQL: SHOW COLUMNS FROM `fz_admin` [ RunTime:0.0990s ]
SQL: SHOW COLUMNS FROM `fz_addon` [ RunTime:0.0070s ]
SQL: UPDATE `fz_addon` SET `config`='{\"type\":[\"Weixin\",\"Qq\",\"Sina\",\"Renren\"],\"AlipayEmail\":\"admin@cscss.com.cn\",\"AlipayKey\":\"d2xikoqf3u6lgduu2cvcwhwlzxyg921s\",\"AlipayPartner\":\"2088802787884316\",\"QqKey\":\"e82573dc7e6136ba414f2e2affbe39fa\",\"QqPartner\":\"1900000113\",\"KqKey\":\"1234567897654321\",\"KqPartner\":\"1000300079901\",\"UnKey\":\"88888888\",\"UnPartner\":\"105550149170027\"}' WHERE ( id=3 ) [ RunTime:0.0010s ]
INFO: [ view_parse ] --START--
INFO: [ template_filter ] --START--
INFO: Run Behavior\ContentReplaceBehavior [ RunTime:0.000000s ]
INFO: [ template_filter ] --END-- [ RunTime:0.000000s ]
INFO: Run Behavior\ParseTemplateBehavior [ RunTime:0.007001s ]
INFO: [ view_parse ] --END-- [ RunTime:0.007001s ]
INFO: [ view_filter ] --START--
INFO: Run Behavior\WriteHtmlCacheBehavior [ RunTime:0.001000s ]
INFO: [ view_filter ] --END-- [ RunTime:0.001000s ]
INFO: [ app_end ] --START--
INFO: Run Behavior\ShowPageTraceBehavior [ RunTime:0.001000s ]
INFO: [ app_end ] --END-- [ RunTime:0.001000s ]

[ 2015-12-09T09:42:05+08:00 ] 127.0.0.1 /admin/addon/index.html
INFO: [ app_init ] --START--
INFO: Run Behavior\BuildLiteBehavior [ RunTime:0.000000s ]
INFO: [ app_init ] --END-- [ RunTime:0.000000s ]
INFO: [ app_begin ] --START--
INFO: Run Behavior\ReadHtmlCacheBehavior [ RunTime:0.001000s ]
INFO: Run Common\Behavior\InitConfigBehavior [ RunTime:0.001000s ]
INFO: [ app_begin ] --END-- [ RunTime:0.002000s ]
INFO: [ action_begin ] --START--
INFO: Run Common\Behavior\InitHookBehavior [ RunTime:0.002000s ]
INFO: [ action_begin ] --END-- [ RunTime:0.002000s ]
SQL: SHOW COLUMNS FROM `fz_admin` [ RunTime:0.0040s ]
SQL: SHOW COLUMNS FROM `fz_addon` [ RunTime:0.0030s ]
SQL: SELECT * FROM `fz_addon`  [ RunTime:0.0000s ]
INFO: [ view_parse ] --START--
INFO: [ template_filter ] --START--
INFO: Run Behavior\ContentReplaceBehavior [ RunTime:0.000000s ]
INFO: [ template_filter ] --END-- [ RunTime:0.000000s ]
NOTIC: [8] Undefined variable: action C:\wamp\Apache2.2\www\lycms\Runtime\Cache\Admin\fedec8e4a8018035083b68b3d3e264ca.php 第 16 行.
NOTIC: [8] Undefined index: menu C:\wamp\Apache2.2\www\lycms\Runtime\Cache\Admin\fedec8e4a8018035083b68b3d3e264ca.php 第 64 行.
INFO: Run Behavior\ParseTemplateBehavior [ RunTime:0.012001s ]
INFO: [ view_parse ] --END-- [ RunTime:0.012001s ]
INFO: [ view_filter ] --START--
INFO: Run Behavior\WriteHtmlCacheBehavior [ RunTime:0.000000s ]
INFO: [ view_filter ] --END-- [ RunTime:0.000000s ]
INFO: [ app_end ] --START--
INFO: Run Behavior\ShowPageTraceBehavior [ RunTime:0.002000s ]
INFO: [ app_end ] --END-- [ RunTime:0.002000s ]

[ 2015-12-09T09:42:07+08:00 ] 127.0.0.1 /admin/addon/index.html
INFO: [ app_init ] --START--
INFO: Run Behavior\BuildLiteBehavior [ RunTime:0.000000s ]
INFO: [ app_init ] --END-- [ RunTime:0.000000s ]
INFO: [ app_begin ] --START--
INFO: Run Behavior\ReadHtmlCacheBehavior [ RunTime:0.000000s ]
INFO: Run Common\Behavior\InitConfigBehavior [ RunTime:0.001000s ]
INFO: [ app_begin ] --END-- [ RunTime:0.001000s ]
INFO: [ action_begin ] --START--
INFO: Run Common\Behavior\InitHookBehavior [ RunTime:0.002000s ]
INFO: [ action_begin ] --END-- [ RunTime:0.002000s ]
SQL: SHOW COLUMNS FROM `fz_admin` [ RunTime:0.0030s ]
SQL: SHOW COLUMNS FROM `fz_addon` [ RunTime:0.0030s ]
SQL: SELECT * FROM `fz_addon`  [ RunTime:0.0000s ]
INFO: [ view_parse ] --START--
INFO: [ template_filter ] --START--
INFO: Run Behavior\ContentReplaceBehavior [ RunTime:0.000000s ]
INFO: [ template_filter ] --END-- [ RunTime:0.000000s ]
NOTIC: [8] Undefined variable: action C:\wamp\Apache2.2\www\lycms\Runtime\Cache\Admin\fedec8e4a8018035083b68b3d3e264ca.php 第 16 行.
NOTIC: [8] Undefined index: menu C:\wamp\Apache2.2\www\lycms\Runtime\Cache\Admin\fedec8e4a8018035083b68b3d3e264ca.php 第 64 行.
INFO: Run Behavior\ParseTemplateBehavior [ RunTime:0.012001s ]
INFO: [ view_parse ] --END-- [ RunTime:0.012001s ]
INFO: [ view_filter ] --START--
INFO: Run Behavior\WriteHtmlCacheBehavior [ RunTime:0.001000s ]
INFO: [ view_filter ] --END-- [ RunTime:0.001000s ]
INFO: [ app_end ] --START--
INFO: Run Behavior\ShowPageTraceBehavior [ RunTime:0.001000s ]
INFO: [ app_end ] --END-- [ RunTime:0.001000s ]

[ 2015-12-09T09:42:07+08:00 ] 127.0.0.1 /admin/addon/index.html
INFO: [ app_init ] --START--
INFO: Run Behavior\BuildLiteBehavior [ RunTime:0.000000s ]
INFO: [ app_init ] --END-- [ RunTime:0.000000s ]
INFO: [ app_begin ] --START--
INFO: Run Behavior\ReadHtmlCacheBehavior [ RunTime:0.001000s ]
INFO: Run Common\Behavior\InitConfigBehavior [ RunTime:0.001000s ]
INFO: [ app_begin ] --END-- [ RunTime:0.002000s ]
INFO: [ action_begin ] --START--
INFO: Run Common\Behavior\InitHookBehavior [ RunTime:0.002000s ]
INFO: [ action_begin ] --END-- [ RunTime:0.002000s ]
SQL: SHOW COLUMNS FROM `fz_admin` [ RunTime:0.0020s ]
SQL: SHOW COLUMNS FROM `fz_addon` [ RunTime:0.0030s ]
SQL: SELECT * FROM `fz_addon`  [ RunTime:0.0000s ]
INFO: [ view_parse ] --START--
INFO: [ template_filter ] --START--
INFO: Run Behavior\ContentReplaceBehavior [ RunTime:0.000000s ]
INFO: [ template_filter ] --END-- [ RunTime:0.000000s ]
NOTIC: [8] Undefined variable: action C:\wamp\Apache2.2\www\lycms\Runtime\Cache\Admin\fedec8e4a8018035083b68b3d3e264ca.php 第 16 行.
NOTIC: [8] Undefined index: menu C:\wamp\Apache2.2\www\lycms\Runtime\Cache\Admin\fedec8e4a8018035083b68b3d3e264ca.php 第 64 行.
INFO: Run Behavior\ParseTemplateBehavior [ RunTime:0.012001s ]
INFO: [ view_parse ] --END-- [ RunTime:0.012001s ]
INFO: [ view_filter ] --START--
INFO: Run Behavior\WriteHtmlCacheBehavior [ RunTime:0.001000s ]
INFO: [ view_filter ] --END-- [ RunTime:0.001000s ]
INFO: [ app_end ] --START--
INFO: Run Behavior\ShowPageTraceBehavior [ RunTime:0.001000s ]
INFO: [ app_end ] --END-- [ RunTime:0.001000s ]

[ 2015-12-09T09:42:08+08:00 ] 127.0.0.1 /admin/addon/config/id/6.html
INFO: [ app_init ] --START--
INFO: Run Behavior\BuildLiteBehavior [ RunTime:0.000000s ]
INFO: [ app_init ] --END-- [ RunTime:0.000000s ]
INFO: [ app_begin ] --START--
INFO: Run Behavior\ReadHtmlCacheBehavior [ RunTime:0.000000s ]
INFO: Run Common\Behavior\InitConfigBehavior [ RunTime:0.001000s ]
INFO: [ app_begin ] --END-- [ RunTime:0.001000s ]
INFO: [ action_begin ] --START--
INFO: Run Common\Behavior\InitHookBehavior [ RunTime:0.002000s ]
INFO: [ action_begin ] --END-- [ RunTime:0.002000s ]
SQL: SHOW COLUMNS FROM `fz_admin` [ RunTime:0.0030s ]
SQL: SHOW COLUMNS FROM `fz_addon` [ RunTime:0.0030s ]
SQL: SELECT * FROM `fz_addon` WHERE `id` = 6 LIMIT 1   [ RunTime:0.0010s ]
INFO: [ view_parse ] --START--
INFO: [ template_filter ] --START--
INFO: Run Behavior\ContentReplaceBehavior [ RunTime:0.000000s ]
INFO: [ template_filter ] --END-- [ RunTime:0.000000s ]
NOTIC: [8] Undefined variable: action C:\wamp\Apache2.2\www\lycms\Runtime\Cache\Admin\57e8ca2d1dc64bd7731808b29fe3cce3.php 第 16 行.
NOTIC: [8] Undefined index: menu C:\wamp\Apache2.2\www\lycms\Runtime\Cache\Admin\57e8ca2d1dc64bd7731808b29fe3cce3.php 第 64 行.
NOTIC: [8] Use of undefined constant Weixin - assumed 'Weixin' C:\wamp\Apache2.2\www\lycms\Runtime\Cache\Admin\57e8ca2d1dc64bd7731808b29fe3cce3.php 第 87 行.
NOTIC: [8] Use of undefined constant Qq - assumed 'Qq' C:\wamp\Apache2.2\www\lycms\Runtime\Cache\Admin\57e8ca2d1dc64bd7731808b29fe3cce3.php 第 92 行.
NOTIC: [8] Use of undefined constant Sina - assumed 'Sina' C:\wamp\Apache2.2\www\lycms\Runtime\Cache\Admin\57e8ca2d1dc64bd7731808b29fe3cce3.php 第 97 行.
NOTIC: [8] Use of undefined constant Renren - assumed 'Renren' C:\wamp\Apache2.2\www\lycms\Runtime\Cache\Admin\57e8ca2d1dc64bd7731808b29fe3cce3.php 第 102 行.
INFO: Run Behavior\ParseTemplateBehavior [ RunTime:0.013001s ]
INFO: [ view_parse ] --END-- [ RunTime:0.013001s ]
INFO: [ view_filter ] --START--
INFO: Run Behavior\WriteHtmlCacheBehavior [ RunTime:0.001000s ]
INFO: [ view_filter ] --END-- [ RunTime:0.001000s ]
INFO: [ app_end ] --START--
INFO: Run Behavior\ShowPageTraceBehavior [ RunTime:0.001000s ]
INFO: [ app_end ] --END-- [ RunTime:0.001000s ]

[ 2015-12-09T09:42:12+08:00 ] 127.0.0.1 /admin/addon/config/id/6.html
INFO: [ app_init ] --START--
INFO: Run Behavior\BuildLiteBehavior [ RunTime:0.000000s ]
INFO: [ app_init ] --END-- [ RunTime:0.000000s ]
INFO: [ app_begin ] --START--
INFO: Run Behavior\ReadHtmlCacheBehavior [ RunTime:0.001000s ]
INFO: Run Common\Behavior\InitConfigBehavior [ RunTime:0.001000s ]
INFO: [ app_begin ] --END-- [ RunTime:0.002000s ]
INFO: [ action_begin ] --START--
INFO: Run Common\Behavior\InitHookBehavior [ RunTime:0.003000s ]
INFO: [ action_begin ] --END-- [ RunTime:0.003000s ]
SQL: SHOW COLUMNS FROM `fz_admin` [ RunTime:0.0030s ]
SQL: SHOW COLUMNS FROM `fz_addon` [ RunTime:0.0030s ]
SQL: SELECT * FROM `fz_addon` WHERE `id` = 6 LIMIT 1   [ RunTime:0.0000s ]
INFO: [ view_parse ] --START--
INFO: [ template_filter ] --START--
INFO: Run Behavior\ContentReplaceBehavior [ RunTime:0.000000s ]
INFO: [ template_filter ] --END-- [ RunTime:0.000000s ]
NOTIC: [8] Undefined variable: action C:\wamp\Apache2.2\www\lycms\Runtime\Cache\Admin\57e8ca2d1dc64bd7731808b29fe3cce3.php 第 16 行.
NOTIC: [8] Undefined index: menu C:\wamp\Apache2.2\www\lycms\Runtime\Cache\Admin\57e8ca2d1dc64bd7731808b29fe3cce3.php 第 64 行.
NOTIC: [8] Use of undefined constant Weixin - assumed 'Weixin' C:\wamp\Apache2.2\www\lycms\Runtime\Cache\Admin\57e8ca2d1dc64bd7731808b29fe3cce3.php 第 87 行.
NOTIC: [8] Use of undefined constant Qq - assumed 'Qq' C:\wamp\Apache2.2\www\lycms\Runtime\Cache\Admin\57e8ca2d1dc64bd7731808b29fe3cce3.php 第 92 行.
NOTIC: [8] Use of undefined constant Sina - assumed 'Sina' C:\wamp\Apache2.2\www\lycms\Runtime\Cache\Admin\57e8ca2d1dc64bd7731808b29fe3cce3.php 第 97 行.
NOTIC: [8] Use of undefined constant Renren - assumed 'Renren' C:\wamp\Apache2.2\www\lycms\Runtime\Cache\Admin\57e8ca2d1dc64bd7731808b29fe3cce3.php 第 102 行.
INFO: Run Behavior\ParseTemplateBehavior [ RunTime:0.012001s ]
INFO: [ view_parse ] --END-- [ RunTime:0.013001s ]
INFO: [ view_filter ] --START--
INFO: Run Behavior\WriteHtmlCacheBehavior [ RunTime:0.000000s ]
INFO: [ view_filter ] --END-- [ RunTime:0.000000s ]
INFO: [ app_end ] --START--
INFO: Run Behavior\ShowPageTraceBehavior [ RunTime:0.001000s ]
INFO: [ app_end ] --END-- [ RunTime:0.001000s ]

[ 2015-12-09T09:42:12+08:00 ] 127.0.0.1 /admin/addon/config/id/6.html
INFO: [ app_init ] --START--
INFO: Run Behavior\BuildLiteBehavior [ RunTime:0.000000s ]
INFO: [ app_init ] --END-- [ RunTime:0.000000s ]
INFO: [ app_begin ] --START--
INFO: Run Behavior\ReadHtmlCacheBehavior [ RunTime:0.000000s ]
INFO: Run Common\Behavior\InitConfigBehavior [ RunTime:0.000000s ]
INFO: [ app_begin ] --END-- [ RunTime:0.001000s ]
INFO: [ action_begin ] --START--
INFO: Run Common\Behavior\InitHookBehavior [ RunTime:0.002000s ]
INFO: [ action_begin ] --END-- [ RunTime:0.002000s ]
SQL: SHOW COLUMNS FROM `fz_admin` [ RunTime:0.0030s ]
SQL: SHOW COLUMNS FROM `fz_addon` [ RunTime:0.0030s ]
SQL: SELECT * FROM `fz_addon` WHERE `id` = 6 LIMIT 1   [ RunTime:0.0000s ]
INFO: [ view_parse ] --START--
INFO: [ template_filter ] --START--
INFO: Run Behavior\ContentReplaceBehavior [ RunTime:0.000000s ]
INFO: [ template_filter ] --END-- [ RunTime:0.000000s ]
NOTIC: [8] Undefined variable: action C:\wamp\Apache2.2\www\lycms\Runtime\Cache\Admin\57e8ca2d1dc64bd7731808b29fe3cce3.php 第 16 行.
NOTIC: [8] Undefined index: menu C:\wamp\Apache2.2\www\lycms\Runtime\Cache\Admin\57e8ca2d1dc64bd7731808b29fe3cce3.php 第 64 行.
NOTIC: [8] Use of undefined constant Weixin - assumed 'Weixin' C:\wamp\Apache2.2\www\lycms\Runtime\Cache\Admin\57e8ca2d1dc64bd7731808b29fe3cce3.php 第 87 行.
NOTIC: [8] Use of undefined constant Qq - assumed 'Qq' C:\wamp\Apache2.2\www\lycms\Runtime\Cache\Admin\57e8ca2d1dc64bd7731808b29fe3cce3.php 第 92 行.
NOTIC: [8] Use of undefined constant Sina - assumed 'Sina' C:\wamp\Apache2.2\www\lycms\Runtime\Cache\Admin\57e8ca2d1dc64bd7731808b29fe3cce3.php 第 97 行.
NOTIC: [8] Use of undefined constant Renren - assumed 'Renren' C:\wamp\Apache2.2\www\lycms\Runtime\Cache\Admin\57e8ca2d1dc64bd7731808b29fe3cce3.php 第 102 行.
INFO: Run Behavior\ParseTemplateBehavior [ RunTime:0.013001s ]
INFO: [ view_parse ] --END-- [ RunTime:0.013001s ]
INFO: [ view_filter ] --START--
INFO: Run Behavior\WriteHtmlCacheBehavior [ RunTime:0.001000s ]
INFO: [ view_filter ] --END-- [ RunTime:0.001000s ]
INFO: [ app_end ] --START--
INFO: Run Behavior\ShowPageTraceBehavior [ RunTime:0.001000s ]
INFO: [ app_end ] --END-- [ RunTime:0.001000s ]

[ 2015-12-09T09:44:15+08:00 ] 127.0.0.1 /admin/addon/config/id/6.html
INFO: [ app_init ] --START--
INFO: Run Behavior\BuildLiteBehavior [ RunTime:0.000000s ]
INFO: [ app_init ] --END-- [ RunTime:0.000000s ]
INFO: [ app_begin ] --START--
INFO: Run Behavior\ReadHtmlCacheBehavior [ RunTime:0.001000s ]
INFO: Run Common\Behavior\InitConfigBehavior [ RunTime:0.003000s ]
INFO: [ app_begin ] --END-- [ RunTime:0.004000s ]
INFO: [ action_begin ] --START--
INFO: Run Common\Behavior\InitHookBehavior [ RunTime:0.003000s ]
INFO: [ action_begin ] --END-- [ RunTime:0.003000s ]
SQL: SHOW COLUMNS FROM `fz_admin` [ RunTime:0.0030s ]
SQL: SHOW COLUMNS FROM `fz_addon` [ RunTime:0.0030s ]
SQL: SELECT * FROM `fz_addon` WHERE `id` = 6 LIMIT 1   [ RunTime:0.0000s ]
INFO: [ view_parse ] --START--
INFO: [ template_filter ] --START--
INFO: Run Behavior\ContentReplaceBehavior [ RunTime:0.000000s ]
INFO: [ template_filter ] --END-- [ RunTime:0.000000s ]
NOTIC: [8] Undefined variable: action C:\wamp\Apache2.2\www\lycms\Runtime\Cache\Admin\57e8ca2d1dc64bd7731808b29fe3cce3.php 第 16 行.
NOTIC: [8] Undefined index: menu C:\wamp\Apache2.2\www\lycms\Runtime\Cache\Admin\57e8ca2d1dc64bd7731808b29fe3cce3.php 第 64 行.
NOTIC: [8] Use of undefined constant Weixin - assumed 'Weixin' C:\wamp\Apache2.2\www\lycms\Runtime\Cache\Admin\57e8ca2d1dc64bd7731808b29fe3cce3.php 第 87 行.
NOTIC: [8] Use of undefined constant Qq - assumed 'Qq' C:\wamp\Apache2.2\www\lycms\Runtime\Cache\Admin\57e8ca2d1dc64bd7731808b29fe3cce3.php 第 92 行.
NOTIC: [8] Use of undefined constant Sina - assumed 'Sina' C:\wamp\Apache2.2\www\lycms\Runtime\Cache\Admin\57e8ca2d1dc64bd7731808b29fe3cce3.php 第 97 行.
NOTIC: [8] Use of undefined constant Renren - assumed 'Renren' C:\wamp\Apache2.2\www\lycms\Runtime\Cache\Admin\57e8ca2d1dc64bd7731808b29fe3cce3.php 第 102 行.
INFO: Run Behavior\ParseTemplateBehavior [ RunTime:0.013001s ]
INFO: [ view_parse ] --END-- [ RunTime:0.013001s ]
INFO: [ view_filter ] --START--
INFO: Run Behavior\WriteHtmlCacheBehavior [ RunTime:0.001000s ]
INFO: [ view_filter ] --END-- [ RunTime:0.001000s ]
INFO: [ app_end ] --START--
INFO: Run Behavior\ShowPageTraceBehavior [ RunTime:0.001000s ]
INFO: [ app_end ] --END-- [ RunTime:0.001000s ]

[ 2015-12-09T09:44:16+08:00 ] 127.0.0.1 /admin/addon/config/id/6.html
INFO: [ app_init ] --START--
INFO: Run Behavior\BuildLiteBehavior [ RunTime:0.000000s ]
INFO: [ app_init ] --END-- [ RunTime:0.000000s ]
INFO: [ app_begin ] --START--
INFO: Run Behavior\ReadHtmlCacheBehavior [ RunTime:0.001000s ]
INFO: Run Common\Behavior\InitConfigBehavior [ RunTime:0.002000s ]
INFO: [ app_begin ] --END-- [ RunTime:0.003000s ]
INFO: [ action_begin ] --START--
INFO: Run Common\Behavior\InitHookBehavior [ RunTime:0.003000s ]
INFO: [ action_begin ] --END-- [ RunTime:0.003000s ]
SQL: SHOW COLUMNS FROM `fz_admin` [ RunTime:0.0030s ]
SQL: SHOW COLUMNS FROM `fz_addon` [ RunTime:0.0030s ]
SQL: SELECT * FROM `fz_addon` WHERE `id` = 6 LIMIT 1   [ RunTime:0.0000s ]
INFO: [ view_parse ] --START--
INFO: [ template_filter ] --START--
INFO: Run Behavior\ContentReplaceBehavior [ RunTime:0.000000s ]
INFO: [ template_filter ] --END-- [ RunTime:0.000000s ]
NOTIC: [8] Undefined variable: action C:\wamp\Apache2.2\www\lycms\Runtime\Cache\Admin\57e8ca2d1dc64bd7731808b29fe3cce3.php 第 16 行.
NOTIC: [8] Undefined index: menu C:\wamp\Apache2.2\www\lycms\Runtime\Cache\Admin\57e8ca2d1dc64bd7731808b29fe3cce3.php 第 64 行.
NOTIC: [8] Use of undefined constant Weixin - assumed 'Weixin' C:\wamp\Apache2.2\www\lycms\Runtime\Cache\Admin\57e8ca2d1dc64bd7731808b29fe3cce3.php 第 87 行.
NOTIC: [8] Use of undefined constant Qq - assumed 'Qq' C:\wamp\Apache2.2\www\lycms\Runtime\Cache\Admin\57e8ca2d1dc64bd7731808b29fe3cce3.php 第 92 行.
NOTIC: [8] Use of undefined constant Sina - assumed 'Sina' C:\wamp\Apache2.2\www\lycms\Runtime\Cache\Admin\57e8ca2d1dc64bd7731808b29fe3cce3.php 第 97 行.
NOTIC: [8] Use of undefined constant Renren - assumed 'Renren' C:\wamp\Apache2.2\www\lycms\Runtime\Cache\Admin\57e8ca2d1dc64bd7731808b29fe3cce3.php 第 102 行.
INFO: Run Behavior\ParseTemplateBehavior [ RunTime:0.014001s ]
INFO: [ view_parse ] --END-- [ RunTime:0.014001s ]
INFO: [ view_filter ] --START--
INFO: Run Behavior\WriteHtmlCacheBehavior [ RunTime:0.000000s ]
INFO: [ view_filter ] --END-- [ RunTime:0.000000s ]
INFO: [ app_end ] --START--
INFO: Run Behavior\ShowPageTraceBehavior [ RunTime:0.001000s ]
INFO: [ app_end ] --END-- [ RunTime:0.001000s ]

[ 2015-12-09T09:44:16+08:00 ] 127.0.0.1 /admin/addon/config/id/6.html
INFO: [ app_init ] --START--
INFO: Run Behavior\BuildLiteBehavior [ RunTime:0.000000s ]
INFO: [ app_init ] --END-- [ RunTime:0.000000s ]
INFO: [ app_begin ] --START--
INFO: Run Behavior\ReadHtmlCacheBehavior [ RunTime:0.001000s ]
INFO: Run Common\Behavior\InitConfigBehavior [ RunTime:0.001000s ]
INFO: [ app_begin ] --END-- [ RunTime:0.002000s ]
INFO: [ action_begin ] --START--
INFO: Run Common\Behavior\InitHookBehavior [ RunTime:0.002000s ]
INFO: [ action_begin ] --END-- [ RunTime:0.002000s ]
SQL: SHOW COLUMNS FROM `fz_admin` [ RunTime:0.0030s ]
SQL: SHOW COLUMNS FROM `fz_addon` [ RunTime:0.0030s ]
SQL: SELECT * FROM `fz_addon` WHERE `id` = 6 LIMIT 1   [ RunTime:0.0000s ]
INFO: [ view_parse ] --START--
INFO: [ template_filter ] --START--
INFO: Run Behavior\ContentReplaceBehavior [ RunTime:0.000000s ]
INFO: [ template_filter ] --END-- [ RunTime:0.000000s ]
NOTIC: [8] Undefined variable: action C:\wamp\Apache2.2\www\lycms\Runtime\Cache\Admin\57e8ca2d1dc64bd7731808b29fe3cce3.php 第 16 行.
NOTIC: [8] Undefined index: menu C:\wamp\Apache2.2\www\lycms\Runtime\Cache\Admin\57e8ca2d1dc64bd7731808b29fe3cce3.php 第 64 行.
NOTIC: [8] Use of undefined constant Weixin - assumed 'Weixin' C:\wamp\Apache2.2\www\lycms\Runtime\Cache\Admin\57e8ca2d1dc64bd7731808b29fe3cce3.php 第 87 行.
NOTIC: [8] Use of undefined constant Qq - assumed 'Qq' C:\wamp\Apache2.2\www\lycms\Runtime\Cache\Admin\57e8ca2d1dc64bd7731808b29fe3cce3.php 第 92 行.
NOTIC: [8] Use of undefined constant Sina - assumed 'Sina' C:\wamp\Apache2.2\www\lycms\Runtime\Cache\Admin\57e8ca2d1dc64bd7731808b29fe3cce3.php 第 97 行.
NOTIC: [8] Use of undefined constant Renren - assumed 'Renren' C:\wamp\Apache2.2\www\lycms\Runtime\Cache\Admin\57e8ca2d1dc64bd7731808b29fe3cce3.php 第 102 行.
INFO: Run Behavior\ParseTemplateBehavior [ RunTime:0.012001s ]
INFO: [ view_parse ] --END-- [ RunTime:0.012001s ]
INFO: [ view_filter ] --START--
INFO: Run Behavior\WriteHtmlCacheBehavior [ RunTime:0.000000s ]
INFO: [ view_filter ] --END-- [ RunTime:0.000000s ]
INFO: [ app_end ] --START--
INFO: Run Behavior\ShowPageTraceBehavior [ RunTime:0.001000s ]
INFO: [ app_end ] --END-- [ RunTime:0.001000s ]

[ 2015-12-09T09:44:16+08:00 ] 127.0.0.1 /admin/addon/config/id/6.html
INFO: [ app_init ] --START--
INFO: Run Behavior\BuildLiteBehavior [ RunTime:0.000000s ]
INFO: [ app_init ] --END-- [ RunTime:0.000000s ]
INFO: [ app_begin ] --START--
INFO: Run Behavior\ReadHtmlCacheBehavior [ RunTime:0.001000s ]
INFO: Run Common\Behavior\InitConfigBehavior [ RunTime:0.000000s ]
INFO: [ app_begin ] --END-- [ RunTime:0.001000s ]
INFO: [ action_begin ] --START--
INFO: Run Common\Behavior\InitHookBehavior [ RunTime:0.001000s ]
INFO: [ action_begin ] --END-- [ RunTime:0.001000s ]
SQL: SHOW COLUMNS FROM `fz_admin` [ RunTime:0.0030s ]
SQL: SHOW COLUMNS FROM `fz_addon` [ RunTime:0.0030s ]
SQL: SELECT * FROM `fz_addon` WHERE `id` = 6 LIMIT 1   [ RunTime:0.0000s ]
INFO: [ view_parse ] --START--
INFO: [ template_filter ] --START--
INFO: Run Behavior\ContentReplaceBehavior [ RunTime:0.000000s ]
INFO: [ template_filter ] --END-- [ RunTime:0.000000s ]
NOTIC: [8] Undefined variable: action C:\wamp\Apache2.2\www\lycms\Runtime\Cache\Admin\57e8ca2d1dc64bd7731808b29fe3cce3.php 第 16 行.
NOTIC: [8] Undefined index: menu C:\wamp\Apache2.2\www\lycms\Runtime\Cache\Admin\57e8ca2d1dc64bd7731808b29fe3cce3.php 第 64 行.
NOTIC: [8] Use of undefined constant Weixin - assumed 'Weixin' C:\wamp\Apache2.2\www\lycms\Runtime\Cache\Admin\57e8ca2d1dc64bd7731808b29fe3cce3.php 第 87 行.
NOTIC: [8] Use of undefined constant Qq - assumed 'Qq' C:\wamp\Apache2.2\www\lycms\Runtime\Cache\Admin\57e8ca2d1dc64bd7731808b29fe3cce3.php 第 92 行.
NOTIC: [8] Use of undefined constant Sina - assumed 'Sina' C:\wamp\Apache2.2\www\lycms\Runtime\Cache\Admin\57e8ca2d1dc64bd7731808b29fe3cce3.php 第 97 行.
NOTIC: [8] Use of undefined constant Renren - assumed 'Renren' C:\wamp\Apache2.2\www\lycms\Runtime\Cache\Admin\57e8ca2d1dc64bd7731808b29fe3cce3.php 第 102 行.
INFO: Run Behavior\ParseTemplateBehavior [ RunTime:0.010001s ]
INFO: [ view_parse ] --END-- [ RunTime:0.010001s ]
INFO: [ view_filter ] --START--
INFO: Run Behavior\WriteHtmlCacheBehavior [ RunTime:0.001000s ]
INFO: [ view_filter ] --END-- [ RunTime:0.001000s ]
INFO: [ app_end ] --START--
INFO: Run Behavior\ShowPageTraceBehavior [ RunTime:0.001000s ]
INFO: [ app_end ] --END-- [ RunTime:0.001000s ]

[ 2015-12-09T09:44:16+08:00 ] 127.0.0.1 /admin/addon/config/id/6.html
INFO: [ app_init ] --START--
INFO: Run Behavior\BuildLiteBehavior [ RunTime:0.000000s ]
INFO: [ app_init ] --END-- [ RunTime:0.000000s ]
INFO: [ app_begin ] --START--
INFO: Run Behavior\ReadHtmlCacheBehavior [ RunTime:0.001000s ]
INFO: Run Common\Behavior\InitConfigBehavior [ RunTime:0.001000s ]
INFO: [ app_begin ] --END-- [ RunTime:0.002000s ]
INFO: [ action_begin ] --START--
INFO: Run Common\Behavior\InitHookBehavior [ RunTime:0.002000s ]
INFO: [ action_begin ] --END-- [ RunTime:0.002000s ]
SQL: SHOW COLUMNS FROM `fz_admin` [ RunTime:0.0030s ]
SQL: SHOW COLUMNS FROM `fz_addon` [ RunTime:0.0030s ]
SQL: SELECT * FROM `fz_addon` WHERE `id` = 6 LIMIT 1   [ RunTime:0.0000s ]
INFO: [ view_parse ] --START--
INFO: [ template_filter ] --START--
INFO: Run Behavior\ContentReplaceBehavior [ RunTime:0.000000s ]
INFO: [ template_filter ] --END-- [ RunTime:0.000000s ]
NOTIC: [8] Undefined variable: action C:\wamp\Apache2.2\www\lycms\Runtime\Cache\Admin\57e8ca2d1dc64bd7731808b29fe3cce3.php 第 16 行.
NOTIC: [8] Undefined index: menu C:\wamp\Apache2.2\www\lycms\Runtime\Cache\Admin\57e8ca2d1dc64bd7731808b29fe3cce3.php 第 64 行.
NOTIC: [8] Use of undefined constant Weixin - assumed 'Weixin' C:\wamp\Apache2.2\www\lycms\Runtime\Cache\Admin\57e8ca2d1dc64bd7731808b29fe3cce3.php 第 87 行.
NOTIC: [8] Use of undefined constant Qq - assumed 'Qq' C:\wamp\Apache2.2\www\lycms\Runtime\Cache\Admin\57e8ca2d1dc64bd7731808b29fe3cce3.php 第 92 行.
NOTIC: [8] Use of undefined constant Sina - assumed 'Sina' C:\wamp\Apache2.2\www\lycms\Runtime\Cache\Admin\57e8ca2d1dc64bd7731808b29fe3cce3.php 第 97 行.
NOTIC: [8] Use of undefined constant Renren - assumed 'Renren' C:\wamp\Apache2.2\www\lycms\Runtime\Cache\Admin\57e8ca2d1dc64bd7731808b29fe3cce3.php 第 102 行.
INFO: Run Behavior\ParseTemplateBehavior [ RunTime:0.010001s ]
INFO: [ view_parse ] --END-- [ RunTime:0.010001s ]
INFO: [ view_filter ] --START--
INFO: Run Behavior\WriteHtmlCacheBehavior [ RunTime:0.001000s ]
INFO: [ view_filter ] --END-- [ RunTime:0.001000s ]
INFO: [ app_end ] --START--
INFO: Run Behavior\ShowPageTraceBehavior [ RunTime:0.001000s ]
INFO: [ app_end ] --END-- [ RunTime:0.001000s ]

[ 2015-12-09T09:44:16+08:00 ] 127.0.0.1 /admin/addon/config/id/6.html
INFO: [ app_init ] --START--
INFO: Run Behavior\BuildLiteBehavior [ RunTime:0.000000s ]
INFO: [ app_init ] --END-- [ RunTime:0.000000s ]
INFO: [ app_begin ] --START--
INFO: Run Behavior\ReadHtmlCacheBehavior [ RunTime:0.001000s ]
INFO: Run Common\Behavior\InitConfigBehavior [ RunTime:0.001000s ]
INFO: [ app_begin ] --END-- [ RunTime:0.002000s ]
INFO: [ action_begin ] --START--
INFO: Run Common\Behavior\InitHookBehavior [ RunTime:0.002000s ]
INFO: [ action_begin ] --END-- [ RunTime:0.002000s ]
SQL: SHOW COLUMNS FROM `fz_admin` [ RunTime:0.0040s ]
SQL: SHOW COLUMNS FROM `fz_addon` [ RunTime:0.0030s ]
SQL: SELECT * FROM `fz_addon` WHERE `id` = 6 LIMIT 1   [ RunTime:0.0000s ]
INFO: [ view_parse ] --START--
INFO: [ template_filter ] --START--
INFO: Run Behavior\ContentReplaceBehavior [ RunTime:0.000000s ]
INFO: [ template_filter ] --END-- [ RunTime:0.000000s ]
NOTIC: [8] Undefined variable: action C:\wamp\Apache2.2\www\lycms\Runtime\Cache\Admin\57e8ca2d1dc64bd7731808b29fe3cce3.php 第 16 行.
NOTIC: [8] Undefined index: menu C:\wamp\Apache2.2\www\lycms\Runtime\Cache\Admin\57e8ca2d1dc64bd7731808b29fe3cce3.php 第 64 行.
NOTIC: [8] Use of undefined constant Weixin - assumed 'Weixin' C:\wamp\Apache2.2\www\lycms\Runtime\Cache\Admin\57e8ca2d1dc64bd7731808b29fe3cce3.php 第 87 行.
NOTIC: [8] Use of undefined constant Qq - assumed 'Qq' C:\wamp\Apache2.2\www\lycms\Runtime\Cache\Admin\57e8ca2d1dc64bd7731808b29fe3cce3.php 第 92 行.
NOTIC: [8] Use of undefined constant Sina - assumed 'Sina' C:\wamp\Apache2.2\www\lycms\Runtime\Cache\Admin\57e8ca2d1dc64bd7731808b29fe3cce3.php 第 97 行.
NOTIC: [8] Use of undefined constant Renren - assumed 'Renren' C:\wamp\Apache2.2\www\lycms\Runtime\Cache\Admin\57e8ca2d1dc64bd7731808b29fe3cce3.php 第 102 行.
INFO: Run Behavior\ParseTemplateBehavior [ RunTime:0.011001s ]
INFO: [ view_parse ] --END-- [ RunTime:0.011001s ]
INFO: [ view_filter ] --START--
INFO: Run Behavior\WriteHtmlCacheBehavior [ RunTime:0.001000s ]
INFO: [ view_filter ] --END-- [ RunTime:0.001000s ]
INFO: [ app_end ] --START--
INFO: Run Behavior\ShowPageTraceBehavior [ RunTime:0.001000s ]
INFO: [ app_end ] --END-- [ RunTime:0.001000s ]

[ 2015-12-09T09:44:19+08:00 ] 127.0.0.1 /admin/addon/index.html
INFO: [ app_init ] --START--
INFO: Run Behavior\BuildLiteBehavior [ RunTime:0.000000s ]
INFO: [ app_init ] --END-- [ RunTime:0.000000s ]
INFO: [ app_begin ] --START--
INFO: Run Behavior\ReadHtmlCacheBehavior [ RunTime:0.001000s ]
INFO: Run Common\Behavior\InitConfigBehavior [ RunTime:0.001000s ]
INFO: [ app_begin ] --END-- [ RunTime:0.002000s ]
INFO: [ action_begin ] --START--
INFO: Run Common\Behavior\InitHookBehavior [ RunTime:0.003000s ]
INFO: [ action_begin ] --END-- [ RunTime:0.003000s ]
SQL: SHOW COLUMNS FROM `fz_admin` [ RunTime:0.0050s ]
SQL: SHOW COLUMNS FROM `fz_addon` [ RunTime:0.0050s ]
SQL: SELECT * FROM `fz_addon`  [ RunTime:0.0000s ]
INFO: [ view_parse ] --START--
INFO: [ template_filter ] --START--
INFO: Run Behavior\ContentReplaceBehavior [ RunTime:0.000000s ]
INFO: [ template_filter ] --END-- [ RunTime:0.000000s ]
NOTIC: [8] Undefined variable: action C:\wamp\Apache2.2\www\lycms\Runtime\Cache\Admin\fedec8e4a8018035083b68b3d3e264ca.php 第 16 行.
NOTIC: [8] Undefined index: menu C:\wamp\Apache2.2\www\lycms\Runtime\Cache\Admin\fedec8e4a8018035083b68b3d3e264ca.php 第 64 行.
INFO: Run Behavior\ParseTemplateBehavior [ RunTime:0.017001s ]
INFO: [ view_parse ] --END-- [ RunTime:0.018001s ]
INFO: [ view_filter ] --START--
INFO: Run Behavior\WriteHtmlCacheBehavior [ RunTime:0.001000s ]
INFO: [ view_filter ] --END-- [ RunTime:0.001000s ]
INFO: [ app_end ] --START--
INFO: Run Behavior\ShowPageTraceBehavior [ RunTime:0.002000s ]
INFO: [ app_end ] --END-- [ RunTime:0.002000s ]

[ 2015-12-09T09:44:23+08:00 ] 127.0.0.1 /admin/addon/config/id/2.html
INFO: [ app_init ] --START--
INFO: Run Behavior\BuildLiteBehavior [ RunTime:0.000000s ]
INFO: [ app_init ] --END-- [ RunTime:0.000000s ]
INFO: [ app_begin ] --START--
INFO: Run Behavior\ReadHtmlCacheBehavior [ RunTime:0.000000s ]
INFO: Run Common\Behavior\InitConfigBehavior [ RunTime:0.001000s ]
INFO: [ app_begin ] --END-- [ RunTime:0.001000s ]
INFO: [ action_begin ] --START--
INFO: Run Common\Behavior\InitHookBehavior [ RunTime:0.002000s ]
INFO: [ action_begin ] --END-- [ RunTime:0.002000s ]
SQL: SHOW COLUMNS FROM `fz_admin` [ RunTime:0.0030s ]
SQL: SHOW COLUMNS FROM `fz_addon` [ RunTime:0.0030s ]
SQL: SELECT * FROM `fz_addon` WHERE `id` = 2 LIMIT 1   [ RunTime:0.0000s ]
INFO: [ view_parse ] --START--
INFO: [ template_filter ] --START--
INFO: Run Behavior\ContentReplaceBehavior [ RunTime:0.000000s ]
INFO: [ template_filter ] --END-- [ RunTime:0.000000s ]
NOTIC: [8] Undefined variable: action C:\wamp\Apache2.2\www\lycms\Runtime\Cache\Admin\388ee38905e7d981478dacaf4cc4dbef.php 第 16 行.
NOTIC: [8] Undefined index: menu C:\wamp\Apache2.2\www\lycms\Runtime\Cache\Admin\388ee38905e7d981478dacaf4cc4dbef.php 第 64 行.
INFO: Run Behavior\ParseTemplateBehavior [ RunTime:0.021002s ]
INFO: [ view_parse ] --END-- [ RunTime:0.021002s ]
INFO: [ view_filter ] --START--
INFO: Run Behavior\WriteHtmlCacheBehavior [ RunTime:0.001000s ]
INFO: [ view_filter ] --END-- [ RunTime:0.001000s ]
INFO: [ app_end ] --START--
INFO: Run Behavior\ShowPageTraceBehavior [ RunTime:0.001000s ]
INFO: [ app_end ] --END-- [ RunTime:0.001000s ]

[ 2015-12-09T09:44:27+08:00 ] 127.0.0.1 /admin/addon/config/id/3.html
INFO: [ app_init ] --START--
INFO: Run Behavior\BuildLiteBehavior [ RunTime:0.000000s ]
INFO: [ app_init ] --END-- [ RunTime:0.000000s ]
INFO: [ app_begin ] --START--
INFO: Run Behavior\ReadHtmlCacheBehavior [ RunTime:0.000000s ]
INFO: Run Common\Behavior\InitConfigBehavior [ RunTime:0.002000s ]
INFO: [ app_begin ] --END-- [ RunTime:0.002000s ]
INFO: [ action_begin ] --START--
INFO: Run Common\Behavior\InitHookBehavior [ RunTime:0.002000s ]
INFO: [ action_begin ] --END-- [ RunTime:0.002000s ]
SQL: SHOW COLUMNS FROM `fz_admin` [ RunTime:0.0030s ]
SQL: SHOW COLUMNS FROM `fz_addon` [ RunTime:0.0030s ]
SQL: SELECT * FROM `fz_addon` WHERE `id` = 3 LIMIT 1   [ RunTime:0.0010s ]
INFO: [ view_parse ] --START--
INFO: [ template_filter ] --START--
INFO: Run Behavior\ContentReplaceBehavior [ RunTime:0.000000s ]
INFO: [ template_filter ] --END-- [ RunTime:0.000000s ]
NOTIC: [8] Undefined variable: action C:\wamp\Apache2.2\www\lycms\Runtime\Cache\Admin\8f1a48ea8d2be2ba8cdce808761d47ba.php 第 16 行.
NOTIC: [8] Undefined index: menu C:\wamp\Apache2.2\www\lycms\Runtime\Cache\Admin\8f1a48ea8d2be2ba8cdce808761d47ba.php 第 64 行.
NOTIC: [8] Use of undefined constant Weixin - assumed 'Weixin' C:\wamp\Apache2.2\www\lycms\Runtime\Cache\Admin\8f1a48ea8d2be2ba8cdce808761d47ba.php 第 87 行.
NOTIC: [8] Use of undefined constant Qq - assumed 'Qq' C:\wamp\Apache2.2\www\lycms\Runtime\Cache\Admin\8f1a48ea8d2be2ba8cdce808761d47ba.php 第 92 行.
NOTIC: [8] Use of undefined constant Sina - assumed 'Sina' C:\wamp\Apache2.2\www\lycms\Runtime\Cache\Admin\8f1a48ea8d2be2ba8cdce808761d47ba.php 第 97 行.
NOTIC: [8] Use of undefined constant Renren - assumed 'Renren' C:\wamp\Apache2.2\www\lycms\Runtime\Cache\Admin\8f1a48ea8d2be2ba8cdce808761d47ba.php 第 102 行.
NOTIC: [8] Undefined index: meta C:\wamp\Apache2.2\www\lycms\Runtime\Cache\Admin\8f1a48ea8d2be2ba8cdce808761d47ba.php 第 112 行.
NOTIC: [8] Undefined index: WeixinKEY C:\wamp\Apache2.2\www\lycms\Runtime\Cache\Admin\8f1a48ea8d2be2ba8cdce808761d47ba.php 第 139 行.
NOTIC: [8] Undefined index: WeixinSecret C:\wamp\Apache2.2\www\lycms\Runtime\Cache\Admin\8f1a48ea8d2be2ba8cdce808761d47ba.php 第 146 行.
NOTIC: [8] Undefined index: QqKEY C:\wamp\Apache2.2\www\lycms\Runtime\Cache\Admin\8f1a48ea8d2be2ba8cdce808761d47ba.php 第 157 行.
NOTIC: [8] Undefined index: QqSecret C:\wamp\Apache2.2\www\lycms\Runtime\Cache\Admin\8f1a48ea8d2be2ba8cdce808761d47ba.php 第 164 行.
NOTIC: [8] Undefined index: SinaKEY C:\wamp\Apache2.2\www\lycms\Runtime\Cache\Admin\8f1a48ea8d2be2ba8cdce808761d47ba.php 第 174 行.
NOTIC: [8] Undefined index: SinaSecret C:\wamp\Apache2.2\www\lycms\Runtime\Cache\Admin\8f1a48ea8d2be2ba8cdce808761d47ba.php 第 181 行.
NOTIC: [8] Undefined index: RenrenKEY C:\wamp\Apache2.2\www\lycms\Runtime\Cache\Admin\8f1a48ea8d2be2ba8cdce808761d47ba.php 第 191 行.
NOTIC: [8] Undefined index: RenrenSecret C:\wamp\Apache2.2\www\lycms\Runtime\Cache\Admin\8f1a48ea8d2be2ba8cdce808761d47ba.php 第 198 行.
INFO: Run Behavior\ParseTemplateBehavior [ RunTime:0.019001s ]
INFO: [ view_parse ] --END-- [ RunTime:0.019001s ]
INFO: [ view_filter ] --START--
INFO: Run Behavior\WriteHtmlCacheBehavior [ RunTime:0.001000s ]
INFO: [ view_filter ] --END-- [ RunTime:0.001000s ]
INFO: [ app_end ] --START--
INFO: Run Behavior\ShowPageTraceBehavior [ RunTime:0.001000s ]
INFO: [ app_end ] --END-- [ RunTime:0.001000s ]

[ 2015-12-09T09:44:32+08:00 ] 127.0.0.1 /admin/addon/index.html
INFO: [ app_init ] --START--
INFO: Run Behavior\BuildLiteBehavior [ RunTime:0.000000s ]
INFO: [ app_init ] --END-- [ RunTime:0.000000s ]
INFO: [ app_begin ] --START--
INFO: Run Behavior\ReadHtmlCacheBehavior [ RunTime:0.001000s ]
INFO: Run Common\Behavior\InitConfigBehavior [ RunTime:0.001000s ]
INFO: [ app_begin ] --END-- [ RunTime:0.002000s ]
INFO: [ action_begin ] --START--
INFO: Run Common\Behavior\InitHookBehavior [ RunTime:0.002001s ]
INFO: [ action_begin ] --END-- [ RunTime:0.002001s ]
SQL: SHOW COLUMNS FROM `fz_admin` [ RunTime:0.0030s ]
SQL: SHOW COLUMNS FROM `fz_addon` [ RunTime:0.0030s ]
SQL: SELECT * FROM `fz_addon`  [ RunTime:0.0000s ]
INFO: [ view_parse ] --START--
INFO: [ template_filter ] --START--
INFO: Run Behavior\ContentReplaceBehavior [ RunTime:0.000000s ]
INFO: [ template_filter ] --END-- [ RunTime:0.000000s ]
NOTIC: [8] Undefined variable: action C:\wamp\Apache2.2\www\lycms\Runtime\Cache\Admin\fedec8e4a8018035083b68b3d3e264ca.php 第 16 行.
NOTIC: [8] Undefined index: menu C:\wamp\Apache2.2\www\lycms\Runtime\Cache\Admin\fedec8e4a8018035083b68b3d3e264ca.php 第 64 行.
INFO: Run Behavior\ParseTemplateBehavior [ RunTime:0.010001s ]
INFO: [ view_parse ] --END-- [ RunTime:0.010001s ]
INFO: [ view_filter ] --START--
INFO: Run Behavior\WriteHtmlCacheBehavior [ RunTime:0.001000s ]
INFO: [ view_filter ] --END-- [ RunTime:0.001000s ]
INFO: [ app_end ] --START--
INFO: Run Behavior\ShowPageTraceBehavior [ RunTime:0.001000s ]
INFO: [ app_end ] --END-- [ RunTime:0.001000s ]

[ 2015-12-09T09:44:35+08:00 ] 127.0.0.1 /admin/addon/config/id/6.html
INFO: [ app_init ] --START--
INFO: Run Behavior\BuildLiteBehavior [ RunTime:0.000000s ]
INFO: [ app_init ] --END-- [ RunTime:0.000000s ]
INFO: [ app_begin ] --START--
INFO: Run Behavior\ReadHtmlCacheBehavior [ RunTime:0.001000s ]
INFO: Run Common\Behavior\InitConfigBehavior [ RunTime:0.001000s ]
INFO: [ app_begin ] --END-- [ RunTime:0.002000s ]
INFO: [ action_begin ] --START--
INFO: Run Common\Behavior\InitHookBehavior [ RunTime:0.002001s ]
INFO: [ action_begin ] --END-- [ RunTime:0.002001s ]
SQL: SHOW COLUMNS FROM `fz_admin` [ RunTime:0.0030s ]
SQL: SHOW COLUMNS FROM `fz_addon` [ RunTime:0.0030s ]
SQL: SELECT * FROM `fz_addon` WHERE `id` = 6 LIMIT 1   [ RunTime:0.0000s ]
INFO: [ view_parse ] --START--
INFO: [ template_filter ] --START--
INFO: Run Behavior\ContentReplaceBehavior [ RunTime:0.001000s ]
INFO: [ template_filter ] --END-- [ RunTime:0.001000s ]
NOTIC: [8] Undefined variable: action C:\wamp\Apache2.2\www\lycms\Runtime\Cache\Admin\57e8ca2d1dc64bd7731808b29fe3cce3.php 第 16 行.
NOTIC: [8] Undefined index: menu C:\wamp\Apache2.2\www\lycms\Runtime\Cache\Admin\57e8ca2d1dc64bd7731808b29fe3cce3.php 第 64 行.
NOTIC: [8] Use of undefined constant Weixin - assumed 'Weixin' C:\wamp\Apache2.2\www\lycms\Runtime\Cache\Admin\57e8ca2d1dc64bd7731808b29fe3cce3.php 第 87 行.
NOTIC: [8] Use of undefined constant Qq - assumed 'Qq' C:\wamp\Apache2.2\www\lycms\Runtime\Cache\Admin\57e8ca2d1dc64bd7731808b29fe3cce3.php 第 92 行.
NOTIC: [8] Use of undefined constant Sina - assumed 'Sina' C:\wamp\Apache2.2\www\lycms\Runtime\Cache\Admin\57e8ca2d1dc64bd7731808b29fe3cce3.php 第 97 行.
NOTIC: [8] Use of undefined constant Renren - assumed 'Renren' C:\wamp\Apache2.2\www\lycms\Runtime\Cache\Admin\57e8ca2d1dc64bd7731808b29fe3cce3.php 第 102 行.
INFO: Run Behavior\ParseTemplateBehavior [ RunTime:0.011001s ]
INFO: [ view_parse ] --END-- [ RunTime:0.011001s ]
INFO: [ view_filter ] --START--
INFO: Run Behavior\WriteHtmlCacheBehavior [ RunTime:0.000000s ]
INFO: [ view_filter ] --END-- [ RunTime:0.000000s ]
INFO: [ app_end ] --START--
INFO: Run Behavior\ShowPageTraceBehavior [ RunTime:0.001000s ]
INFO: [ app_end ] --END-- [ RunTime:0.001000s ]

[ 2015-12-09T09:45:01+08:00 ] 127.0.0.1 /admin/addon/config/id/6.html
INFO: [ app_init ] --START--
INFO: Run Behavior\BuildLiteBehavior [ RunTime:0.000000s ]
INFO: [ app_init ] --END-- [ RunTime:0.000000s ]
INFO: [ app_begin ] --START--
INFO: Run Behavior\ReadHtmlCacheBehavior [ RunTime:0.001000s ]
INFO: Run Common\Behavior\InitConfigBehavior [ RunTime:0.002000s ]
INFO: [ app_begin ] --END-- [ RunTime:0.003000s ]
INFO: [ action_begin ] --START--
INFO: Run Common\Behavior\InitHookBehavior [ RunTime:0.002000s ]
INFO: [ action_begin ] --END-- [ RunTime:0.002000s ]
SQL: SHOW COLUMNS FROM `fz_admin` [ RunTime:0.0850s ]
SQL: SHOW COLUMNS FROM `fz_addon` [ RunTime:0.0100s ]
SQL: SELECT * FROM `fz_addon` WHERE `id` = 6 LIMIT 1   [ RunTime:0.0000s ]
INFO: [ view_parse ] --START--
INFO: [ template_filter ] --START--
INFO: Run Behavior\ContentReplaceBehavior [ RunTime:0.000000s ]
INFO: [ template_filter ] --END-- [ RunTime:0.000000s ]
NOTIC: [8] Undefined variable: action C:\wamp\Apache2.2\www\lycms\Runtime\Cache\Admin\57e8ca2d1dc64bd7731808b29fe3cce3.php 第 16 行.
NOTIC: [8] Undefined index: menu C:\wamp\Apache2.2\www\lycms\Runtime\Cache\Admin\57e8ca2d1dc64bd7731808b29fe3cce3.php 第 64 行.
NOTIC: [8] Use of undefined constant Weixin - assumed 'Weixin' C:\wamp\Apache2.2\www\lycms\Runtime\Cache\Admin\57e8ca2d1dc64bd7731808b29fe3cce3.php 第 87 行.
NOTIC: [8] Use of undefined constant Qq - assumed 'Qq' C:\wamp\Apache2.2\www\lycms\Runtime\Cache\Admin\57e8ca2d1dc64bd7731808b29fe3cce3.php 第 92 行.
NOTIC: [8] Use of undefined constant Sina - assumed 'Sina' C:\wamp\Apache2.2\www\lycms\Runtime\Cache\Admin\57e8ca2d1dc64bd7731808b29fe3cce3.php 第 97 行.
NOTIC: [8] Use of undefined constant Renren - assumed 'Renren' C:\wamp\Apache2.2\www\lycms\Runtime\Cache\Admin\57e8ca2d1dc64bd7731808b29fe3cce3.php 第 102 行.
INFO: Run Behavior\ParseTemplateBehavior [ RunTime:0.018001s ]
INFO: [ view_parse ] --END-- [ RunTime:0.018001s ]
INFO: [ view_filter ] --START--
INFO: Run Behavior\WriteHtmlCacheBehavior [ RunTime:0.001000s ]
INFO: [ view_filter ] --END-- [ RunTime:0.001000s ]
INFO: [ app_end ] --START--
INFO: Run Behavior\ShowPageTraceBehavior [ RunTime:0.002000s ]
INFO: [ app_end ] --END-- [ RunTime:0.002000s ]

[ 2015-12-09T09:45:02+08:00 ] 127.0.0.1 /admin/addon/config/id/6.html
INFO: [ app_init ] --START--
INFO: Run Behavior\BuildLiteBehavior [ RunTime:0.000000s ]
INFO: [ app_init ] --END-- [ RunTime:0.000000s ]
INFO: [ app_begin ] --START--
INFO: Run Behavior\ReadHtmlCacheBehavior [ RunTime:0.001000s ]
INFO: Run Common\Behavior\InitConfigBehavior [ RunTime:0.001000s ]
INFO: [ app_begin ] --END-- [ RunTime:0.002000s ]
INFO: [ action_begin ] --START--
INFO: Run Common\Behavior\InitHookBehavior [ RunTime:0.002000s ]
INFO: [ action_begin ] --END-- [ RunTime:0.002000s ]
SQL: SHOW COLUMNS FROM `fz_admin` [ RunTime:0.0030s ]
SQL: SHOW COLUMNS FROM `fz_addon` [ RunTime:0.0030s ]
SQL: SELECT * FROM `fz_addon` WHERE `id` = 6 LIMIT 1   [ RunTime:0.0000s ]
INFO: [ view_parse ] --START--
INFO: [ template_filter ] --START--
INFO: Run Behavior\ContentReplaceBehavior [ RunTime:0.000000s ]
INFO: [ template_filter ] --END-- [ RunTime:0.000000s ]
NOTIC: [8] Undefined variable: action C:\wamp\Apache2.2\www\lycms\Runtime\Cache\Admin\57e8ca2d1dc64bd7731808b29fe3cce3.php 第 16 行.
NOTIC: [8] Undefined index: menu C:\wamp\Apache2.2\www\lycms\Runtime\Cache\Admin\57e8ca2d1dc64bd7731808b29fe3cce3.php 第 64 行.
NOTIC: [8] Use of undefined constant Weixin - assumed 'Weixin' C:\wamp\Apache2.2\www\lycms\Runtime\Cache\Admin\57e8ca2d1dc64bd7731808b29fe3cce3.php 第 87 行.
NOTIC: [8] Use of undefined constant Qq - assumed 'Qq' C:\wamp\Apache2.2\www\lycms\Runtime\Cache\Admin\57e8ca2d1dc64bd7731808b29fe3cce3.php 第 92 行.
NOTIC: [8] Use of undefined constant Sina - assumed 'Sina' C:\wamp\Apache2.2\www\lycms\Runtime\Cache\Admin\57e8ca2d1dc64bd7731808b29fe3cce3.php 第 97 行.
NOTIC: [8] Use of undefined constant Renren - assumed 'Renren' C:\wamp\Apache2.2\www\lycms\Runtime\Cache\Admin\57e8ca2d1dc64bd7731808b29fe3cce3.php 第 102 行.
INFO: Run Behavior\ParseTemplateBehavior [ RunTime:0.011001s ]
INFO: [ view_parse ] --END-- [ RunTime:0.011001s ]
INFO: [ view_filter ] --START--
INFO: Run Behavior\WriteHtmlCacheBehavior [ RunTime:0.000000s ]
INFO: [ view_filter ] --END-- [ RunTime:0.000000s ]
INFO: [ app_end ] --START--
INFO: Run Behavior\ShowPageTraceBehavior [ RunTime:0.001000s ]
INFO: [ app_end ] --END-- [ RunTime:0.002000s ]

[ 2015-12-09T09:45:02+08:00 ] 127.0.0.1 /admin/addon/config/id/6.html
INFO: [ app_init ] --START--
INFO: Run Behavior\BuildLiteBehavior [ RunTime:0.000000s ]
INFO: [ app_init ] --END-- [ RunTime:0.000000s ]
INFO: [ app_begin ] --START--
INFO: Run Behavior\ReadHtmlCacheBehavior [ RunTime:0.001000s ]
INFO: Run Common\Behavior\InitConfigBehavior [ RunTime:0.000000s ]
INFO: [ app_begin ] --END-- [ RunTime:0.001000s ]
INFO: [ action_begin ] --START--
INFO: Run Common\Behavior\InitHookBehavior [ RunTime:0.001000s ]
INFO: [ action_begin ] --END-- [ RunTime:0.001000s ]
SQL: SHOW COLUMNS FROM `fz_admin` [ RunTime:0.0030s ]
SQL: SHOW COLUMNS FROM `fz_addon` [ RunTime:0.0030s ]
SQL: SELECT * FROM `fz_addon` WHERE `id` = 6 LIMIT 1   [ RunTime:0.0010s ]
INFO: [ view_parse ] --START--
INFO: [ template_filter ] --START--
INFO: Run Behavior\ContentReplaceBehavior [ RunTime:0.000000s ]
INFO: [ template_filter ] --END-- [ RunTime:0.000000s ]
NOTIC: [8] Undefined variable: action C:\wamp\Apache2.2\www\lycms\Runtime\Cache\Admin\57e8ca2d1dc64bd7731808b29fe3cce3.php 第 16 行.
NOTIC: [8] Undefined index: menu C:\wamp\Apache2.2\www\lycms\Runtime\Cache\Admin\57e8ca2d1dc64bd7731808b29fe3cce3.php 第 64 行.
NOTIC: [8] Use of undefined constant Weixin - assumed 'Weixin' C:\wamp\Apache2.2\www\lycms\Runtime\Cache\Admin\57e8ca2d1dc64bd7731808b29fe3cce3.php 第 87 行.
NOTIC: [8] Use of undefined constant Qq - assumed 'Qq' C:\wamp\Apache2.2\www\lycms\Runtime\Cache\Admin\57e8ca2d1dc64bd7731808b29fe3cce3.php 第 92 行.
NOTIC: [8] Use of undefined constant Sina - assumed 'Sina' C:\wamp\Apache2.2\www\lycms\Runtime\Cache\Admin\57e8ca2d1dc64bd7731808b29fe3cce3.php 第 97 行.
NOTIC: [8] Use of undefined constant Renren - assumed 'Renren' C:\wamp\Apache2.2\www\lycms\Runtime\Cache\Admin\57e8ca2d1dc64bd7731808b29fe3cce3.php 第 102 行.
INFO: Run Behavior\ParseTemplateBehavior [ RunTime:0.011000s ]
INFO: [ view_parse ] --END-- [ RunTime:0.011000s ]
INFO: [ view_filter ] --START--
INFO: Run Behavior\WriteHtmlCacheBehavior [ RunTime:0.001001s ]
INFO: [ view_filter ] --END-- [ RunTime:0.001001s ]
INFO: [ app_end ] --START--
INFO: Run Behavior\ShowPageTraceBehavior [ RunTime:0.001000s ]
INFO: [ app_end ] --END-- [ RunTime:0.001000s ]

[ 2015-12-09T09:45:02+08:00 ] 127.0.0.1 /admin/addon/config/id/6.html
INFO: [ app_init ] --START--
INFO: Run Behavior\BuildLiteBehavior [ RunTime:0.000000s ]
INFO: [ app_init ] --END-- [ RunTime:0.000000s ]
INFO: [ app_begin ] --START--
INFO: Run Behavior\ReadHtmlCacheBehavior [ RunTime:0.001000s ]
INFO: Run Common\Behavior\InitConfigBehavior [ RunTime:0.001000s ]
INFO: [ app_begin ] --END-- [ RunTime:0.002000s ]
INFO: [ action_begin ] --START--
INFO: Run Common\Behavior\InitHookBehavior [ RunTime:0.002000s ]
INFO: [ action_begin ] --END-- [ RunTime:0.002000s ]
SQL: SHOW COLUMNS FROM `fz_admin` [ RunTime:0.0030s ]
SQL: SHOW COLUMNS FROM `fz_addon` [ RunTime:0.0030s ]
SQL: SELECT * FROM `fz_addon` WHERE `id` = 6 LIMIT 1   [ RunTime:0.0000s ]
INFO: [ view_parse ] --START--
INFO: [ template_filter ] --START--
INFO: Run Behavior\ContentReplaceBehavior [ RunTime:0.000000s ]
INFO: [ template_filter ] --END-- [ RunTime:0.000000s ]
NOTIC: [8] Undefined variable: action C:\wamp\Apache2.2\www\lycms\Runtime\Cache\Admin\57e8ca2d1dc64bd7731808b29fe3cce3.php 第 16 行.
NOTIC: [8] Undefined index: menu C:\wamp\Apache2.2\www\lycms\Runtime\Cache\Admin\57e8ca2d1dc64bd7731808b29fe3cce3.php 第 64 行.
NOTIC: [8] Use of undefined constant Weixin - assumed 'Weixin' C:\wamp\Apache2.2\www\lycms\Runtime\Cache\Admin\57e8ca2d1dc64bd7731808b29fe3cce3.php 第 87 行.
NOTIC: [8] Use of undefined constant Qq - assumed 'Qq' C:\wamp\Apache2.2\www\lycms\Runtime\Cache\Admin\57e8ca2d1dc64bd7731808b29fe3cce3.php 第 92 行.
NOTIC: [8] Use of undefined constant Sina - assumed 'Sina' C:\wamp\Apache2.2\www\lycms\Runtime\Cache\Admin\57e8ca2d1dc64bd7731808b29fe3cce3.php 第 97 行.
NOTIC: [8] Use of undefined constant Renren - assumed 'Renren' C:\wamp\Apache2.2\www\lycms\Runtime\Cache\Admin\57e8ca2d1dc64bd7731808b29fe3cce3.php 第 102 行.
INFO: Run Behavior\ParseTemplateBehavior [ RunTime:0.093005s ]
INFO: [ view_parse ] --END-- [ RunTime:0.093005s ]
INFO: [ view_filter ] --START--
INFO: Run Behavior\WriteHtmlCacheBehavior [ RunTime:0.001000s ]
INFO: [ view_filter ] --END-- [ RunTime:0.001000s ]
INFO: [ app_end ] --START--
INFO: Run Behavior\ShowPageTraceBehavior [ RunTime:0.002000s ]
INFO: [ app_end ] --END-- [ RunTime:0.002000s ]

[ 2015-12-09T09:45:10+08:00 ] 127.0.0.1 /admin/addon/config/id/6.html
INFO: [ app_init ] --START--
INFO: Run Behavior\BuildLiteBehavior [ RunTime:0.000000s ]
INFO: [ app_init ] --END-- [ RunTime:0.001000s ]
INFO: [ app_begin ] --START--
INFO: Run Behavior\ReadHtmlCacheBehavior [ RunTime:0.001000s ]
INFO: Run Common\Behavior\InitConfigBehavior [ RunTime:0.001000s ]
INFO: [ app_begin ] --END-- [ RunTime:0.002000s ]
INFO: [ action_begin ] --START--
INFO: Run Common\Behavior\InitHookBehavior [ RunTime:0.002000s ]
INFO: [ action_begin ] --END-- [ RunTime:0.002000s ]
SQL: SHOW COLUMNS FROM `fz_admin` [ RunTime:0.0050s ]
SQL: SHOW COLUMNS FROM `fz_addon` [ RunTime:0.0030s ]
SQL: SELECT * FROM `fz_addon` WHERE `id` = 6 LIMIT 1   [ RunTime:0.0000s ]
INFO: [ view_parse ] --START--
INFO: [ template_filter ] --START--
INFO: Run Behavior\ContentReplaceBehavior [ RunTime:0.000000s ]
INFO: [ template_filter ] --END-- [ RunTime:0.000000s ]
NOTIC: [8] Undefined variable: action C:\wamp\Apache2.2\www\lycms\Runtime\Cache\Admin\57e8ca2d1dc64bd7731808b29fe3cce3.php 第 16 行.
NOTIC: [8] Undefined index: menu C:\wamp\Apache2.2\www\lycms\Runtime\Cache\Admin\57e8ca2d1dc64bd7731808b29fe3cce3.php 第 64 行.
NOTIC: [8] Use of undefined constant Weixin - assumed 'Weixin' C:\wamp\Apache2.2\www\lycms\Runtime\Cache\Admin\57e8ca2d1dc64bd7731808b29fe3cce3.php 第 87 行.
NOTIC: [8] Use of undefined constant Qq - assumed 'Qq' C:\wamp\Apache2.2\www\lycms\Runtime\Cache\Admin\57e8ca2d1dc64bd7731808b29fe3cce3.php 第 92 行.
NOTIC: [8] Use of undefined constant Sina - assumed 'Sina' C:\wamp\Apache2.2\www\lycms\Runtime\Cache\Admin\57e8ca2d1dc64bd7731808b29fe3cce3.php 第 97 行.
NOTIC: [8] Use of undefined constant Renren - assumed 'Renren' C:\wamp\Apache2.2\www\lycms\Runtime\Cache\Admin\57e8ca2d1dc64bd7731808b29fe3cce3.php 第 102 行.
INFO: Run Behavior\ParseTemplateBehavior [ RunTime:0.011001s ]
INFO: [ view_parse ] --END-- [ RunTime:0.011001s ]
INFO: [ view_filter ] --START--
INFO: Run Behavior\WriteHtmlCacheBehavior [ RunTime:0.001000s ]
INFO: [ view_filter ] --END-- [ RunTime:0.001000s ]
INFO: [ app_end ] --START--
INFO: Run Behavior\ShowPageTraceBehavior [ RunTime:0.001000s ]
INFO: [ app_end ] --END-- [ RunTime:0.001000s ]

[ 2015-12-09T09:46:13+08:00 ] 127.0.0.1 /admin/addon/index.html
INFO: [ app_init ] --START--
INFO: Run Behavior\BuildLiteBehavior [ RunTime:0.000000s ]
INFO: [ app_init ] --END-- [ RunTime:0.000000s ]
INFO: [ app_begin ] --START--
INFO: Run Behavior\ReadHtmlCacheBehavior [ RunTime:0.001000s ]
INFO: Run Common\Behavior\InitConfigBehavior [ RunTime:0.001000s ]
INFO: [ app_begin ] --END-- [ RunTime:0.002000s ]
INFO: [ action_begin ] --START--
INFO: Run Common\Behavior\InitHookBehavior [ RunTime:0.001000s ]
INFO: [ action_begin ] --END-- [ RunTime:0.001000s ]
SQL: SHOW COLUMNS FROM `fz_admin` [ RunTime:0.0030s ]
SQL: SHOW COLUMNS FROM `fz_addon` [ RunTime:0.0030s ]
SQL: SELECT * FROM `fz_addon`  [ RunTime:0.0010s ]
INFO: [ view_parse ] --START--
INFO: [ template_filter ] --START--
INFO: Run Behavior\ContentReplaceBehavior [ RunTime:0.001000s ]
INFO: [ template_filter ] --END-- [ RunTime:0.001000s ]
NOTIC: [8] Undefined variable: action C:\wamp\Apache2.2\www\lycms\Runtime\Cache\Admin\fedec8e4a8018035083b68b3d3e264ca.php 第 16 行.
NOTIC: [8] Undefined index: menu C:\wamp\Apache2.2\www\lycms\Runtime\Cache\Admin\fedec8e4a8018035083b68b3d3e264ca.php 第 64 行.
INFO: Run Behavior\ParseTemplateBehavior [ RunTime:0.011000s ]
INFO: [ view_parse ] --END-- [ RunTime:0.011000s ]
INFO: [ view_filter ] --START--
INFO: Run Behavior\WriteHtmlCacheBehavior [ RunTime:0.001000s ]
INFO: [ view_filter ] --END-- [ RunTime:0.001000s ]
INFO: [ app_end ] --START--
INFO: Run Behavior\ShowPageTraceBehavior [ RunTime:0.001000s ]
INFO: [ app_end ] --END-- [ RunTime:0.001000s ]

