[ 2015-12-08T11:29:00+08:00 ] 127.0.0.1 /admin/addon/index.html
INFO: [ app_init ] --START--
INFO: Run Behavior\BuildLiteBehavior [ RunTime:0.000000s ]
INFO: [ app_init ] --END-- [ RunTime:0.000000s ]
INFO: [ app_begin ] --START--
INFO: Run Behavior\ReadHtmlCacheBehavior [ RunTime:0.002001s ]
INFO: Run Common\Behavior\InitConfigBehavior [ RunTime:0.012000s ]
INFO: [ app_begin ] --END-- [ RunTime:0.014001s ]
INFO: [ action_begin ] --START--
INFO: Run Common\Behavior\InitHookBehavior [ RunTime:0.018001s ]
INFO: [ action_begin ] --END-- [ RunTime:0.018001s ]
SQL: SHOW COLUMNS FROM `fz_admin` [ RunTime:0.0050s ]

[ 2015-12-08T11:29:00+08:00 ] 127.0.0.1 /admin/public/login.html
INFO: [ app_init ] --START--
INFO: Run Behavior\BuildLiteBehavior [ RunTime:0.000000s ]
INFO: [ app_init ] --END-- [ RunTime:0.000000s ]
INFO: [ app_begin ] --START--
INFO: Run Behavior\ReadHtmlCacheBehavior [ RunTime:0.001000s ]
INFO: Run Common\Behavior\InitConfigBehavior [ RunTime:0.002000s ]
INFO: [ app_begin ] --END-- [ RunTime:0.003000s ]
INFO: [ action_begin ] --START--
INFO: Run Common\Behavior\InitHookBehavior [ RunTime:0.005000s ]
INFO: [ action_begin ] --END-- [ RunTime:0.005000s ]
INFO: [ view_parse ] --START--
INFO: [ template_filter ] --START--
INFO: Run Behavior\ContentReplaceBehavior [ RunTime:0.000000s ]
INFO: [ template_filter ] --END-- [ RunTime:0.000000s ]
INFO: Run Behavior\ParseTemplateBehavior [ RunTime:0.233013s ]
INFO: [ view_parse ] --END-- [ RunTime:0.233013s ]
INFO: [ view_filter ] --START--
INFO: Run Behavior\WriteHtmlCacheBehavior [ RunTime:0.003001s ]
INFO: [ view_filter ] --END-- [ RunTime:0.003001s ]
INFO: [ app_end ] --START--
INFO: Run Behavior\ShowPageTraceBehavior [ RunTime:0.002000s ]
INFO: [ app_end ] --END-- [ RunTime:0.003000s ]

[ 2015-12-08T11:29:05+08:00 ] 127.0.0.1 /admin/public/login.html
INFO: [ app_init ] --START--
INFO: Run Behavior\BuildLiteBehavior [ RunTime:0.000000s ]
INFO: [ app_init ] --END-- [ RunTime:0.000000s ]
INFO: [ app_begin ] --START--
INFO: Run Behavior\ReadHtmlCacheBehavior [ RunTime:0.001000s ]
INFO: Run Common\Behavior\InitConfigBehavior [ RunTime:0.002001s ]
INFO: [ app_begin ] --END-- [ RunTime:0.003001s ]
INFO: [ action_begin ] --START--
INFO: Run Common\Behavior\InitHookBehavior [ RunTime:0.003000s ]
INFO: [ action_begin ] --END-- [ RunTime:0.003000s ]
SQL: SHOW COLUMNS FROM `fz_admin` [ RunTime:0.0060s ]
SQL: SELECT * FROM `fz_admin` WHERE `group` >= 1 AND `admin_user` = 'adminss' AND `status` = 1 LIMIT 1   [ RunTime:0.0000s ]
SQL: UPDATE `fz_admin` SET `login`=`login`+1,`last_login_time`='1449545344',`last_login_ip`='2130706433' WHERE `admin_id` = 1 [ RunTime:0.0760s ]
INFO: [ view_parse ] --START--
INFO: [ template_filter ] --START--
INFO: Run Behavior\ContentReplaceBehavior [ RunTime:0.000000s ]
INFO: [ template_filter ] --END-- [ RunTime:0.000000s ]
INFO: Run Behavior\ParseTemplateBehavior [ RunTime:0.020001s ]
INFO: [ view_parse ] --END-- [ RunTime:0.020001s ]
INFO: [ view_filter ] --START--
INFO: Run Behavior\WriteHtmlCacheBehavior [ RunTime:0.001000s ]
INFO: [ view_filter ] --END-- [ RunTime:0.001000s ]
INFO: [ app_end ] --START--
INFO: Run Behavior\ShowPageTraceBehavior [ RunTime:0.001000s ]
INFO: [ app_end ] --END-- [ RunTime:0.001000s ]

[ 2015-12-08T11:29:06+08:00 ] 127.0.0.1 /admin/index/index.html
INFO: [ app_init ] --START--
INFO: Run Behavior\BuildLiteBehavior [ RunTime:0.000000s ]
INFO: [ app_init ] --END-- [ RunTime:0.000000s ]
INFO: [ app_begin ] --START--
INFO: Run Behavior\ReadHtmlCacheBehavior [ RunTime:0.000000s ]
INFO: Run Common\Behavior\InitConfigBehavior [ RunTime:0.001001s ]
INFO: [ app_begin ] --END-- [ RunTime:0.002001s ]
INFO: [ action_begin ] --START--
INFO: Run Common\Behavior\InitHookBehavior [ RunTime:0.003000s ]
INFO: [ action_begin ] --END-- [ RunTime:0.003000s ]
SQL: SHOW COLUMNS FROM `fz_admin` [ RunTime:0.0040s ]
SQL: SHOW COLUMNS FROM `fz_spider` [ RunTime:0.0040s ]
SQL: SELECT * FROM `fz_spider` ORDER BY id desc LIMIT 8   [ RunTime:0.0070s ]
SQL: SHOW COLUMNS FROM `fz_visitor` [ RunTime:0.0030s ]
NOTIC: [2] Missing argument 1 for Common\Model\VisitorModel::getChart(), called in C:\wamp\Apache2.2\www\lycms\Application\Common\Model\VisitorModel.class.php on line 64 and defined C:\wamp\Apache2.2\www\lycms\Application\Common\Model\VisitorModel.class.php 第 91 行.
NOTIC: [8] Undefined variable: type C:\wamp\Apache2.2\www\lycms\Application\Common\Model\VisitorModel.class.php 第 96 行.
NOTIC: [8] Undefined variable: type C:\wamp\Apache2.2\www\lycms\Application\Common\Model\VisitorModel.class.php 第 104 行.
NOTIC: [8] Undefined variable: type C:\wamp\Apache2.2\www\lycms\Application\Common\Model\VisitorModel.class.php 第 112 行.
NOTIC: [8] Undefined variable: type C:\wamp\Apache2.2\www\lycms\Application\Common\Model\VisitorModel.class.php 第 120 行.
SQL: SELECT SUM(count) AS tp_sum FROM `fz_visitor` WHERE ( `time` >= 1449504000 AND `time` < 1449590400  ) LIMIT 1   [ RunTime:0.0110s ]
SQL: SELECT SUM(count) AS tp_sum FROM `fz_visitor` WHERE ( `time` >= 1449417600 AND `time` < 1449504000  ) LIMIT 1   [ RunTime:0.0010s ]
SQL: SELECT SUM(count) AS tp_sum FROM `fz_visitor` WHERE ( `time` >= 1449331200 AND `time` < 1449417600  ) LIMIT 1   [ RunTime:0.0000s ]
SQL: SELECT SUM(count) AS tp_sum FROM `fz_visitor` WHERE ( `time` >= 1449244800 AND `time` < 1449331200  ) LIMIT 1   [ RunTime:0.0000s ]
SQL: SELECT SUM(count) AS tp_sum FROM `fz_visitor` WHERE ( `time` >= 1449158400 AND `time` < 1449244800  ) LIMIT 1   [ RunTime:0.0000s ]
SQL: SELECT SUM(count) AS tp_sum FROM `fz_visitor` WHERE ( `time` >= 1449072000 AND `time` < 1449158400  ) LIMIT 1   [ RunTime:0.0000s ]
SQL: SELECT SUM(count) AS tp_sum FROM `fz_visitor` WHERE ( `time` >= 1448985600 AND `time` < 1449072000  ) LIMIT 1   [ RunTime:0.0010s ]
INFO: [ view_parse ] --START--
INFO: [ template_filter ] --START--
INFO: Run Behavior\ContentReplaceBehavior [ RunTime:0.000000s ]
INFO: [ template_filter ] --END-- [ RunTime:0.000000s ]
NOTIC: [8] Undefined variable: action C:\wamp\Apache2.2\www\lycms\Runtime\Cache\Admin\b595b808c2ebeeeb0478ffc30bb4e87a.php 第 16 行.
NOTIC: [8] Undefined variable: info C:\wamp\Apache2.2\www\lycms\Runtime\Cache\Admin\b595b808c2ebeeeb0478ffc30bb4e87a.php 第 60 行.
NOTIC: [8] Undefined variable: desc C:\wamp\Apache2.2\www\lycms\Runtime\Cache\Admin\b595b808c2ebeeeb0478ffc30bb4e87a.php 第 61 行.
INFO: Run Behavior\ParseTemplateBehavior [ RunTime:0.033002s ]
INFO: [ view_parse ] --END-- [ RunTime:0.033002s ]
INFO: [ view_filter ] --START--
INFO: Run Behavior\WriteHtmlCacheBehavior [ RunTime:0.000000s ]
INFO: [ view_filter ] --END-- [ RunTime:0.001000s ]
INFO: [ app_end ] --START--
INFO: Run Behavior\ShowPageTraceBehavior [ RunTime:0.001000s ]
INFO: [ app_end ] --END-- [ RunTime:0.001000s ]

[ 2015-12-08T11:29:08+08:00 ] 127.0.0.1 /admin/tag/index.html
INFO: [ app_init ] --START--
INFO: Run Behavior\BuildLiteBehavior [ RunTime:0.000000s ]
INFO: [ app_init ] --END-- [ RunTime:0.000000s ]
INFO: [ app_begin ] --START--
INFO: Run Behavior\ReadHtmlCacheBehavior [ RunTime:0.001000s ]
INFO: Run Common\Behavior\InitConfigBehavior [ RunTime:0.002000s ]
INFO: [ app_begin ] --END-- [ RunTime:0.003000s ]
INFO: [ action_begin ] --START--
INFO: Run Common\Behavior\InitHookBehavior [ RunTime:0.003000s ]
INFO: [ action_begin ] --END-- [ RunTime:0.003000s ]
SQL: SHOW COLUMNS FROM `fz_admin` [ RunTime:0.0040s ]
SQL: SHOW COLUMNS FROM `fz_tags` [ RunTime:0.0040s ]
SQL: SELECT COUNT(*) AS tp_count FROM `fz_tags` WHERE `name` LIKE '%%' LIMIT 1   [ RunTime:0.0000s ]
SQL: SELECT * FROM `fz_tags` WHERE `name` LIKE '%%' ORDER BY tag_id desc LIMIT 0,15   [ RunTime:0.0230s ]
INFO: [ view_parse ] --START--
INFO: [ template_filter ] --START--
INFO: Run Behavior\ContentReplaceBehavior [ RunTime:0.000000s ]
INFO: [ template_filter ] --END-- [ RunTime:0.000000s ]
NOTIC: [8] Undefined variable: action C:\wamp\Apache2.2\www\lycms\Runtime\Cache\Admin\7c795ebe2e70f62ae37162cd91f6905c.php 第 16 行.
NOTIC: [8] Undefined variable: desc C:\wamp\Apache2.2\www\lycms\Runtime\Cache\Admin\7c795ebe2e70f62ae37162cd91f6905c.php 第 61 行.
NOTIC: [8] Undefined variable: keyword C:\wamp\Apache2.2\www\lycms\Runtime\Cache\Admin\7c795ebe2e70f62ae37162cd91f6905c.php 第 85 行.
NOTIC: [8] Undefined variable: page C:\wamp\Apache2.2\www\lycms\Runtime\Cache\Admin\7c795ebe2e70f62ae37162cd91f6905c.php 第 140 行.
INFO: Run Behavior\ParseTemplateBehavior [ RunTime:0.024002s ]
INFO: [ view_parse ] --END-- [ RunTime:0.024002s ]
INFO: [ view_filter ] --START--
INFO: Run Behavior\WriteHtmlCacheBehavior [ RunTime:0.001000s ]
INFO: [ view_filter ] --END-- [ RunTime:0.001000s ]
INFO: [ app_end ] --START--
INFO: Run Behavior\ShowPageTraceBehavior [ RunTime:0.001000s ]
INFO: [ app_end ] --END-- [ RunTime:0.001000s ]

[ 2015-12-08T11:29:09+08:00 ] 127.0.0.1 /admin/addon/index.html
INFO: [ app_init ] --START--
INFO: Run Behavior\BuildLiteBehavior [ RunTime:0.000000s ]
INFO: [ app_init ] --END-- [ RunTime:0.000000s ]
INFO: [ app_begin ] --START--
INFO: Run Behavior\ReadHtmlCacheBehavior [ RunTime:0.001000s ]
INFO: Run Common\Behavior\InitConfigBehavior [ RunTime:0.002001s ]
INFO: [ app_begin ] --END-- [ RunTime:0.003001s ]
INFO: [ action_begin ] --START--
INFO: Run Common\Behavior\InitHookBehavior [ RunTime:0.003000s ]
INFO: [ action_begin ] --END-- [ RunTime:0.003000s ]
SQL: SHOW COLUMNS FROM `fz_admin` [ RunTime:0.0040s ]
SQL: SHOW COLUMNS FROM `fz_addon` [ RunTime:0.0040s ]
SQL: SELECT * FROM `fz_addon`  [ RunTime:0.0000s ]
INFO: [ view_parse ] --START--
INFO: [ template_filter ] --START--
INFO: Run Behavior\ContentReplaceBehavior [ RunTime:0.000000s ]
INFO: [ template_filter ] --END-- [ RunTime:0.000000s ]
NOTIC: [8] Undefined variable: action C:\wamp\Apache2.2\www\lycms\Runtime\Cache\Admin\fedec8e4a8018035083b68b3d3e264ca.php 第 16 行.
NOTIC: [8] Undefined index: menu C:\wamp\Apache2.2\www\lycms\Runtime\Cache\Admin\fedec8e4a8018035083b68b3d3e264ca.php 第 64 行.
INFO: Run Behavior\ParseTemplateBehavior [ RunTime:0.013000s ]
INFO: [ view_parse ] --END-- [ RunTime:0.014000s ]
INFO: [ view_filter ] --START--
INFO: Run Behavior\WriteHtmlCacheBehavior [ RunTime:0.000000s ]
INFO: [ view_filter ] --END-- [ RunTime:0.000000s ]
INFO: [ app_end ] --START--
INFO: Run Behavior\ShowPageTraceBehavior [ RunTime:0.001000s ]
INFO: [ app_end ] --END-- [ RunTime:0.001000s ]

[ 2015-12-08T11:29:17+08:00 ] 127.0.0.1 /admin/addon/config/id/6.html
INFO: [ app_init ] --START--
INFO: Run Behavior\BuildLiteBehavior [ RunTime:0.000000s ]
INFO: [ app_init ] --END-- [ RunTime:0.000000s ]
INFO: [ app_begin ] --START--
INFO: Run Behavior\ReadHtmlCacheBehavior [ RunTime:0.002000s ]
INFO: Run Common\Behavior\InitConfigBehavior [ RunTime:0.002000s ]
INFO: [ app_begin ] --END-- [ RunTime:0.004000s ]
INFO: [ action_begin ] --START--
INFO: Run Common\Behavior\InitHookBehavior [ RunTime:0.005000s ]
INFO: [ action_begin ] --END-- [ RunTime:0.005000s ]
SQL: SHOW COLUMNS FROM `fz_admin` [ RunTime:0.0040s ]
SQL: SHOW COLUMNS FROM `fz_addon` [ RunTime:0.0040s ]
SQL: SELECT * FROM `fz_addon` WHERE `id` = 6 LIMIT 1   [ RunTime:0.0000s ]
INFO: [ view_parse ] --START--
INFO: [ template_filter ] --START--
INFO: Run Behavior\ContentReplaceBehavior [ RunTime:0.000000s ]
INFO: [ template_filter ] --END-- [ RunTime:0.000000s ]
NOTIC: [8] Undefined variable: action C:\wamp\Apache2.2\www\lycms\Runtime\Cache\Admin\ed52737a199b34663dd153613c5c2852.php 第 16 行.
NOTIC: [8] Undefined index: menu C:\wamp\Apache2.2\www\lycms\Runtime\Cache\Admin\ed52737a199b34663dd153613c5c2852.php 第 64 行.
INFO: Run Behavior\ParseTemplateBehavior [ RunTime:0.011000s ]
INFO: [ view_parse ] --END-- [ RunTime:0.011000s ]
INFO: [ view_filter ] --START--
INFO: Run Behavior\WriteHtmlCacheBehavior [ RunTime:0.001000s ]
INFO: [ view_filter ] --END-- [ RunTime:0.001000s ]
INFO: [ app_end ] --START--
INFO: Run Behavior\ShowPageTraceBehavior [ RunTime:0.001000s ]
INFO: [ app_end ] --END-- [ RunTime:0.001000s ]

[ 2015-12-08T11:29:26+08:00 ] 127.0.0.1 /admin/addon/config/id/6.html
INFO: [ app_init ] --START--
INFO: Run Behavior\BuildLiteBehavior [ RunTime:0.000000s ]
INFO: [ app_init ] --END-- [ RunTime:0.000000s ]
INFO: [ app_begin ] --START--
INFO: Run Behavior\ReadHtmlCacheBehavior [ RunTime:0.001000s ]
INFO: Run Common\Behavior\InitConfigBehavior [ RunTime:0.001000s ]
INFO: [ app_begin ] --END-- [ RunTime:0.002000s ]
INFO: [ action_begin ] --START--
INFO: Run Common\Behavior\InitHookBehavior [ RunTime:0.003000s ]
INFO: [ action_begin ] --END-- [ RunTime:0.004000s ]
SQL: SHOW COLUMNS FROM `fz_admin` [ RunTime:0.0040s ]
SQL: SHOW COLUMNS FROM `fz_addon` [ RunTime:0.0040s ]
SQL: SELECT * FROM `fz_addon` WHERE `id` = 6 LIMIT 1   [ RunTime:0.0000s ]
INFO: [ view_parse ] --START--
INFO: [ template_filter ] --START--
INFO: Run Behavior\ContentReplaceBehavior [ RunTime:0.000000s ]
INFO: [ template_filter ] --END-- [ RunTime:0.000000s ]
NOTIC: [8] Undefined variable: action C:\wamp\Apache2.2\www\lycms\Runtime\Cache\Admin\ed52737a199b34663dd153613c5c2852.php 第 16 行.
NOTIC: [8] Undefined index: menu C:\wamp\Apache2.2\www\lycms\Runtime\Cache\Admin\ed52737a199b34663dd153613c5c2852.php 第 64 行.
INFO: Run Behavior\ParseTemplateBehavior [ RunTime:0.012001s ]
INFO: [ view_parse ] --END-- [ RunTime:0.012001s ]
INFO: [ view_filter ] --START--
INFO: Run Behavior\WriteHtmlCacheBehavior [ RunTime:0.001000s ]
INFO: [ view_filter ] --END-- [ RunTime:0.001000s ]
INFO: [ app_end ] --START--
INFO: Run Behavior\ShowPageTraceBehavior [ RunTime:0.000000s ]
INFO: [ app_end ] --END-- [ RunTime:0.000000s ]

[ 2015-12-08T11:30:56+08:00 ] 127.0.0.1 /admin/addon/index.html
INFO: [ app_init ] --START--
INFO: Run Behavior\BuildLiteBehavior [ RunTime:0.000000s ]
INFO: [ app_init ] --END-- [ RunTime:0.000000s ]
INFO: [ app_begin ] --START--
INFO: Run Behavior\ReadHtmlCacheBehavior [ RunTime:0.000000s ]
INFO: Run Common\Behavior\InitConfigBehavior [ RunTime:0.002000s ]
INFO: [ app_begin ] --END-- [ RunTime:0.002000s ]
INFO: [ action_begin ] --START--
INFO: Run Common\Behavior\InitHookBehavior [ RunTime:0.002000s ]
INFO: [ action_begin ] --END-- [ RunTime:0.002000s ]
SQL: SHOW COLUMNS FROM `fz_admin` [ RunTime:0.0040s ]
SQL: SHOW COLUMNS FROM `fz_addon` [ RunTime:0.0030s ]
SQL: SELECT * FROM `fz_addon`  [ RunTime:0.0010s ]
INFO: [ view_parse ] --START--
INFO: [ template_filter ] --START--
INFO: Run Behavior\ContentReplaceBehavior [ RunTime:0.000000s ]
INFO: [ template_filter ] --END-- [ RunTime:0.000000s ]
NOTIC: [8] Undefined variable: action C:\wamp\Apache2.2\www\lycms\Runtime\Cache\Admin\fedec8e4a8018035083b68b3d3e264ca.php 第 16 行.
NOTIC: [8] Undefined index: menu C:\wamp\Apache2.2\www\lycms\Runtime\Cache\Admin\fedec8e4a8018035083b68b3d3e264ca.php 第 64 行.
INFO: Run Behavior\ParseTemplateBehavior [ RunTime:0.011001s ]
INFO: [ view_parse ] --END-- [ RunTime:0.011001s ]
INFO: [ view_filter ] --START--
INFO: Run Behavior\WriteHtmlCacheBehavior [ RunTime:0.000000s ]
INFO: [ view_filter ] --END-- [ RunTime:0.001000s ]
INFO: [ app_end ] --START--
INFO: Run Behavior\ShowPageTraceBehavior [ RunTime:0.001000s ]
INFO: [ app_end ] --END-- [ RunTime:0.001000s ]

[ 2015-12-08T11:30:57+08:00 ] 127.0.0.1 /admin/addon/index.html
INFO: [ app_init ] --START--
INFO: Run Behavior\BuildLiteBehavior [ RunTime:0.000000s ]
INFO: [ app_init ] --END-- [ RunTime:0.000000s ]
INFO: [ app_begin ] --START--
INFO: Run Behavior\ReadHtmlCacheBehavior [ RunTime:0.001000s ]
INFO: Run Common\Behavior\InitConfigBehavior [ RunTime:0.001000s ]
INFO: [ app_begin ] --END-- [ RunTime:0.002000s ]
INFO: [ action_begin ] --START--
INFO: Run Common\Behavior\InitHookBehavior [ RunTime:0.002001s ]
INFO: [ action_begin ] --END-- [ RunTime:0.002001s ]
SQL: SHOW COLUMNS FROM `fz_admin` [ RunTime:0.0050s ]
SQL: SHOW COLUMNS FROM `fz_addon` [ RunTime:0.0040s ]
SQL: SELECT * FROM `fz_addon`  [ RunTime:0.0000s ]
INFO: [ view_parse ] --START--
INFO: [ template_filter ] --START--
INFO: Run Behavior\ContentReplaceBehavior [ RunTime:0.000000s ]
INFO: [ template_filter ] --END-- [ RunTime:0.001000s ]
NOTIC: [8] Undefined variable: action C:\wamp\Apache2.2\www\lycms\Runtime\Cache\Admin\fedec8e4a8018035083b68b3d3e264ca.php 第 16 行.
NOTIC: [8] Undefined index: menu C:\wamp\Apache2.2\www\lycms\Runtime\Cache\Admin\fedec8e4a8018035083b68b3d3e264ca.php 第 64 行.
INFO: Run Behavior\ParseTemplateBehavior [ RunTime:0.017001s ]
INFO: [ view_parse ] --END-- [ RunTime:0.017001s ]
INFO: [ view_filter ] --START--
INFO: Run Behavior\WriteHtmlCacheBehavior [ RunTime:0.001000s ]
INFO: [ view_filter ] --END-- [ RunTime:0.001000s ]
INFO: [ app_end ] --START--
INFO: Run Behavior\ShowPageTraceBehavior [ RunTime:0.001000s ]
INFO: [ app_end ] --END-- [ RunTime:0.001000s ]

[ 2015-12-08T11:30:57+08:00 ] 127.0.0.1 /admin/addon/index.html
INFO: [ app_init ] --START--
INFO: Run Behavior\BuildLiteBehavior [ RunTime:0.000000s ]
INFO: [ app_init ] --END-- [ RunTime:0.001000s ]
INFO: [ app_begin ] --START--
INFO: Run Behavior\ReadHtmlCacheBehavior [ RunTime:0.001000s ]
INFO: Run Common\Behavior\InitConfigBehavior [ RunTime:0.001000s ]
INFO: [ app_begin ] --END-- [ RunTime:0.002000s ]
INFO: [ action_begin ] --START--
INFO: Run Common\Behavior\InitHookBehavior [ RunTime:0.002001s ]
INFO: [ action_begin ] --END-- [ RunTime:0.002001s ]
SQL: SHOW COLUMNS FROM `fz_admin` [ RunTime:0.0040s ]
SQL: SHOW COLUMNS FROM `fz_addon` [ RunTime:0.0040s ]
SQL: SELECT * FROM `fz_addon`  [ RunTime:0.0000s ]
INFO: [ view_parse ] --START--
INFO: [ template_filter ] --START--
INFO: Run Behavior\ContentReplaceBehavior [ RunTime:0.000000s ]
INFO: [ template_filter ] --END-- [ RunTime:0.000000s ]
NOTIC: [8] Undefined variable: action C:\wamp\Apache2.2\www\lycms\Runtime\Cache\Admin\fedec8e4a8018035083b68b3d3e264ca.php 第 16 行.
NOTIC: [8] Undefined index: menu C:\wamp\Apache2.2\www\lycms\Runtime\Cache\Admin\fedec8e4a8018035083b68b3d3e264ca.php 第 64 行.
INFO: Run Behavior\ParseTemplateBehavior [ RunTime:0.011001s ]
INFO: [ view_parse ] --END-- [ RunTime:0.011001s ]
INFO: [ view_filter ] --START--
INFO: Run Behavior\WriteHtmlCacheBehavior [ RunTime:0.000000s ]
INFO: [ view_filter ] --END-- [ RunTime:0.001000s ]
INFO: [ app_end ] --START--
INFO: Run Behavior\ShowPageTraceBehavior [ RunTime:0.001000s ]
INFO: [ app_end ] --END-- [ RunTime:0.001000s ]

[ 2015-12-08T11:30:58+08:00 ] 127.0.0.1 /admin/addon/config/id/6.html
INFO: [ app_init ] --START--
INFO: Run Behavior\BuildLiteBehavior [ RunTime:0.000000s ]
INFO: [ app_init ] --END-- [ RunTime:0.000000s ]
INFO: [ app_begin ] --START--
INFO: Run Behavior\ReadHtmlCacheBehavior [ RunTime:0.001000s ]
INFO: Run Common\Behavior\InitConfigBehavior [ RunTime:0.001000s ]
INFO: [ app_begin ] --END-- [ RunTime:0.002000s ]
INFO: [ action_begin ] --START--
INFO: Run Common\Behavior\InitHookBehavior [ RunTime:0.002001s ]
INFO: [ action_begin ] --END-- [ RunTime:0.002001s ]
SQL: SHOW COLUMNS FROM `fz_admin` [ RunTime:0.0040s ]
SQL: SHOW COLUMNS FROM `fz_addon` [ RunTime:0.0030s ]
SQL: SELECT * FROM `fz_addon` WHERE `id` = 6 LIMIT 1   [ RunTime:0.0000s ]
INFO: [ view_parse ] --START--
INFO: [ template_filter ] --START--
INFO: Run Behavior\ContentReplaceBehavior [ RunTime:0.000000s ]
INFO: [ template_filter ] --END-- [ RunTime:0.000000s ]
NOTIC: [8] Undefined variable: action C:\wamp\Apache2.2\www\lycms\Runtime\Cache\Admin\57e8ca2d1dc64bd7731808b29fe3cce3.php 第 16 行.
NOTIC: [8] Undefined index: menu C:\wamp\Apache2.2\www\lycms\Runtime\Cache\Admin\57e8ca2d1dc64bd7731808b29fe3cce3.php 第 64 行.
NOTIC: [8] Use of undefined constant Weixin - assumed 'Weixin' C:\wamp\Apache2.2\www\lycms\Runtime\Cache\Admin\57e8ca2d1dc64bd7731808b29fe3cce3.php 第 87 行.
NOTIC: [8] Use of undefined constant Qq - assumed 'Qq' C:\wamp\Apache2.2\www\lycms\Runtime\Cache\Admin\57e8ca2d1dc64bd7731808b29fe3cce3.php 第 92 行.
NOTIC: [8] Use of undefined constant Sina - assumed 'Sina' C:\wamp\Apache2.2\www\lycms\Runtime\Cache\Admin\57e8ca2d1dc64bd7731808b29fe3cce3.php 第 97 行.
NOTIC: [8] Use of undefined constant Renren - assumed 'Renren' C:\wamp\Apache2.2\www\lycms\Runtime\Cache\Admin\57e8ca2d1dc64bd7731808b29fe3cce3.php 第 102 行.
INFO: Run Behavior\ParseTemplateBehavior [ RunTime:0.012000s ]
INFO: [ view_parse ] --END-- [ RunTime:0.012000s ]
INFO: [ view_filter ] --START--
INFO: Run Behavior\WriteHtmlCacheBehavior [ RunTime:0.000000s ]
INFO: [ view_filter ] --END-- [ RunTime:0.000000s ]
INFO: [ app_end ] --START--
INFO: Run Behavior\ShowPageTraceBehavior [ RunTime:0.000000s ]
INFO: [ app_end ] --END-- [ RunTime:0.001000s ]

[ 2015-12-08T11:31:54+08:00 ] 127.0.0.1 /admin/addon/config/id/6.html
INFO: [ app_init ] --START--
INFO: Run Behavior\BuildLiteBehavior [ RunTime:0.000000s ]
INFO: [ app_init ] --END-- [ RunTime:0.000000s ]
INFO: [ app_begin ] --START--
INFO: Run Behavior\ReadHtmlCacheBehavior [ RunTime:0.000000s ]
INFO: Run Common\Behavior\InitConfigBehavior [ RunTime:0.001000s ]
INFO: [ app_begin ] --END-- [ RunTime:0.001000s ]
INFO: [ action_begin ] --START--
INFO: Run Common\Behavior\InitHookBehavior [ RunTime:0.001000s ]
INFO: [ action_begin ] --END-- [ RunTime:0.001000s ]
SQL: SHOW COLUMNS FROM `fz_admin` [ RunTime:0.0040s ]
SQL: SHOW COLUMNS FROM `fz_addon` [ RunTime:0.0030s ]
SQL: SELECT * FROM `fz_addon` WHERE `id` = 6 LIMIT 1   [ RunTime:0.0000s ]
INFO: [ view_parse ] --START--
INFO: [ template_filter ] --START--
INFO: Run Behavior\ContentReplaceBehavior [ RunTime:0.000000s ]
INFO: [ template_filter ] --END-- [ RunTime:0.000000s ]
NOTIC: [8] Undefined variable: action C:\wamp\Apache2.2\www\lycms\Runtime\Cache\Admin\57e8ca2d1dc64bd7731808b29fe3cce3.php 第 16 行.
NOTIC: [8] Undefined index: menu C:\wamp\Apache2.2\www\lycms\Runtime\Cache\Admin\57e8ca2d1dc64bd7731808b29fe3cce3.php 第 64 行.
NOTIC: [8] Use of undefined constant Weixin - assumed 'Weixin' C:\wamp\Apache2.2\www\lycms\Runtime\Cache\Admin\57e8ca2d1dc64bd7731808b29fe3cce3.php 第 87 行.
NOTIC: [8] Use of undefined constant Qq - assumed 'Qq' C:\wamp\Apache2.2\www\lycms\Runtime\Cache\Admin\57e8ca2d1dc64bd7731808b29fe3cce3.php 第 92 行.
NOTIC: [8] Use of undefined constant Sina - assumed 'Sina' C:\wamp\Apache2.2\www\lycms\Runtime\Cache\Admin\57e8ca2d1dc64bd7731808b29fe3cce3.php 第 97 行.
NOTIC: [8] Use of undefined constant Renren - assumed 'Renren' C:\wamp\Apache2.2\www\lycms\Runtime\Cache\Admin\57e8ca2d1dc64bd7731808b29fe3cce3.php 第 102 行.
INFO: Run Behavior\ParseTemplateBehavior [ RunTime:0.012001s ]
INFO: [ view_parse ] --END-- [ RunTime:0.012001s ]
INFO: [ view_filter ] --START--
INFO: Run Behavior\WriteHtmlCacheBehavior [ RunTime:0.001000s ]
INFO: [ view_filter ] --END-- [ RunTime:0.001000s ]
INFO: [ app_end ] --START--
INFO: Run Behavior\ShowPageTraceBehavior [ RunTime:0.001000s ]
INFO: [ app_end ] --END-- [ RunTime:0.001000s ]

[ 2015-12-08T11:31:54+08:00 ] 127.0.0.1 /admin/addon/config/id/6.html
INFO: [ app_init ] --START--
INFO: Run Behavior\BuildLiteBehavior [ RunTime:0.001000s ]
INFO: [ app_init ] --END-- [ RunTime:0.001000s ]
INFO: [ app_begin ] --START--
INFO: Run Behavior\ReadHtmlCacheBehavior [ RunTime:0.001000s ]
INFO: Run Common\Behavior\InitConfigBehavior [ RunTime:0.001000s ]
INFO: [ app_begin ] --END-- [ RunTime:0.002000s ]
INFO: [ action_begin ] --START--
INFO: Run Common\Behavior\InitHookBehavior [ RunTime:0.002000s ]
INFO: [ action_begin ] --END-- [ RunTime:0.002000s ]
SQL: SHOW COLUMNS FROM `fz_admin` [ RunTime:0.0040s ]
SQL: SHOW COLUMNS FROM `fz_addon` [ RunTime:0.0040s ]
SQL: SELECT * FROM `fz_addon` WHERE `id` = 6 LIMIT 1   [ RunTime:0.0000s ]
INFO: [ view_parse ] --START--
INFO: [ template_filter ] --START--
INFO: Run Behavior\ContentReplaceBehavior [ RunTime:0.000000s ]
INFO: [ template_filter ] --END-- [ RunTime:0.000000s ]
NOTIC: [8] Undefined variable: action C:\wamp\Apache2.2\www\lycms\Runtime\Cache\Admin\57e8ca2d1dc64bd7731808b29fe3cce3.php 第 16 行.
NOTIC: [8] Undefined index: menu C:\wamp\Apache2.2\www\lycms\Runtime\Cache\Admin\57e8ca2d1dc64bd7731808b29fe3cce3.php 第 64 行.
NOTIC: [8] Use of undefined constant Weixin - assumed 'Weixin' C:\wamp\Apache2.2\www\lycms\Runtime\Cache\Admin\57e8ca2d1dc64bd7731808b29fe3cce3.php 第 87 行.
NOTIC: [8] Use of undefined constant Qq - assumed 'Qq' C:\wamp\Apache2.2\www\lycms\Runtime\Cache\Admin\57e8ca2d1dc64bd7731808b29fe3cce3.php 第 92 行.
NOTIC: [8] Use of undefined constant Sina - assumed 'Sina' C:\wamp\Apache2.2\www\lycms\Runtime\Cache\Admin\57e8ca2d1dc64bd7731808b29fe3cce3.php 第 97 行.
NOTIC: [8] Use of undefined constant Renren - assumed 'Renren' C:\wamp\Apache2.2\www\lycms\Runtime\Cache\Admin\57e8ca2d1dc64bd7731808b29fe3cce3.php 第 102 行.
INFO: Run Behavior\ParseTemplateBehavior [ RunTime:0.013001s ]
INFO: [ view_parse ] --END-- [ RunTime:0.013001s ]
INFO: [ view_filter ] --START--
INFO: Run Behavior\WriteHtmlCacheBehavior [ RunTime:0.001000s ]
INFO: [ view_filter ] --END-- [ RunTime:0.001000s ]
INFO: [ app_end ] --START--
INFO: Run Behavior\ShowPageTraceBehavior [ RunTime:0.001000s ]
INFO: [ app_end ] --END-- [ RunTime:0.001000s ]

[ 2015-12-08T11:31:54+08:00 ] 127.0.0.1 /admin/addon/config/id/6.html
INFO: [ app_init ] --START--
INFO: Run Behavior\BuildLiteBehavior [ RunTime:0.000000s ]
INFO: [ app_init ] --END-- [ RunTime:0.000000s ]
INFO: [ app_begin ] --START--
INFO: Run Behavior\ReadHtmlCacheBehavior [ RunTime:0.001000s ]
INFO: Run Common\Behavior\InitConfigBehavior [ RunTime:0.001000s ]
INFO: [ app_begin ] --END-- [ RunTime:0.002000s ]
INFO: [ action_begin ] --START--
INFO: Run Common\Behavior\InitHookBehavior [ RunTime:0.002000s ]
INFO: [ action_begin ] --END-- [ RunTime:0.002000s ]
SQL: SHOW COLUMNS FROM `fz_admin` [ RunTime:0.0040s ]
SQL: SHOW COLUMNS FROM `fz_addon` [ RunTime:0.0040s ]
SQL: SELECT * FROM `fz_addon` WHERE `id` = 6 LIMIT 1   [ RunTime:0.0000s ]
INFO: [ view_parse ] --START--
INFO: [ template_filter ] --START--
INFO: Run Behavior\ContentReplaceBehavior [ RunTime:0.000000s ]
INFO: [ template_filter ] --END-- [ RunTime:0.000000s ]
NOTIC: [8] Undefined variable: action C:\wamp\Apache2.2\www\lycms\Runtime\Cache\Admin\57e8ca2d1dc64bd7731808b29fe3cce3.php 第 16 行.
NOTIC: [8] Undefined index: menu C:\wamp\Apache2.2\www\lycms\Runtime\Cache\Admin\57e8ca2d1dc64bd7731808b29fe3cce3.php 第 64 行.
NOTIC: [8] Use of undefined constant Weixin - assumed 'Weixin' C:\wamp\Apache2.2\www\lycms\Runtime\Cache\Admin\57e8ca2d1dc64bd7731808b29fe3cce3.php 第 87 行.
NOTIC: [8] Use of undefined constant Qq - assumed 'Qq' C:\wamp\Apache2.2\www\lycms\Runtime\Cache\Admin\57e8ca2d1dc64bd7731808b29fe3cce3.php 第 92 行.
NOTIC: [8] Use of undefined constant Sina - assumed 'Sina' C:\wamp\Apache2.2\www\lycms\Runtime\Cache\Admin\57e8ca2d1dc64bd7731808b29fe3cce3.php 第 97 行.
NOTIC: [8] Use of undefined constant Renren - assumed 'Renren' C:\wamp\Apache2.2\www\lycms\Runtime\Cache\Admin\57e8ca2d1dc64bd7731808b29fe3cce3.php 第 102 行.
INFO: Run Behavior\ParseTemplateBehavior [ RunTime:0.012001s ]
INFO: [ view_parse ] --END-- [ RunTime:0.012001s ]
INFO: [ view_filter ] --START--
INFO: Run Behavior\WriteHtmlCacheBehavior [ RunTime:0.001000s ]
INFO: [ view_filter ] --END-- [ RunTime:0.001000s ]
INFO: [ app_end ] --START--
INFO: Run Behavior\ShowPageTraceBehavior [ RunTime:0.001000s ]
INFO: [ app_end ] --END-- [ RunTime:0.001000s ]

[ 2015-12-08T11:31:55+08:00 ] 127.0.0.1 /admin/addon/config/id/6.html
INFO: [ app_init ] --START--
INFO: Run Behavior\BuildLiteBehavior [ RunTime:0.000000s ]
INFO: [ app_init ] --END-- [ RunTime:0.000000s ]
INFO: [ app_begin ] --START--
INFO: Run Behavior\ReadHtmlCacheBehavior [ RunTime:0.000000s ]
INFO: Run Common\Behavior\InitConfigBehavior [ RunTime:0.001001s ]
INFO: [ app_begin ] --END-- [ RunTime:0.001001s ]
INFO: [ action_begin ] --START--
INFO: Run Common\Behavior\InitHookBehavior [ RunTime:0.002000s ]
INFO: [ action_begin ] --END-- [ RunTime:0.002000s ]
SQL: SHOW COLUMNS FROM `fz_admin` [ RunTime:0.0040s ]
SQL: SHOW COLUMNS FROM `fz_addon` [ RunTime:0.0030s ]
SQL: SELECT * FROM `fz_addon` WHERE `id` = 6 LIMIT 1   [ RunTime:0.0000s ]
INFO: [ view_parse ] --START--
INFO: [ template_filter ] --START--
INFO: Run Behavior\ContentReplaceBehavior [ RunTime:0.001000s ]
INFO: [ template_filter ] --END-- [ RunTime:0.001000s ]
NOTIC: [8] Undefined variable: action C:\wamp\Apache2.2\www\lycms\Runtime\Cache\Admin\57e8ca2d1dc64bd7731808b29fe3cce3.php 第 16 行.
NOTIC: [8] Undefined index: menu C:\wamp\Apache2.2\www\lycms\Runtime\Cache\Admin\57e8ca2d1dc64bd7731808b29fe3cce3.php 第 64 行.
NOTIC: [8] Use of undefined constant Weixin - assumed 'Weixin' C:\wamp\Apache2.2\www\lycms\Runtime\Cache\Admin\57e8ca2d1dc64bd7731808b29fe3cce3.php 第 87 行.
NOTIC: [8] Use of undefined constant Qq - assumed 'Qq' C:\wamp\Apache2.2\www\lycms\Runtime\Cache\Admin\57e8ca2d1dc64bd7731808b29fe3cce3.php 第 92 行.
NOTIC: [8] Use of undefined constant Sina - assumed 'Sina' C:\wamp\Apache2.2\www\lycms\Runtime\Cache\Admin\57e8ca2d1dc64bd7731808b29fe3cce3.php 第 97 行.
NOTIC: [8] Use of undefined constant Renren - assumed 'Renren' C:\wamp\Apache2.2\www\lycms\Runtime\Cache\Admin\57e8ca2d1dc64bd7731808b29fe3cce3.php 第 102 行.
INFO: Run Behavior\ParseTemplateBehavior [ RunTime:0.011001s ]
INFO: [ view_parse ] --END-- [ RunTime:0.011001s ]
INFO: [ view_filter ] --START--
INFO: Run Behavior\WriteHtmlCacheBehavior [ RunTime:0.001000s ]
INFO: [ view_filter ] --END-- [ RunTime:0.001000s ]
INFO: [ app_end ] --START--
INFO: Run Behavior\ShowPageTraceBehavior [ RunTime:0.001000s ]
INFO: [ app_end ] --END-- [ RunTime:0.001000s ]

[ 2015-12-08T11:33:07+08:00 ] 127.0.0.1 /admin/addon/config/id/6.html
INFO: [ app_init ] --START--
INFO: Run Behavior\BuildLiteBehavior [ RunTime:0.000000s ]
INFO: [ app_init ] --END-- [ RunTime:0.000000s ]
INFO: [ app_begin ] --START--
INFO: Run Behavior\ReadHtmlCacheBehavior [ RunTime:0.001000s ]
INFO: Run Common\Behavior\InitConfigBehavior [ RunTime:0.002000s ]
INFO: [ app_begin ] --END-- [ RunTime:0.003000s ]
INFO: [ action_begin ] --START--
INFO: Run Common\Behavior\InitHookBehavior [ RunTime:0.002000s ]
INFO: [ action_begin ] --END-- [ RunTime:0.002000s ]
SQL: SHOW COLUMNS FROM `fz_admin` [ RunTime:0.0050s ]
SQL: SHOW COLUMNS FROM `fz_addon` [ RunTime:0.0030s ]
SQL: SELECT * FROM `fz_addon` WHERE `id` = 6 LIMIT 1   [ RunTime:0.0000s ]
INFO: [ view_parse ] --START--
INFO: [ template_filter ] --START--
INFO: Run Behavior\ContentReplaceBehavior [ RunTime:0.000000s ]
INFO: [ template_filter ] --END-- [ RunTime:0.000000s ]
NOTIC: [8] Undefined variable: action C:\wamp\Apache2.2\www\lycms\Runtime\Cache\Admin\57e8ca2d1dc64bd7731808b29fe3cce3.php 第 16 行.
NOTIC: [8] Undefined index: menu C:\wamp\Apache2.2\www\lycms\Runtime\Cache\Admin\57e8ca2d1dc64bd7731808b29fe3cce3.php 第 64 行.
NOTIC: [8] Use of undefined constant Weixin - assumed 'Weixin' C:\wamp\Apache2.2\www\lycms\Runtime\Cache\Admin\57e8ca2d1dc64bd7731808b29fe3cce3.php 第 87 行.
NOTIC: [8] Use of undefined constant Qq - assumed 'Qq' C:\wamp\Apache2.2\www\lycms\Runtime\Cache\Admin\57e8ca2d1dc64bd7731808b29fe3cce3.php 第 92 行.
NOTIC: [8] Use of undefined constant Sina - assumed 'Sina' C:\wamp\Apache2.2\www\lycms\Runtime\Cache\Admin\57e8ca2d1dc64bd7731808b29fe3cce3.php 第 97 行.
NOTIC: [8] Use of undefined constant Renren - assumed 'Renren' C:\wamp\Apache2.2\www\lycms\Runtime\Cache\Admin\57e8ca2d1dc64bd7731808b29fe3cce3.php 第 102 行.
INFO: Run Behavior\ParseTemplateBehavior [ RunTime:0.013001s ]
INFO: [ view_parse ] --END-- [ RunTime:0.013001s ]
INFO: [ view_filter ] --START--
INFO: Run Behavior\WriteHtmlCacheBehavior [ RunTime:0.001000s ]
INFO: [ view_filter ] --END-- [ RunTime:0.001000s ]
INFO: [ app_end ] --START--
INFO: Run Behavior\ShowPageTraceBehavior [ RunTime:0.001000s ]
INFO: [ app_end ] --END-- [ RunTime:0.001000s ]

[ 2015-12-08T11:33:22+08:00 ] 127.0.0.1 /admin/addon/config/id/6.html
INFO: [ app_init ] --START--
INFO: Run Behavior\BuildLiteBehavior [ RunTime:0.000000s ]
INFO: [ app_init ] --END-- [ RunTime:0.000000s ]
INFO: [ app_begin ] --START--
INFO: Run Behavior\ReadHtmlCacheBehavior [ RunTime:0.001000s ]
INFO: Run Common\Behavior\InitConfigBehavior [ RunTime:0.001000s ]
INFO: [ app_begin ] --END-- [ RunTime:0.002000s ]
INFO: [ action_begin ] --START--
INFO: Run Common\Behavior\InitHookBehavior [ RunTime:0.002000s ]
INFO: [ action_begin ] --END-- [ RunTime:0.002000s ]
SQL: SHOW COLUMNS FROM `fz_admin` [ RunTime:0.0030s ]
SQL: SHOW COLUMNS FROM `fz_addon` [ RunTime:0.0030s ]
SQL: SELECT * FROM `fz_addon` WHERE `id` = 6 LIMIT 1   [ RunTime:0.0000s ]
INFO: [ view_parse ] --START--
INFO: [ template_filter ] --START--
INFO: Run Behavior\ContentReplaceBehavior [ RunTime:0.000000s ]
INFO: [ template_filter ] --END-- [ RunTime:0.000000s ]
NOTIC: [8] Undefined variable: action C:\wamp\Apache2.2\www\lycms\Runtime\Cache\Admin\57e8ca2d1dc64bd7731808b29fe3cce3.php 第 16 行.
NOTIC: [8] Undefined index: menu C:\wamp\Apache2.2\www\lycms\Runtime\Cache\Admin\57e8ca2d1dc64bd7731808b29fe3cce3.php 第 64 行.
NOTIC: [8] Use of undefined constant Weixin - assumed 'Weixin' C:\wamp\Apache2.2\www\lycms\Runtime\Cache\Admin\57e8ca2d1dc64bd7731808b29fe3cce3.php 第 87 行.
NOTIC: [8] Use of undefined constant Qq - assumed 'Qq' C:\wamp\Apache2.2\www\lycms\Runtime\Cache\Admin\57e8ca2d1dc64bd7731808b29fe3cce3.php 第 92 行.
NOTIC: [8] Use of undefined constant Sina - assumed 'Sina' C:\wamp\Apache2.2\www\lycms\Runtime\Cache\Admin\57e8ca2d1dc64bd7731808b29fe3cce3.php 第 97 行.
NOTIC: [8] Use of undefined constant Renren - assumed 'Renren' C:\wamp\Apache2.2\www\lycms\Runtime\Cache\Admin\57e8ca2d1dc64bd7731808b29fe3cce3.php 第 102 行.
INFO: Run Behavior\ParseTemplateBehavior [ RunTime:0.012000s ]
INFO: [ view_parse ] --END-- [ RunTime:0.012000s ]
INFO: [ view_filter ] --START--
INFO: Run Behavior\WriteHtmlCacheBehavior [ RunTime:0.001000s ]
INFO: [ view_filter ] --END-- [ RunTime:0.001000s ]
INFO: [ app_end ] --START--
INFO: Run Behavior\ShowPageTraceBehavior [ RunTime:0.001000s ]
INFO: [ app_end ] --END-- [ RunTime:0.001000s ]

[ 2015-12-08T11:33:23+08:00 ] 127.0.0.1 /admin/addon/config/id/6.html
INFO: [ app_init ] --START--
INFO: Run Behavior\BuildLiteBehavior [ RunTime:0.000000s ]
INFO: [ app_init ] --END-- [ RunTime:0.000000s ]
INFO: [ app_begin ] --START--
INFO: Run Behavior\ReadHtmlCacheBehavior [ RunTime:0.002000s ]
INFO: Run Common\Behavior\InitConfigBehavior [ RunTime:0.002001s ]
INFO: [ app_begin ] --END-- [ RunTime:0.004001s ]
INFO: [ action_begin ] --START--
INFO: Run Common\Behavior\InitHookBehavior [ RunTime:0.003000s ]
INFO: [ action_begin ] --END-- [ RunTime:0.003000s ]
SQL: SHOW COLUMNS FROM `fz_admin` [ RunTime:0.0040s ]
SQL: SHOW COLUMNS FROM `fz_addon` [ RunTime:0.0030s ]
SQL: SELECT * FROM `fz_addon` WHERE `id` = 6 LIMIT 1   [ RunTime:0.0000s ]
INFO: [ view_parse ] --START--
INFO: [ template_filter ] --START--
INFO: Run Behavior\ContentReplaceBehavior [ RunTime:0.000000s ]
INFO: [ template_filter ] --END-- [ RunTime:0.000000s ]
NOTIC: [8] Undefined variable: action C:\wamp\Apache2.2\www\lycms\Runtime\Cache\Admin\57e8ca2d1dc64bd7731808b29fe3cce3.php 第 16 行.
NOTIC: [8] Undefined index: menu C:\wamp\Apache2.2\www\lycms\Runtime\Cache\Admin\57e8ca2d1dc64bd7731808b29fe3cce3.php 第 64 行.
NOTIC: [8] Use of undefined constant Weixin - assumed 'Weixin' C:\wamp\Apache2.2\www\lycms\Runtime\Cache\Admin\57e8ca2d1dc64bd7731808b29fe3cce3.php 第 87 行.
NOTIC: [8] Use of undefined constant Qq - assumed 'Qq' C:\wamp\Apache2.2\www\lycms\Runtime\Cache\Admin\57e8ca2d1dc64bd7731808b29fe3cce3.php 第 92 行.
NOTIC: [8] Use of undefined constant Sina - assumed 'Sina' C:\wamp\Apache2.2\www\lycms\Runtime\Cache\Admin\57e8ca2d1dc64bd7731808b29fe3cce3.php 第 97 行.
NOTIC: [8] Use of undefined constant Renren - assumed 'Renren' C:\wamp\Apache2.2\www\lycms\Runtime\Cache\Admin\57e8ca2d1dc64bd7731808b29fe3cce3.php 第 102 行.
INFO: Run Behavior\ParseTemplateBehavior [ RunTime:0.014001s ]
INFO: [ view_parse ] --END-- [ RunTime:0.014001s ]
INFO: [ view_filter ] --START--
INFO: Run Behavior\WriteHtmlCacheBehavior [ RunTime:0.001000s ]
INFO: [ view_filter ] --END-- [ RunTime:0.001000s ]
INFO: [ app_end ] --START--
INFO: Run Behavior\ShowPageTraceBehavior [ RunTime:0.001000s ]
INFO: [ app_end ] --END-- [ RunTime:0.001000s ]

[ 2015-12-08T11:33:23+08:00 ] 127.0.0.1 /admin/addon/config/id/6.html
INFO: [ app_init ] --START--
INFO: Run Behavior\BuildLiteBehavior [ RunTime:0.000000s ]
INFO: [ app_init ] --END-- [ RunTime:0.000000s ]
INFO: [ app_begin ] --START--
INFO: Run Behavior\ReadHtmlCacheBehavior [ RunTime:0.000000s ]
INFO: Run Common\Behavior\InitConfigBehavior [ RunTime:0.002000s ]
INFO: [ app_begin ] --END-- [ RunTime:0.002000s ]
INFO: [ action_begin ] --START--
INFO: Run Common\Behavior\InitHookBehavior [ RunTime:0.002000s ]
INFO: [ action_begin ] --END-- [ RunTime:0.002000s ]
SQL: SHOW COLUMNS FROM `fz_admin` [ RunTime:0.0040s ]
SQL: SHOW COLUMNS FROM `fz_addon` [ RunTime:0.0030s ]
SQL: SELECT * FROM `fz_addon` WHERE `id` = 6 LIMIT 1   [ RunTime:0.0000s ]
INFO: [ view_parse ] --START--
INFO: [ template_filter ] --START--
INFO: Run Behavior\ContentReplaceBehavior [ RunTime:0.000000s ]
INFO: [ template_filter ] --END-- [ RunTime:0.000000s ]
NOTIC: [8] Undefined variable: action C:\wamp\Apache2.2\www\lycms\Runtime\Cache\Admin\57e8ca2d1dc64bd7731808b29fe3cce3.php 第 16 行.
NOTIC: [8] Undefined index: menu C:\wamp\Apache2.2\www\lycms\Runtime\Cache\Admin\57e8ca2d1dc64bd7731808b29fe3cce3.php 第 64 行.
NOTIC: [8] Use of undefined constant Weixin - assumed 'Weixin' C:\wamp\Apache2.2\www\lycms\Runtime\Cache\Admin\57e8ca2d1dc64bd7731808b29fe3cce3.php 第 87 行.
NOTIC: [8] Use of undefined constant Qq - assumed 'Qq' C:\wamp\Apache2.2\www\lycms\Runtime\Cache\Admin\57e8ca2d1dc64bd7731808b29fe3cce3.php 第 92 行.
NOTIC: [8] Use of undefined constant Sina - assumed 'Sina' C:\wamp\Apache2.2\www\lycms\Runtime\Cache\Admin\57e8ca2d1dc64bd7731808b29fe3cce3.php 第 97 行.
NOTIC: [8] Use of undefined constant Renren - assumed 'Renren' C:\wamp\Apache2.2\www\lycms\Runtime\Cache\Admin\57e8ca2d1dc64bd7731808b29fe3cce3.php 第 102 行.
INFO: Run Behavior\ParseTemplateBehavior [ RunTime:0.013001s ]
INFO: [ view_parse ] --END-- [ RunTime:0.013001s ]
INFO: [ view_filter ] --START--
INFO: Run Behavior\WriteHtmlCacheBehavior [ RunTime:0.000000s ]
INFO: [ view_filter ] --END-- [ RunTime:0.000000s ]
INFO: [ app_end ] --START--
INFO: Run Behavior\ShowPageTraceBehavior [ RunTime:0.001000s ]
INFO: [ app_end ] --END-- [ RunTime:0.001000s ]

[ 2015-12-08T11:38:31+08:00 ] 127.0.0.1 /admin/addon/config/id/6.html
INFO: [ app_init ] --START--
INFO: Run Behavior\BuildLiteBehavior [ RunTime:0.000000s ]
INFO: [ app_init ] --END-- [ RunTime:0.001000s ]
INFO: [ app_begin ] --START--
INFO: Run Behavior\ReadHtmlCacheBehavior [ RunTime:0.001000s ]
INFO: Run Common\Behavior\InitConfigBehavior [ RunTime:0.001000s ]
INFO: [ app_begin ] --END-- [ RunTime:0.002000s ]
INFO: [ action_begin ] --START--
INFO: Run Common\Behavior\InitHookBehavior [ RunTime:0.003000s ]
INFO: [ action_begin ] --END-- [ RunTime:0.003000s ]
SQL: SHOW COLUMNS FROM `fz_admin` [ RunTime:0.0050s ]
SQL: SHOW COLUMNS FROM `fz_addon` [ RunTime:0.0050s ]
SQL: SELECT * FROM `fz_addon` WHERE `id` = 6 LIMIT 1   [ RunTime:0.0000s ]
INFO: [ view_parse ] --START--
INFO: [ template_filter ] --START--
INFO: Run Behavior\ContentReplaceBehavior [ RunTime:0.000000s ]
INFO: [ template_filter ] --END-- [ RunTime:0.000000s ]
NOTIC: [8] Undefined variable: action C:\wamp\Apache2.2\www\lycms\Runtime\Cache\Admin\57e8ca2d1dc64bd7731808b29fe3cce3.php 第 16 行.
NOTIC: [8] Undefined index: menu C:\wamp\Apache2.2\www\lycms\Runtime\Cache\Admin\57e8ca2d1dc64bd7731808b29fe3cce3.php 第 64 行.
NOTIC: [8] Use of undefined constant Weixin - assumed 'Weixin' C:\wamp\Apache2.2\www\lycms\Runtime\Cache\Admin\57e8ca2d1dc64bd7731808b29fe3cce3.php 第 87 行.
NOTIC: [8] Use of undefined constant Qq - assumed 'Qq' C:\wamp\Apache2.2\www\lycms\Runtime\Cache\Admin\57e8ca2d1dc64bd7731808b29fe3cce3.php 第 92 行.
NOTIC: [8] Use of undefined constant Sina - assumed 'Sina' C:\wamp\Apache2.2\www\lycms\Runtime\Cache\Admin\57e8ca2d1dc64bd7731808b29fe3cce3.php 第 97 行.
NOTIC: [8] Use of undefined constant Renren - assumed 'Renren' C:\wamp\Apache2.2\www\lycms\Runtime\Cache\Admin\57e8ca2d1dc64bd7731808b29fe3cce3.php 第 102 行.
INFO: Run Behavior\ParseTemplateBehavior [ RunTime:0.016001s ]
INFO: [ view_parse ] --END-- [ RunTime:0.016001s ]
INFO: [ view_filter ] --START--
INFO: Run Behavior\WriteHtmlCacheBehavior [ RunTime:0.001000s ]
INFO: [ view_filter ] --END-- [ RunTime:0.001000s ]
INFO: [ app_end ] --START--
INFO: Run Behavior\ShowPageTraceBehavior [ RunTime:0.001000s ]
INFO: [ app_end ] --END-- [ RunTime:0.001000s ]

[ 2015-12-08T11:40:55+08:00 ] 127.0.0.1 /admin/addon/config/id/6.html
INFO: [ app_init ] --START--
INFO: Run Behavior\BuildLiteBehavior [ RunTime:0.000000s ]
INFO: [ app_init ] --END-- [ RunTime:0.000000s ]
INFO: [ app_begin ] --START--
INFO: Run Behavior\ReadHtmlCacheBehavior [ RunTime:0.001000s ]
INFO: Run Common\Behavior\InitConfigBehavior [ RunTime:0.001000s ]
INFO: [ app_begin ] --END-- [ RunTime:0.002000s ]
INFO: [ action_begin ] --START--
INFO: Run Common\Behavior\InitHookBehavior [ RunTime:0.003000s ]
INFO: [ action_begin ] --END-- [ RunTime:0.003000s ]
SQL: SHOW COLUMNS FROM `fz_admin` [ RunTime:0.0040s ]
SQL: SHOW COLUMNS FROM `fz_addon` [ RunTime:0.0030s ]
SQL: SELECT * FROM `fz_addon` WHERE `id` = 6 LIMIT 1   [ RunTime:0.0000s ]
INFO: [ view_parse ] --START--
INFO: [ template_filter ] --START--
INFO: Run Behavior\ContentReplaceBehavior [ RunTime:0.000000s ]
INFO: [ template_filter ] --END-- [ RunTime:0.000000s ]
NOTIC: [8] Undefined variable: action C:\wamp\Apache2.2\www\lycms\Runtime\Cache\Admin\57e8ca2d1dc64bd7731808b29fe3cce3.php 第 16 行.
NOTIC: [8] Undefined index: menu C:\wamp\Apache2.2\www\lycms\Runtime\Cache\Admin\57e8ca2d1dc64bd7731808b29fe3cce3.php 第 64 行.
NOTIC: [8] Use of undefined constant Weixin - assumed 'Weixin' C:\wamp\Apache2.2\www\lycms\Runtime\Cache\Admin\57e8ca2d1dc64bd7731808b29fe3cce3.php 第 87 行.
NOTIC: [8] Use of undefined constant Qq - assumed 'Qq' C:\wamp\Apache2.2\www\lycms\Runtime\Cache\Admin\57e8ca2d1dc64bd7731808b29fe3cce3.php 第 92 行.
NOTIC: [8] Use of undefined constant Sina - assumed 'Sina' C:\wamp\Apache2.2\www\lycms\Runtime\Cache\Admin\57e8ca2d1dc64bd7731808b29fe3cce3.php 第 97 行.
NOTIC: [8] Use of undefined constant Renren - assumed 'Renren' C:\wamp\Apache2.2\www\lycms\Runtime\Cache\Admin\57e8ca2d1dc64bd7731808b29fe3cce3.php 第 102 行.
INFO: Run Behavior\ParseTemplateBehavior [ RunTime:0.013001s ]
INFO: [ view_parse ] --END-- [ RunTime:0.013001s ]
INFO: [ view_filter ] --START--
INFO: Run Behavior\WriteHtmlCacheBehavior [ RunTime:0.001000s ]
INFO: [ view_filter ] --END-- [ RunTime:0.001000s ]
INFO: [ app_end ] --START--
INFO: Run Behavior\ShowPageTraceBehavior [ RunTime:0.001000s ]
INFO: [ app_end ] --END-- [ RunTime:0.001000s ]

[ 2015-12-08T11:40:56+08:00 ] 127.0.0.1 /admin/addon/config/id/6.html
INFO: [ app_init ] --START--
INFO: Run Behavior\BuildLiteBehavior [ RunTime:0.000000s ]
INFO: [ app_init ] --END-- [ RunTime:0.000000s ]
INFO: [ app_begin ] --START--
INFO: Run Behavior\ReadHtmlCacheBehavior [ RunTime:0.002001s ]
INFO: Run Common\Behavior\InitConfigBehavior [ RunTime:0.002000s ]
INFO: [ app_begin ] --END-- [ RunTime:0.005001s ]
INFO: [ action_begin ] --START--
INFO: Run Common\Behavior\InitHookBehavior [ RunTime:0.003000s ]
INFO: [ action_begin ] --END-- [ RunTime:0.003000s ]
SQL: SHOW COLUMNS FROM `fz_admin` [ RunTime:0.0040s ]
SQL: SHOW COLUMNS FROM `fz_addon` [ RunTime:0.0030s ]
SQL: SELECT * FROM `fz_addon` WHERE `id` = 6 LIMIT 1   [ RunTime:0.0000s ]
INFO: [ view_parse ] --START--
INFO: [ template_filter ] --START--
INFO: Run Behavior\ContentReplaceBehavior [ RunTime:0.000000s ]
INFO: [ template_filter ] --END-- [ RunTime:0.000000s ]
NOTIC: [8] Undefined variable: action C:\wamp\Apache2.2\www\lycms\Runtime\Cache\Admin\57e8ca2d1dc64bd7731808b29fe3cce3.php 第 16 行.
NOTIC: [8] Undefined index: menu C:\wamp\Apache2.2\www\lycms\Runtime\Cache\Admin\57e8ca2d1dc64bd7731808b29fe3cce3.php 第 64 行.
NOTIC: [8] Use of undefined constant Weixin - assumed 'Weixin' C:\wamp\Apache2.2\www\lycms\Runtime\Cache\Admin\57e8ca2d1dc64bd7731808b29fe3cce3.php 第 87 行.
NOTIC: [8] Use of undefined constant Qq - assumed 'Qq' C:\wamp\Apache2.2\www\lycms\Runtime\Cache\Admin\57e8ca2d1dc64bd7731808b29fe3cce3.php 第 92 行.
NOTIC: [8] Use of undefined constant Sina - assumed 'Sina' C:\wamp\Apache2.2\www\lycms\Runtime\Cache\Admin\57e8ca2d1dc64bd7731808b29fe3cce3.php 第 97 行.
NOTIC: [8] Use of undefined constant Renren - assumed 'Renren' C:\wamp\Apache2.2\www\lycms\Runtime\Cache\Admin\57e8ca2d1dc64bd7731808b29fe3cce3.php 第 102 行.
INFO: Run Behavior\ParseTemplateBehavior [ RunTime:0.013001s ]
INFO: [ view_parse ] --END-- [ RunTime:0.013001s ]
INFO: [ view_filter ] --START--
INFO: Run Behavior\WriteHtmlCacheBehavior [ RunTime:0.001000s ]
INFO: [ view_filter ] --END-- [ RunTime:0.001000s ]
INFO: [ app_end ] --START--
INFO: Run Behavior\ShowPageTraceBehavior [ RunTime:0.001000s ]
INFO: [ app_end ] --END-- [ RunTime:0.001000s ]

[ 2015-12-08T11:40:56+08:00 ] 127.0.0.1 /admin/addon/config/id/6.html
INFO: [ app_init ] --START--
INFO: Run Behavior\BuildLiteBehavior [ RunTime:0.000000s ]
INFO: [ app_init ] --END-- [ RunTime:0.000000s ]
INFO: [ app_begin ] --START--
INFO: Run Behavior\ReadHtmlCacheBehavior [ RunTime:0.001000s ]
INFO: Run Common\Behavior\InitConfigBehavior [ RunTime:0.002000s ]
INFO: [ app_begin ] --END-- [ RunTime:0.003000s ]
INFO: [ action_begin ] --START--
INFO: Run Common\Behavior\InitHookBehavior [ RunTime:0.003000s ]
INFO: [ action_begin ] --END-- [ RunTime:0.004000s ]
SQL: SHOW COLUMNS FROM `fz_admin` [ RunTime:0.0040s ]
SQL: SHOW COLUMNS FROM `fz_addon` [ RunTime:0.0040s ]
SQL: SELECT * FROM `fz_addon` WHERE `id` = 6 LIMIT 1   [ RunTime:0.0000s ]
INFO: [ view_parse ] --START--
INFO: [ template_filter ] --START--
INFO: Run Behavior\ContentReplaceBehavior [ RunTime:0.000000s ]
INFO: [ template_filter ] --END-- [ RunTime:0.000000s ]
NOTIC: [8] Undefined variable: action C:\wamp\Apache2.2\www\lycms\Runtime\Cache\Admin\57e8ca2d1dc64bd7731808b29fe3cce3.php 第 16 行.
NOTIC: [8] Undefined index: menu C:\wamp\Apache2.2\www\lycms\Runtime\Cache\Admin\57e8ca2d1dc64bd7731808b29fe3cce3.php 第 64 行.
NOTIC: [8] Use of undefined constant Weixin - assumed 'Weixin' C:\wamp\Apache2.2\www\lycms\Runtime\Cache\Admin\57e8ca2d1dc64bd7731808b29fe3cce3.php 第 87 行.
NOTIC: [8] Use of undefined constant Qq - assumed 'Qq' C:\wamp\Apache2.2\www\lycms\Runtime\Cache\Admin\57e8ca2d1dc64bd7731808b29fe3cce3.php 第 92 行.
NOTIC: [8] Use of undefined constant Sina - assumed 'Sina' C:\wamp\Apache2.2\www\lycms\Runtime\Cache\Admin\57e8ca2d1dc64bd7731808b29fe3cce3.php 第 97 行.
NOTIC: [8] Use of undefined constant Renren - assumed 'Renren' C:\wamp\Apache2.2\www\lycms\Runtime\Cache\Admin\57e8ca2d1dc64bd7731808b29fe3cce3.php 第 102 行.
INFO: Run Behavior\ParseTemplateBehavior [ RunTime:0.013001s ]
INFO: [ view_parse ] --END-- [ RunTime:0.013001s ]
INFO: [ view_filter ] --START--
INFO: Run Behavior\WriteHtmlCacheBehavior [ RunTime:0.000000s ]
INFO: [ view_filter ] --END-- [ RunTime:0.000000s ]
INFO: [ app_end ] --START--
INFO: Run Behavior\ShowPageTraceBehavior [ RunTime:0.001000s ]
INFO: [ app_end ] --END-- [ RunTime:0.001000s ]

[ 2015-12-08T11:41:13+08:00 ] 127.0.0.1 /admin/addon/config/id/6.html
INFO: [ app_init ] --START--
INFO: Run Behavior\BuildLiteBehavior [ RunTime:0.000000s ]
INFO: [ app_init ] --END-- [ RunTime:0.000000s ]
INFO: [ app_begin ] --START--
INFO: Run Behavior\ReadHtmlCacheBehavior [ RunTime:0.000000s ]
INFO: Run Common\Behavior\InitConfigBehavior [ RunTime:0.002000s ]
INFO: [ app_begin ] --END-- [ RunTime:0.002000s ]
INFO: [ action_begin ] --START--
INFO: Run Common\Behavior\InitHookBehavior [ RunTime:0.002000s ]
INFO: [ action_begin ] --END-- [ RunTime:0.002000s ]
SQL: SHOW COLUMNS FROM `fz_admin` [ RunTime:0.0040s ]
SQL: SHOW COLUMNS FROM `fz_addon` [ RunTime:0.0040s ]
SQL: SELECT * FROM `fz_addon` WHERE `id` = 6 LIMIT 1   [ RunTime:0.0000s ]
INFO: [ view_parse ] --START--
INFO: [ template_filter ] --START--
INFO: Run Behavior\ContentReplaceBehavior [ RunTime:0.000000s ]
INFO: [ template_filter ] --END-- [ RunTime:0.000000s ]
NOTIC: [8] Undefined variable: action C:\wamp\Apache2.2\www\lycms\Runtime\Cache\Admin\57e8ca2d1dc64bd7731808b29fe3cce3.php 第 16 行.
NOTIC: [8] Undefined index: menu C:\wamp\Apache2.2\www\lycms\Runtime\Cache\Admin\57e8ca2d1dc64bd7731808b29fe3cce3.php 第 64 行.
NOTIC: [8] Use of undefined constant Weixin - assumed 'Weixin' C:\wamp\Apache2.2\www\lycms\Runtime\Cache\Admin\57e8ca2d1dc64bd7731808b29fe3cce3.php 第 87 行.
NOTIC: [8] Use of undefined constant Qq - assumed 'Qq' C:\wamp\Apache2.2\www\lycms\Runtime\Cache\Admin\57e8ca2d1dc64bd7731808b29fe3cce3.php 第 92 行.
NOTIC: [8] Use of undefined constant Sina - assumed 'Sina' C:\wamp\Apache2.2\www\lycms\Runtime\Cache\Admin\57e8ca2d1dc64bd7731808b29fe3cce3.php 第 97 行.
NOTIC: [8] Use of undefined constant Renren - assumed 'Renren' C:\wamp\Apache2.2\www\lycms\Runtime\Cache\Admin\57e8ca2d1dc64bd7731808b29fe3cce3.php 第 102 行.
INFO: Run Behavior\ParseTemplateBehavior [ RunTime:0.012001s ]
INFO: [ view_parse ] --END-- [ RunTime:0.012001s ]
INFO: [ view_filter ] --START--
INFO: Run Behavior\WriteHtmlCacheBehavior [ RunTime:0.001000s ]
INFO: [ view_filter ] --END-- [ RunTime:0.001000s ]
INFO: [ app_end ] --START--
INFO: Run Behavior\ShowPageTraceBehavior [ RunTime:0.001000s ]
INFO: [ app_end ] --END-- [ RunTime:0.001000s ]

[ 2015-12-08T11:41:15+08:00 ] 127.0.0.1 /admin/addon/config/id/6.html
INFO: [ app_init ] --START--
INFO: Run Behavior\BuildLiteBehavior [ RunTime:0.000000s ]
INFO: [ app_init ] --END-- [ RunTime:0.000000s ]
INFO: [ app_begin ] --START--
INFO: Run Behavior\ReadHtmlCacheBehavior [ RunTime:0.001000s ]
INFO: Run Common\Behavior\InitConfigBehavior [ RunTime:0.001000s ]
INFO: [ app_begin ] --END-- [ RunTime:0.002000s ]
INFO: [ action_begin ] --START--
INFO: Run Common\Behavior\InitHookBehavior [ RunTime:0.002001s ]
INFO: [ action_begin ] --END-- [ RunTime:0.002001s ]
SQL: SHOW COLUMNS FROM `fz_admin` [ RunTime:0.0040s ]
SQL: SHOW COLUMNS FROM `fz_addon` [ RunTime:0.0030s ]
SQL: SELECT * FROM `fz_addon` WHERE `id` = 6 LIMIT 1   [ RunTime:0.0000s ]
INFO: [ view_parse ] --START--
INFO: [ template_filter ] --START--
INFO: Run Behavior\ContentReplaceBehavior [ RunTime:0.000000s ]
INFO: [ template_filter ] --END-- [ RunTime:0.000000s ]
NOTIC: [8] Undefined variable: action C:\wamp\Apache2.2\www\lycms\Runtime\Cache\Admin\57e8ca2d1dc64bd7731808b29fe3cce3.php 第 16 行.
NOTIC: [8] Undefined index: menu C:\wamp\Apache2.2\www\lycms\Runtime\Cache\Admin\57e8ca2d1dc64bd7731808b29fe3cce3.php 第 64 行.
NOTIC: [8] Use of undefined constant Weixin - assumed 'Weixin' C:\wamp\Apache2.2\www\lycms\Runtime\Cache\Admin\57e8ca2d1dc64bd7731808b29fe3cce3.php 第 87 行.
NOTIC: [8] Use of undefined constant Qq - assumed 'Qq' C:\wamp\Apache2.2\www\lycms\Runtime\Cache\Admin\57e8ca2d1dc64bd7731808b29fe3cce3.php 第 92 行.
NOTIC: [8] Use of undefined constant Sina - assumed 'Sina' C:\wamp\Apache2.2\www\lycms\Runtime\Cache\Admin\57e8ca2d1dc64bd7731808b29fe3cce3.php 第 97 行.
NOTIC: [8] Use of undefined constant Renren - assumed 'Renren' C:\wamp\Apache2.2\www\lycms\Runtime\Cache\Admin\57e8ca2d1dc64bd7731808b29fe3cce3.php 第 102 行.
INFO: Run Behavior\ParseTemplateBehavior [ RunTime:0.012001s ]
INFO: [ view_parse ] --END-- [ RunTime:0.012001s ]
INFO: [ view_filter ] --START--
INFO: Run Behavior\WriteHtmlCacheBehavior [ RunTime:0.000000s ]
INFO: [ view_filter ] --END-- [ RunTime:0.000000s ]
INFO: [ app_end ] --START--
INFO: Run Behavior\ShowPageTraceBehavior [ RunTime:0.001000s ]
INFO: [ app_end ] --END-- [ RunTime:0.001000s ]

[ 2015-12-08T14:15:38+08:00 ] 127.0.0.1 /admin/addon/config/id/6.html
INFO: [ app_init ] --START--
INFO: Run Behavior\BuildLiteBehavior [ RunTime:0.000000s ]
INFO: [ app_init ] --END-- [ RunTime:0.000000s ]
INFO: [ app_begin ] --START--
INFO: Run Behavior\ReadHtmlCacheBehavior [ RunTime:0.001000s ]
INFO: Run Common\Behavior\InitConfigBehavior [ RunTime:0.002000s ]
INFO: [ app_begin ] --END-- [ RunTime:0.003000s ]
INFO: [ action_begin ] --START--
INFO: Run Common\Behavior\InitHookBehavior [ RunTime:0.002000s ]
INFO: [ action_begin ] --END-- [ RunTime:0.002000s ]
SQL: SHOW COLUMNS FROM `fz_admin` [ RunTime:0.0050s ]
SQL: SHOW COLUMNS FROM `fz_addon` [ RunTime:0.0050s ]
SQL: SELECT * FROM `fz_addon` WHERE `id` = 6 LIMIT 1   [ RunTime:0.0000s ]
INFO: [ view_parse ] --START--
INFO: [ template_filter ] --START--
INFO: Run Behavior\ContentReplaceBehavior [ RunTime:0.000000s ]
INFO: [ template_filter ] --END-- [ RunTime:0.000000s ]
NOTIC: [8] Undefined variable: action C:\wamp\Apache2.2\www\lycms\Runtime\Cache\Admin\57e8ca2d1dc64bd7731808b29fe3cce3.php 第 16 行.
NOTIC: [8] Undefined index: menu C:\wamp\Apache2.2\www\lycms\Runtime\Cache\Admin\57e8ca2d1dc64bd7731808b29fe3cce3.php 第 64 行.
NOTIC: [8] Use of undefined constant Weixin - assumed 'Weixin' C:\wamp\Apache2.2\www\lycms\Runtime\Cache\Admin\57e8ca2d1dc64bd7731808b29fe3cce3.php 第 87 行.
NOTIC: [8] Use of undefined constant Qq - assumed 'Qq' C:\wamp\Apache2.2\www\lycms\Runtime\Cache\Admin\57e8ca2d1dc64bd7731808b29fe3cce3.php 第 92 行.
NOTIC: [8] Use of undefined constant Sina - assumed 'Sina' C:\wamp\Apache2.2\www\lycms\Runtime\Cache\Admin\57e8ca2d1dc64bd7731808b29fe3cce3.php 第 97 行.
NOTIC: [8] Use of undefined constant Renren - assumed 'Renren' C:\wamp\Apache2.2\www\lycms\Runtime\Cache\Admin\57e8ca2d1dc64bd7731808b29fe3cce3.php 第 102 行.
INFO: Run Behavior\ParseTemplateBehavior [ RunTime:0.013001s ]
INFO: [ view_parse ] --END-- [ RunTime:0.013001s ]
INFO: [ view_filter ] --START--
INFO: Run Behavior\WriteHtmlCacheBehavior [ RunTime:0.001000s ]
INFO: [ view_filter ] --END-- [ RunTime:0.001000s ]
INFO: [ app_end ] --START--
INFO: Run Behavior\ShowPageTraceBehavior [ RunTime:0.001000s ]
INFO: [ app_end ] --END-- [ RunTime:0.001000s ]

[ 2015-12-08T14:15:38+08:00 ] 127.0.0.1 /admin/addon/config/id/6.html
INFO: [ app_init ] --START--
INFO: Run Behavior\BuildLiteBehavior [ RunTime:0.000000s ]
INFO: [ app_init ] --END-- [ RunTime:0.000000s ]
INFO: [ app_begin ] --START--
INFO: Run Behavior\ReadHtmlCacheBehavior [ RunTime:0.001000s ]
INFO: Run Common\Behavior\InitConfigBehavior [ RunTime:0.001000s ]
INFO: [ app_begin ] --END-- [ RunTime:0.002000s ]
INFO: [ action_begin ] --START--
INFO: Run Common\Behavior\InitHookBehavior [ RunTime:0.003000s ]
INFO: [ action_begin ] --END-- [ RunTime:0.003000s ]
SQL: SHOW COLUMNS FROM `fz_admin` [ RunTime:0.0030s ]
SQL: SHOW COLUMNS FROM `fz_addon` [ RunTime:0.0040s ]
SQL: SELECT * FROM `fz_addon` WHERE `id` = 6 LIMIT 1   [ RunTime:0.0000s ]
INFO: [ view_parse ] --START--
INFO: [ template_filter ] --START--
INFO: Run Behavior\ContentReplaceBehavior [ RunTime:0.000000s ]
INFO: [ template_filter ] --END-- [ RunTime:0.000000s ]
NOTIC: [8] Undefined variable: action C:\wamp\Apache2.2\www\lycms\Runtime\Cache\Admin\57e8ca2d1dc64bd7731808b29fe3cce3.php 第 16 行.
NOTIC: [8] Undefined index: menu C:\wamp\Apache2.2\www\lycms\Runtime\Cache\Admin\57e8ca2d1dc64bd7731808b29fe3cce3.php 第 64 行.
NOTIC: [8] Use of undefined constant Weixin - assumed 'Weixin' C:\wamp\Apache2.2\www\lycms\Runtime\Cache\Admin\57e8ca2d1dc64bd7731808b29fe3cce3.php 第 87 行.
NOTIC: [8] Use of undefined constant Qq - assumed 'Qq' C:\wamp\Apache2.2\www\lycms\Runtime\Cache\Admin\57e8ca2d1dc64bd7731808b29fe3cce3.php 第 92 行.
NOTIC: [8] Use of undefined constant Sina - assumed 'Sina' C:\wamp\Apache2.2\www\lycms\Runtime\Cache\Admin\57e8ca2d1dc64bd7731808b29fe3cce3.php 第 97 行.
NOTIC: [8] Use of undefined constant Renren - assumed 'Renren' C:\wamp\Apache2.2\www\lycms\Runtime\Cache\Admin\57e8ca2d1dc64bd7731808b29fe3cce3.php 第 102 行.
INFO: Run Behavior\ParseTemplateBehavior [ RunTime:0.013001s ]
INFO: [ view_parse ] --END-- [ RunTime:0.013001s ]
INFO: [ view_filter ] --START--
INFO: Run Behavior\WriteHtmlCacheBehavior [ RunTime:0.000000s ]
INFO: [ view_filter ] --END-- [ RunTime:0.000000s ]
INFO: [ app_end ] --START--
INFO: Run Behavior\ShowPageTraceBehavior [ RunTime:0.001000s ]
INFO: [ app_end ] --END-- [ RunTime:0.001000s ]

[ 2015-12-08T14:15:38+08:00 ] 127.0.0.1 /admin/addon/config/id/6.html
INFO: [ app_init ] --START--
INFO: Run Behavior\BuildLiteBehavior [ RunTime:0.000000s ]
INFO: [ app_init ] --END-- [ RunTime:0.000000s ]
INFO: [ app_begin ] --START--
INFO: Run Behavior\ReadHtmlCacheBehavior [ RunTime:0.000000s ]
INFO: Run Common\Behavior\InitConfigBehavior [ RunTime:0.002000s ]
INFO: [ app_begin ] --END-- [ RunTime:0.002000s ]
INFO: [ action_begin ] --START--
INFO: Run Common\Behavior\InitHookBehavior [ RunTime:0.003001s ]
INFO: [ action_begin ] --END-- [ RunTime:0.003001s ]
SQL: SHOW COLUMNS FROM `fz_admin` [ RunTime:0.0040s ]
SQL: SHOW COLUMNS FROM `fz_addon` [ RunTime:0.0040s ]
SQL: SELECT * FROM `fz_addon` WHERE `id` = 6 LIMIT 1   [ RunTime:0.0000s ]
INFO: [ view_parse ] --START--
INFO: [ template_filter ] --START--
INFO: Run Behavior\ContentReplaceBehavior [ RunTime:0.000000s ]
INFO: [ template_filter ] --END-- [ RunTime:0.000000s ]
NOTIC: [8] Undefined variable: action C:\wamp\Apache2.2\www\lycms\Runtime\Cache\Admin\57e8ca2d1dc64bd7731808b29fe3cce3.php 第 16 行.
NOTIC: [8] Undefined index: menu C:\wamp\Apache2.2\www\lycms\Runtime\Cache\Admin\57e8ca2d1dc64bd7731808b29fe3cce3.php 第 64 行.
NOTIC: [8] Use of undefined constant Weixin - assumed 'Weixin' C:\wamp\Apache2.2\www\lycms\Runtime\Cache\Admin\57e8ca2d1dc64bd7731808b29fe3cce3.php 第 87 行.
NOTIC: [8] Use of undefined constant Qq - assumed 'Qq' C:\wamp\Apache2.2\www\lycms\Runtime\Cache\Admin\57e8ca2d1dc64bd7731808b29fe3cce3.php 第 92 行.
NOTIC: [8] Use of undefined constant Sina - assumed 'Sina' C:\wamp\Apache2.2\www\lycms\Runtime\Cache\Admin\57e8ca2d1dc64bd7731808b29fe3cce3.php 第 97 行.
NOTIC: [8] Use of undefined constant Renren - assumed 'Renren' C:\wamp\Apache2.2\www\lycms\Runtime\Cache\Admin\57e8ca2d1dc64bd7731808b29fe3cce3.php 第 102 行.
INFO: Run Behavior\ParseTemplateBehavior [ RunTime:0.012001s ]
INFO: [ view_parse ] --END-- [ RunTime:0.012001s ]
INFO: [ view_filter ] --START--
INFO: Run Behavior\WriteHtmlCacheBehavior [ RunTime:0.001000s ]
INFO: [ view_filter ] --END-- [ RunTime:0.001000s ]
INFO: [ app_end ] --START--
INFO: Run Behavior\ShowPageTraceBehavior [ RunTime:0.001000s ]
INFO: [ app_end ] --END-- [ RunTime:0.001000s ]

